{'lr': 0.007, 'lr2': 0.01, 'num_heads': [8], 'hidden_units': 8, 'dropout': 0.7, 'weight_decay': 0.003, 'weight_decay2': 0.001, 'num_epochs': 20, 'num_epochs1': 149, 'patience': 100}
Created directory results\ACM_2022-09-27_13-53-50
dataset loaded
{'dataset': 'ACM',
 'test': 0.7024793388429752,
 'train': 0.19834710743801653,
 'val': 0.09917355371900827}
bbbbb
F:\anaconda\Anaconda2\lib\site-packages\sklearn\metrics\_classification.py:1245: UndefinedMetricWarning: Precision and F-score are ill-defined and being set to 0.0 in labels with no predicted samples. Use `zero_division` parameter to control this behavior.
  _warn_prf(average, modifier, msg_start, len(result))
F:\anaconda\Anaconda2\lib\site-packages\sklearn\metrics\_classification.py:1245: UndefinedMetricWarning: Precision and F-score are ill-defined and being set to 0.0 in labels with no predicted samples. Use `zero_division` parameter to control this behavior.
  _warn_prf(average, modifier, msg_start, len(result))
F:\anaconda\Anaconda2\lib\site-packages\sklearn\metrics\_classification.py:1245: UndefinedMetricWarning: Precision and F-score are ill-defined and being set to 0.0 in labels with no predicted samples. Use `zero_division` parameter to control this behavior.
  _warn_prf(average, modifier, msg_start, len(result))
Epoch 1 | Train Loss 1.1280 | Train Micro f1 0.2917 | Train Macro f1 0.2889 | Val Loss 0.9896 | Val Micro f1 0.6433 | Val Macro f1 0.5378
Epoch 2 | Train Loss 0.9746 | Train Micro f1 0.6417 | Train Macro f1 0.5285 | Val Loss 0.7646 | Val Micro f1 0.6733 | Val Macro f1 0.5952
Epoch 3 | Train Loss 0.7800 | Train Micro f1 0.6867 | Train Macro f1 0.6317 | Val Loss 0.5567 | Val Micro f1 0.9500 | Val Macro f1 0.9502
Epoch 4 | Train Loss 0.5667 | Train Micro f1 0.9300 | Train Macro f1 0.9297 | Val Loss 0.4245 | Val Micro f1 0.9333 | Val Macro f1 0.9330
Epoch 5 | Train Loss 0.4440 | Train Micro f1 0.9267 | Train Macro f1 0.9260 | Val Loss 0.3015 | Val Micro f1 0.9500 | Val Macro f1 0.9502
Epoch 6 | Train Loss 0.3134 | Train Micro f1 0.9483 | Train Macro f1 0.9485 | Val Loss 0.2366 | Val Micro f1 0.9533 | Val Macro f1 0.9536
Epoch 7 | Train Loss 0.2600 | Train Micro f1 0.9433 | Train Macro f1 0.9433 | Val Loss 0.1890 | Val Micro f1 0.9533 | Val Macro f1 0.9536
Epoch 8 | Train Loss 0.1970 | Train Micro f1 0.9617 | Train Macro f1 0.9618 | Val Loss 0.1466 | Val Micro f1 0.9533 | Val Macro f1 0.9536
Epoch 9 | Train Loss 0.1637 | Train Micro f1 0.9567 | Train Macro f1 0.9568 | Val Loss 0.1289 | Val Micro f1 0.9600 | Val Macro f1 0.9601
Epoch 10 | Train Loss 0.1598 | Train Micro f1 0.9600 | Train Macro f1 0.9601 | Val Loss 0.1143 | Val Micro f1 0.9600 | Val Macro f1 0.9602
Epoch 11 | Train Loss 0.1418 | Train Micro f1 0.9567 | Train Macro f1 0.9567 | Val Loss 0.1081 | Val Micro f1 0.9700 | Val Macro f1 0.9701
Epoch 12 | Train Loss 0.1140 | Train Micro f1 0.9583 | Train Macro f1 0.9581 | Val Loss 0.0932 | Val Micro f1 0.9733 | Val Macro f1 0.9734
Epoch 13 | Train Loss 0.1065 | Train Micro f1 0.9633 | Train Macro f1 0.9634 | Val Loss 0.0884 | Val Micro f1 0.9667 | Val Macro f1 0.9668
EarlyStopping counter: {self.counter} out of {self.patience}
Epoch 14 | Train Loss 0.1113 | Train Micro f1 0.9650 | Train Macro f1 0.9650 | Val Loss 0.0885 | Val Micro f1 0.9633 | Val Macro f1 0.9635
Epoch 15 | Train Loss 0.1323 | Train Micro f1 0.9533 | Train Macro f1 0.9535 | Val Loss 0.0801 | Val Micro f1 0.9667 | Val Macro f1 0.9667
Epoch 16 | Train Loss 0.0988 | Train Micro f1 0.9667 | Train Macro f1 0.9666 | Val Loss 0.0835 | Val Micro f1 0.9767 | Val Macro f1 0.9767
EarlyStopping counter: {self.counter} out of {self.patience}
Epoch 17 | Train Loss 0.0730 | Train Micro f1 0.9733 | Train Macro f1 0.9732 | Val Loss 0.0943 | Val Micro f1 0.9733 | Val Macro f1 0.9734
EarlyStopping counter: {self.counter} out of {self.patience}
Epoch 18 | Train Loss 0.0726 | Train Micro f1 0.9767 | Train Macro f1 0.9766 | Val Loss 0.1000 | Val Micro f1 0.9700 | Val Macro f1 0.9701
EarlyStopping counter: {self.counter} out of {self.patience}
Epoch 19 | Train Loss 0.0810 | Train Micro f1 0.9767 | Train Macro f1 0.9767 | Val Loss 0.0961 | Val Micro f1 0.9700 | Val Macro f1 0.9701
EarlyStopping counter: {self.counter} out of {self.patience}
Epoch 20 | Train Loss 0.0610 | Train Micro f1 0.9817 | Train Macro f1 0.9817 | Val Loss 0.0936 | Val Micro f1 0.9700 | Val Macro f1 0.9700
EarlyStopping counter: {self.counter} out of {self.patience}
Epoch 21 | Train Loss 0.0552 | Train Micro f1 0.9850 | Train Macro f1 0.9850 | Val Loss 0.0937 | Val Micro f1 0.9700 | Val Macro f1 0.9700
EarlyStopping counter: {self.counter} out of {self.patience}
Epoch 22 | Train Loss 0.0535 | Train Micro f1 0.9817 | Train Macro f1 0.9817 | Val Loss 0.0977 | Val Micro f1 0.9700 | Val Macro f1 0.9700
EarlyStopping counter: {self.counter} out of {self.patience}
Epoch 23 | Train Loss 0.0559 | Train Micro f1 0.9833 | Train Macro f1 0.9833 | Val Loss 0.0943 | Val Micro f1 0.9700 | Val Macro f1 0.9700
EarlyStopping counter: {self.counter} out of {self.patience}
Epoch 24 | Train Loss 0.0637 | Train Micro f1 0.9783 | Train Macro f1 0.9784 | Val Loss 0.0845 | Val Micro f1 0.9733 | Val Macro f1 0.9734
Epoch 25 | Train Loss 0.0562 | Train Micro f1 0.9800 | Train Macro f1 0.9800 | Val Loss 0.0805 | Val Micro f1 0.9800 | Val Macro f1 0.9801
Epoch 26 | Train Loss 0.0550 | Train Micro f1 0.9750 | Train Macro f1 0.9749 | Val Loss 0.0837 | Val Micro f1 0.9800 | Val Macro f1 0.9801
EarlyStopping counter: {self.counter} out of {self.patience}
Epoch 27 | Train Loss 0.0551 | Train Micro f1 0.9867 | Train Macro f1 0.9867 | Val Loss 0.0957 | Val Micro f1 0.9700 | Val Macro f1 0.9701
EarlyStopping counter: {self.counter} out of {self.patience}
Epoch 28 | Train Loss 0.0514 | Train Micro f1 0.9833 | Train Macro f1 0.9833 | Val Loss 0.1002 | Val Micro f1 0.9700 | Val Macro f1 0.9701
EarlyStopping counter: {self.counter} out of {self.patience}
Epoch 29 | Train Loss 0.0577 | Train Micro f1 0.9767 | Train Macro f1 0.9766 | Val Loss 0.0907 | Val Micro f1 0.9733 | Val Macro f1 0.9734
EarlyStopping counter: {self.counter} out of {self.patience}
Epoch 30 | Train Loss 0.0499 | Train Micro f1 0.9850 | Train Macro f1 0.9850 | Val Loss 0.0814 | Val Micro f1 0.9767 | Val Macro f1 0.9767
EarlyStopping counter: {self.counter} out of {self.patience}
Epoch 31 | Train Loss 0.0693 | Train Micro f1 0.9800 | Train Macro f1 0.9800 | Val Loss 0.0829 | Val Micro f1 0.9733 | Val Macro f1 0.9733
EarlyStopping counter: {self.counter} out of {self.patience}
Epoch 32 | Train Loss 0.0520 | Train Micro f1 0.9867 | Train Macro f1 0.9866 | Val Loss 0.0914 | Val Micro f1 0.9667 | Val Macro f1 0.9667
EarlyStopping counter: {self.counter} out of {self.patience}
Epoch 33 | Train Loss 0.0554 | Train Micro f1 0.9850 | Train Macro f1 0.9850 | Val Loss 0.1076 | Val Micro f1 0.9567 | Val Macro f1 0.9567
EarlyStopping counter: {self.counter} out of {self.patience}
Epoch 34 | Train Loss 0.0546 | Train Micro f1 0.9867 | Train Macro f1 0.9867 | Val Loss 0.0988 | Val Micro f1 0.9667 | Val Macro f1 0.9667
EarlyStopping counter: {self.counter} out of {self.patience}
Epoch 35 | Train Loss 0.0461 | Train Micro f1 0.9900 | Train Macro f1 0.9900 | Val Loss 0.0868 | Val Micro f1 0.9700 | Val Macro f1 0.9700
EarlyStopping counter: {self.counter} out of {self.patience}
Epoch 36 | Train Loss 0.0557 | Train Micro f1 0.9850 | Train Macro f1 0.9850 | Val Loss 0.0818 | Val Micro f1 0.9767 | Val Macro f1 0.9767
Epoch 37 | Train Loss 0.0502 | Train Micro f1 0.9900 | Train Macro f1 0.9900 | Val Loss 0.0816 | Val Micro f1 0.9800 | Val Macro f1 0.9800
EarlyStopping counter: {self.counter} out of {self.patience}
Epoch 38 | Train Loss 0.0408 | Train Micro f1 0.9883 | Train Macro f1 0.9883 | Val Loss 0.0874 | Val Micro f1 0.9767 | Val Macro f1 0.9767
EarlyStopping counter: {self.counter} out of {self.patience}
Epoch 39 | Train Loss 0.0433 | Train Micro f1 0.9883 | Train Macro f1 0.9883 | Val Loss 0.0928 | Val Micro f1 0.9700 | Val Macro f1 0.9701
Epoch 40 | Train Loss 0.0574 | Train Micro f1 0.9817 | Train Macro f1 0.9816 | Val Loss 0.0908 | Val Micro f1 0.9800 | Val Macro f1 0.9801
EarlyStopping counter: {self.counter} out of {self.patience}
Epoch 41 | Train Loss 0.0363 | Train Micro f1 0.9917 | Train Macro f1 0.9917 | Val Loss 0.0886 | Val Micro f1 0.9733 | Val Macro f1 0.9733
EarlyStopping counter: {self.counter} out of {self.patience}
Epoch 42 | Train Loss 0.0493 | Train Micro f1 0.9900 | Train Macro f1 0.9900 | Val Loss 0.0933 | Val Micro f1 0.9700 | Val Macro f1 0.9700
EarlyStopping counter: {self.counter} out of {self.patience}
Epoch 43 | Train Loss 0.0465 | Train Micro f1 0.9833 | Train Macro f1 0.9833 | Val Loss 0.1110 | Val Micro f1 0.9600 | Val Macro f1 0.9600
EarlyStopping counter: {self.counter} out of {self.patience}
Epoch 44 | Train Loss 0.0646 | Train Micro f1 0.9850 | Train Macro f1 0.9850 | Val Loss 0.1205 | Val Micro f1 0.9600 | Val Macro f1 0.9601
EarlyStopping counter: {self.counter} out of {self.patience}
Epoch 45 | Train Loss 0.0457 | Train Micro f1 0.9850 | Train Macro f1 0.9850 | Val Loss 0.0994 | Val Micro f1 0.9667 | Val Macro f1 0.9668
EarlyStopping counter: {self.counter} out of {self.patience}
Epoch 46 | Train Loss 0.0425 | Train Micro f1 0.9917 | Train Macro f1 0.9917 | Val Loss 0.0856 | Val Micro f1 0.9733 | Val Macro f1 0.9734
EarlyStopping counter: {self.counter} out of {self.patience}
Epoch 47 | Train Loss 0.0510 | Train Micro f1 0.9883 | Train Macro f1 0.9883 | Val Loss 0.0852 | Val Micro f1 0.9700 | Val Macro f1 0.9700
EarlyStopping counter: {self.counter} out of {self.patience}
Epoch 48 | Train Loss 0.0494 | Train Micro f1 0.9917 | Train Macro f1 0.9917 | Val Loss 0.0878 | Val Micro f1 0.9700 | Val Macro f1 0.9700
EarlyStopping counter: {self.counter} out of {self.patience}
Epoch 49 | Train Loss 0.0512 | Train Micro f1 0.9850 | Train Macro f1 0.9850 | Val Loss 0.1157 | Val Micro f1 0.9600 | Val Macro f1 0.9601
EarlyStopping counter: {self.counter} out of {self.patience}
Epoch 50 | Train Loss 0.0552 | Train Micro f1 0.9817 | Train Macro f1 0.9817 | Val Loss 0.1187 | Val Micro f1 0.9533 | Val Macro f1 0.9535
EarlyStopping counter: {self.counter} out of {self.patience}
Epoch 51 | Train Loss 0.0539 | Train Micro f1 0.9833 | Train Macro f1 0.9834 | Val Loss 0.0929 | Val Micro f1 0.9700 | Val Macro f1 0.9700
EarlyStopping counter: {self.counter} out of {self.patience}
Epoch 52 | Train Loss 0.0378 | Train Micro f1 0.9950 | Train Macro f1 0.9950 | Val Loss 0.0977 | Val Micro f1 0.9633 | Val Macro f1 0.9634
EarlyStopping counter: {self.counter} out of {self.patience}
Epoch 53 | Train Loss 0.0682 | Train Micro f1 0.9850 | Train Macro f1 0.9850 | Val Loss 0.0913 | Val Micro f1 0.9767 | Val Macro f1 0.9767
EarlyStopping counter: {self.counter} out of {self.patience}
Epoch 54 | Train Loss 0.0624 | Train Micro f1 0.9783 | Train Macro f1 0.9783 | Val Loss 0.1091 | Val Micro f1 0.9633 | Val Macro f1 0.9634
EarlyStopping counter: {self.counter} out of {self.patience}
Epoch 55 | Train Loss 0.0473 | Train Micro f1 0.9867 | Train Macro f1 0.9866 | Val Loss 0.1108 | Val Micro f1 0.9633 | Val Macro f1 0.9634
EarlyStopping counter: {self.counter} out of {self.patience}
Epoch 56 | Train Loss 0.0409 | Train Micro f1 0.9850 | Train Macro f1 0.9850 | Val Loss 0.0962 | Val Micro f1 0.9700 | Val Macro f1 0.9700
EarlyStopping counter: {self.counter} out of {self.patience}
Epoch 57 | Train Loss 0.0488 | Train Micro f1 0.9800 | Train Macro f1 0.9799 | Val Loss 0.1007 | Val Micro f1 0.9600 | Val Macro f1 0.9601
EarlyStopping counter: {self.counter} out of {self.patience}
Epoch 58 | Train Loss 0.0660 | Train Micro f1 0.9850 | Train Macro f1 0.9850 | Val Loss 0.0985 | Val Micro f1 0.9633 | Val Macro f1 0.9634
EarlyStopping counter: {self.counter} out of {self.patience}
Epoch 59 | Train Loss 0.0642 | Train Micro f1 0.9833 | Train Macro f1 0.9834 | Val Loss 0.1037 | Val Micro f1 0.9600 | Val Macro f1 0.9601
EarlyStopping counter: {self.counter} out of {self.patience}
Epoch 60 | Train Loss 0.0298 | Train Micro f1 0.9917 | Train Macro f1 0.9917 | Val Loss 0.1469 | Val Micro f1 0.9567 | Val Macro f1 0.9567
EarlyStopping counter: {self.counter} out of {self.patience}
Epoch 61 | Train Loss 0.0784 | Train Micro f1 0.9733 | Train Macro f1 0.9732 | Val Loss 0.0932 | Val Micro f1 0.9700 | Val Macro f1 0.9700
EarlyStopping counter: {self.counter} out of {self.patience}
Epoch 62 | Train Loss 0.0573 | Train Micro f1 0.9833 | Train Macro f1 0.9833 | Val Loss 0.1060 | Val Micro f1 0.9633 | Val Macro f1 0.9634
EarlyStopping counter: {self.counter} out of {self.patience}
Epoch 63 | Train Loss 0.0801 | Train Micro f1 0.9717 | Train Macro f1 0.9718 | Val Loss 0.0971 | Val Micro f1 0.9600 | Val Macro f1 0.9601
EarlyStopping counter: {self.counter} out of {self.patience}
Epoch 64 | Train Loss 0.0513 | Train Micro f1 0.9850 | Train Macro f1 0.9850 | Val Loss 0.1010 | Val Micro f1 0.9600 | Val Macro f1 0.9601
EarlyStopping counter: {self.counter} out of {self.patience}
Epoch 65 | Train Loss 0.0505 | Train Micro f1 0.9867 | Train Macro f1 0.9867 | Val Loss 0.1513 | Val Micro f1 0.9567 | Val Macro f1 0.9569
EarlyStopping counter: {self.counter} out of {self.patience}
Epoch 66 | Train Loss 0.0528 | Train Micro f1 0.9783 | Train Macro f1 0.9783 | Val Loss 0.1442 | Val Micro f1 0.9600 | Val Macro f1 0.9601
EarlyStopping counter: {self.counter} out of {self.patience}
Epoch 67 | Train Loss 0.0745 | Train Micro f1 0.9783 | Train Macro f1 0.9784 | Val Loss 0.0853 | Val Micro f1 0.9700 | Val Macro f1 0.9700
EarlyStopping counter: {self.counter} out of {self.patience}
Epoch 68 | Train Loss 0.0414 | Train Micro f1 0.9817 | Train Macro f1 0.9817 | Val Loss 0.1066 | Val Micro f1 0.9633 | Val Macro f1 0.9633
EarlyStopping counter: {self.counter} out of {self.patience}
Epoch 69 | Train Loss 0.0497 | Train Micro f1 0.9817 | Train Macro f1 0.9817 | Val Loss 0.0891 | Val Micro f1 0.9733 | Val Macro f1 0.9733
EarlyStopping counter: {self.counter} out of {self.patience}
Epoch 70 | Train Loss 0.0461 | Train Micro f1 0.9883 | Train Macro f1 0.9883 | Val Loss 0.0863 | Val Micro f1 0.9700 | Val Macro f1 0.9700
EarlyStopping counter: {self.counter} out of {self.patience}
Epoch 71 | Train Loss 0.0360 | Train Micro f1 0.9933 | Train Macro f1 0.9933 | Val Loss 0.0994 | Val Micro f1 0.9633 | Val Macro f1 0.9634
EarlyStopping counter: {self.counter} out of {self.patience}
Epoch 72 | Train Loss 0.0328 | Train Micro f1 0.9933 | Train Macro f1 0.9933 | Val Loss 0.0919 | Val Micro f1 0.9700 | Val Macro f1 0.9700
Epoch 73 | Train Loss 0.0384 | Train Micro f1 0.9850 | Train Macro f1 0.9850 | Val Loss 0.0788 | Val Micro f1 0.9733 | Val Macro f1 0.9733
Epoch 74 | Train Loss 0.0387 | Train Micro f1 0.9883 | Train Macro f1 0.9883 | Val Loss 0.0786 | Val Micro f1 0.9733 | Val Macro f1 0.9733
Epoch 75 | Train Loss 0.0403 | Train Micro f1 0.9900 | Train Macro f1 0.9900 | Val Loss 0.0750 | Val Micro f1 0.9733 | Val Macro f1 0.9733
Epoch 76 | Train Loss 0.0430 | Train Micro f1 0.9917 | Train Macro f1 0.9917 | Val Loss 0.0761 | Val Micro f1 0.9800 | Val Macro f1 0.9800
EarlyStopping counter: {self.counter} out of {self.patience}
Epoch 77 | Train Loss 0.0329 | Train Micro f1 0.9900 | Train Macro f1 0.9900 | Val Loss 0.0977 | Val Micro f1 0.9600 | Val Macro f1 0.9599
EarlyStopping counter: {self.counter} out of {self.patience}
Epoch 78 | Train Loss 0.0629 | Train Micro f1 0.9800 | Train Macro f1 0.9799 | Val Loss 0.0950 | Val Micro f1 0.9700 | Val Macro f1 0.9701
EarlyStopping counter: {self.counter} out of {self.patience}
Epoch 79 | Train Loss 0.0448 | Train Micro f1 0.9883 | Train Macro f1 0.9883 | Val Loss 0.0845 | Val Micro f1 0.9633 | Val Macro f1 0.9634
EarlyStopping counter: {self.counter} out of {self.patience}
Epoch 80 | Train Loss 0.0387 | Train Micro f1 0.9883 | Train Macro f1 0.9883 | Val Loss 0.0941 | Val Micro f1 0.9567 | Val Macro f1 0.9568
EarlyStopping counter: {self.counter} out of {self.patience}
Epoch 81 | Train Loss 0.0312 | Train Micro f1 0.9917 | Train Macro f1 0.9917 | Val Loss 0.0898 | Val Micro f1 0.9633 | Val Macro f1 0.9635
Epoch 82 | Train Loss 0.0371 | Train Micro f1 0.9900 | Train Macro f1 0.9900 | Val Loss 0.0691 | Val Micro f1 0.9767 | Val Macro f1 0.9766
Epoch 83 | Train Loss 0.0391 | Train Micro f1 0.9917 | Train Macro f1 0.9917 | Val Loss 0.0686 | Val Micro f1 0.9800 | Val Macro f1 0.9800
EarlyStopping counter: {self.counter} out of {self.patience}
Epoch 84 | Train Loss 0.0309 | Train Micro f1 0.9917 | Train Macro f1 0.9917 | Val Loss 0.0692 | Val Micro f1 0.9767 | Val Macro f1 0.9767
EarlyStopping counter: {self.counter} out of {self.patience}
Epoch 85 | Train Loss 0.0385 | Train Micro f1 0.9867 | Train Macro f1 0.9866 | Val Loss 0.0808 | Val Micro f1 0.9667 | Val Macro f1 0.9667
EarlyStopping counter: {self.counter} out of {self.patience}
Epoch 86 | Train Loss 0.0356 | Train Micro f1 0.9883 | Train Macro f1 0.9883 | Val Loss 0.1013 | Val Micro f1 0.9567 | Val Macro f1 0.9569
EarlyStopping counter: {self.counter} out of {self.patience}
Epoch 87 | Train Loss 0.0464 | Train Micro f1 0.9850 | Train Macro f1 0.9850 | Val Loss 0.0884 | Val Micro f1 0.9633 | Val Macro f1 0.9634
EarlyStopping counter: {self.counter} out of {self.patience}
Epoch 88 | Train Loss 0.0361 | Train Micro f1 0.9900 | Train Macro f1 0.9900 | Val Loss 0.0756 | Val Micro f1 0.9733 | Val Macro f1 0.9734
EarlyStopping counter: {self.counter} out of {self.patience}
Epoch 89 | Train Loss 0.0388 | Train Micro f1 0.9917 | Train Macro f1 0.9917 | Val Loss 0.0859 | Val Micro f1 0.9633 | Val Macro f1 0.9634
EarlyStopping counter: {self.counter} out of {self.patience}
Epoch 90 | Train Loss 0.0481 | Train Micro f1 0.9800 | Train Macro f1 0.9799 | Val Loss 0.0778 | Val Micro f1 0.9733 | Val Macro f1 0.9734
EarlyStopping counter: {self.counter} out of {self.patience}
Epoch 91 | Train Loss 0.0572 | Train Micro f1 0.9783 | Train Macro f1 0.9783 | Val Loss 0.1012 | Val Micro f1 0.9567 | Val Macro f1 0.9568
EarlyStopping counter: {self.counter} out of {self.patience}
Epoch 92 | Train Loss 0.0419 | Train Micro f1 0.9867 | Train Macro f1 0.9867 | Val Loss 0.1209 | Val Micro f1 0.9467 | Val Macro f1 0.9470
EarlyStopping counter: {self.counter} out of {self.patience}
Epoch 93 | Train Loss 0.0453 | Train Micro f1 0.9883 | Train Macro f1 0.9884 | Val Loss 0.0758 | Val Micro f1 0.9733 | Val Macro f1 0.9734
EarlyStopping counter: {self.counter} out of {self.patience}
Epoch 94 | Train Loss 0.0394 | Train Micro f1 0.9850 | Train Macro f1 0.9850 | Val Loss 0.0991 | Val Micro f1 0.9633 | Val Macro f1 0.9634
EarlyStopping counter: {self.counter} out of {self.patience}
Epoch 95 | Train Loss 0.0502 | Train Micro f1 0.9850 | Train Macro f1 0.9849 | Val Loss 0.0857 | Val Micro f1 0.9700 | Val Macro f1 0.9701
EarlyStopping counter: {self.counter} out of {self.patience}
Epoch 96 | Train Loss 0.0287 | Train Micro f1 0.9933 | Train Macro f1 0.9933 | Val Loss 0.0805 | Val Micro f1 0.9633 | Val Macro f1 0.9634
EarlyStopping counter: {self.counter} out of {self.patience}
Epoch 97 | Train Loss 0.0236 | Train Micro f1 0.9950 | Train Macro f1 0.9950 | Val Loss 0.0827 | Val Micro f1 0.9600 | Val Macro f1 0.9601
EarlyStopping counter: {self.counter} out of {self.patience}
Epoch 98 | Train Loss 0.0607 | Train Micro f1 0.9783 | Train Macro f1 0.9784 | Val Loss 0.0694 | Val Micro f1 0.9767 | Val Macro f1 0.9767
Epoch 99 | Train Loss 0.0350 | Train Micro f1 0.9883 | Train Macro f1 0.9883 | Val Loss 0.0710 | Val Micro f1 0.9800 | Val Macro f1 0.9801
EarlyStopping counter: {self.counter} out of {self.patience}
Epoch 100 | Train Loss 0.0342 | Train Micro f1 0.9883 | Train Macro f1 0.9883 | Val Loss 0.0697 | Val Micro f1 0.9733 | Val Macro f1 0.9734
EarlyStopping counter: {self.counter} out of {self.patience}
Epoch 101 | Train Loss 0.0394 | Train Micro f1 0.9933 | Train Macro f1 0.9933 | Val Loss 0.0819 | Val Micro f1 0.9600 | Val Macro f1 0.9601
EarlyStopping counter: {self.counter} out of {self.patience}
Epoch 102 | Train Loss 0.0386 | Train Micro f1 0.9917 | Train Macro f1 0.9917 | Val Loss 0.0921 | Val Micro f1 0.9600 | Val Macro f1 0.9601
EarlyStopping counter: {self.counter} out of {self.patience}
Epoch 103 | Train Loss 0.0396 | Train Micro f1 0.9900 | Train Macro f1 0.9900 | Val Loss 0.0770 | Val Micro f1 0.9633 | Val Macro f1 0.9634
EarlyStopping counter: {self.counter} out of {self.patience}
Epoch 104 | Train Loss 0.0383 | Train Micro f1 0.9883 | Train Macro f1 0.9884 | Val Loss 0.0709 | Val Micro f1 0.9767 | Val Macro f1 0.9767
Epoch 105 | Train Loss 0.0354 | Train Micro f1 0.9867 | Train Macro f1 0.9867 | Val Loss 0.0685 | Val Micro f1 0.9733 | Val Macro f1 0.9734
EarlyStopping counter: {self.counter} out of {self.patience}
Epoch 106 | Train Loss 0.0468 | Train Micro f1 0.9800 | Train Macro f1 0.9800 | Val Loss 0.0741 | Val Micro f1 0.9700 | Val Macro f1 0.9700
EarlyStopping counter: {self.counter} out of {self.patience}
Epoch 107 | Train Loss 0.0492 | Train Micro f1 0.9867 | Train Macro f1 0.9867 | Val Loss 0.0885 | Val Micro f1 0.9633 | Val Macro f1 0.9634
EarlyStopping counter: {self.counter} out of {self.patience}
Epoch 108 | Train Loss 0.0337 | Train Micro f1 0.9883 | Train Macro f1 0.9883 | Val Loss 0.0860 | Val Micro f1 0.9600 | Val Macro f1 0.9601
EarlyStopping counter: {self.counter} out of {self.patience}
Epoch 109 | Train Loss 0.0273 | Train Micro f1 0.9917 | Train Macro f1 0.9917 | Val Loss 0.0806 | Val Micro f1 0.9700 | Val Macro f1 0.9700
EarlyStopping counter: {self.counter} out of {self.patience}
Epoch 110 | Train Loss 0.0249 | Train Micro f1 0.9967 | Train Macro f1 0.9967 | Val Loss 0.0803 | Val Micro f1 0.9700 | Val Macro f1 0.9700
EarlyStopping counter: {self.counter} out of {self.patience}
Epoch 111 | Train Loss 0.0336 | Train Micro f1 0.9883 | Train Macro f1 0.9883 | Val Loss 0.0747 | Val Micro f1 0.9733 | Val Macro f1 0.9734
EarlyStopping counter: {self.counter} out of {self.patience}
Epoch 112 | Train Loss 0.0332 | Train Micro f1 0.9917 | Train Macro f1 0.9917 | Val Loss 0.0696 | Val Micro f1 0.9733 | Val Macro f1 0.9734
EarlyStopping counter: {self.counter} out of {self.patience}
Epoch 113 | Train Loss 0.0428 | Train Micro f1 0.9833 | Train Macro f1 0.9833 | Val Loss 0.0688 | Val Micro f1 0.9733 | Val Macro f1 0.9734
EarlyStopping counter: {self.counter} out of {self.patience}
Epoch 114 | Train Loss 0.0411 | Train Micro f1 0.9850 | Train Macro f1 0.9850 | Val Loss 0.0719 | Val Micro f1 0.9767 | Val Macro f1 0.9767
EarlyStopping counter: {self.counter} out of {self.patience}
Epoch 115 | Train Loss 0.0383 | Train Micro f1 0.9917 | Train Macro f1 0.9917 | Val Loss 0.0815 | Val Micro f1 0.9700 | Val Macro f1 0.9700
EarlyStopping counter: {self.counter} out of {self.patience}
Epoch 116 | Train Loss 0.0392 | Train Micro f1 0.9917 | Train Macro f1 0.9917 | Val Loss 0.1259 | Val Micro f1 0.9533 | Val Macro f1 0.9534
EarlyStopping counter: {self.counter} out of {self.patience}
Epoch 117 | Train Loss 0.0421 | Train Micro f1 0.9833 | Train Macro f1 0.9833 | Val Loss 0.1409 | Val Micro f1 0.9433 | Val Macro f1 0.9436
EarlyStopping counter: {self.counter} out of {self.patience}
Epoch 118 | Train Loss 0.0671 | Train Micro f1 0.9783 | Train Macro f1 0.9785 | Val Loss 0.0750 | Val Micro f1 0.9767 | Val Macro f1 0.9767
EarlyStopping counter: {self.counter} out of {self.patience}
Epoch 119 | Train Loss 0.0288 | Train Micro f1 0.9917 | Train Macro f1 0.9917 | Val Loss 0.0892 | Val Micro f1 0.9700 | Val Macro f1 0.9701
EarlyStopping counter: {self.counter} out of {self.patience}
Epoch 120 | Train Loss 0.0628 | Train Micro f1 0.9783 | Train Macro f1 0.9783 | Val Loss 0.0685 | Val Micro f1 0.9767 | Val Macro f1 0.9767
EarlyStopping counter: {self.counter} out of {self.patience}
Epoch 121 | Train Loss 0.0423 | Train Micro f1 0.9900 | Train Macro f1 0.9900 | Val Loss 0.1285 | Val Micro f1 0.9533 | Val Macro f1 0.9532
EarlyStopping counter: {self.counter} out of {self.patience}
Epoch 122 | Train Loss 0.0645 | Train Micro f1 0.9717 | Train Macro f1 0.9717 | Val Loss 0.0761 | Val Micro f1 0.9733 | Val Macro f1 0.9734
EarlyStopping counter: {self.counter} out of {self.patience}
Epoch 123 | Train Loss 0.0325 | Train Micro f1 0.9917 | Train Macro f1 0.9917 | Val Loss 0.1010 | Val Micro f1 0.9667 | Val Macro f1 0.9667
EarlyStopping counter: {self.counter} out of {self.patience}
Epoch 124 | Train Loss 0.0535 | Train Micro f1 0.9733 | Train Macro f1 0.9735 | Val Loss 0.0888 | Val Micro f1 0.9733 | Val Macro f1 0.9734
EarlyStopping counter: {self.counter} out of {self.patience}
Epoch 125 | Train Loss 0.0474 | Train Micro f1 0.9833 | Train Macro f1 0.9834 | Val Loss 0.0983 | Val Micro f1 0.9600 | Val Macro f1 0.9601
EarlyStopping counter: {self.counter} out of {self.patience}
Epoch 126 | Train Loss 0.0631 | Train Micro f1 0.9750 | Train Macro f1 0.9750 | Val Loss 0.0779 | Val Micro f1 0.9700 | Val Macro f1 0.9700
EarlyStopping counter: {self.counter} out of {self.patience}
Epoch 127 | Train Loss 0.0325 | Train Micro f1 0.9900 | Train Macro f1 0.9900 | Val Loss 0.0709 | Val Micro f1 0.9767 | Val Macro f1 0.9767
EarlyStopping counter: {self.counter} out of {self.patience}
Epoch 128 | Train Loss 0.0421 | Train Micro f1 0.9850 | Train Macro f1 0.9850 | Val Loss 0.0709 | Val Micro f1 0.9767 | Val Macro f1 0.9767
EarlyStopping counter: {self.counter} out of {self.patience}
Epoch 129 | Train Loss 0.0276 | Train Micro f1 0.9917 | Train Macro f1 0.9916 | Val Loss 0.0823 | Val Micro f1 0.9733 | Val Macro f1 0.9734
EarlyStopping counter: {self.counter} out of {self.patience}
Epoch 130 | Train Loss 0.0457 | Train Micro f1 0.9867 | Train Macro f1 0.9867 | Val Loss 0.0936 | Val Micro f1 0.9600 | Val Macro f1 0.9601
EarlyStopping counter: {self.counter} out of {self.patience}
Epoch 131 | Train Loss 0.0247 | Train Micro f1 0.9917 | Train Macro f1 0.9917 | Val Loss 0.1019 | Val Micro f1 0.9600 | Val Macro f1 0.9600
EarlyStopping counter: {self.counter} out of {self.patience}
Epoch 132 | Train Loss 0.0324 | Train Micro f1 0.9917 | Train Macro f1 0.9917 | Val Loss 0.0978 | Val Micro f1 0.9667 | Val Macro f1 0.9667
EarlyStopping counter: {self.counter} out of {self.patience}
Epoch 133 | Train Loss 0.0365 | Train Micro f1 0.9883 | Train Macro f1 0.9883 | Val Loss 0.0783 | Val Micro f1 0.9733 | Val Macro f1 0.9734
EarlyStopping counter: {self.counter} out of {self.patience}
Epoch 134 | Train Loss 0.0310 | Train Micro f1 0.9917 | Train Macro f1 0.9917 | Val Loss 0.0740 | Val Micro f1 0.9733 | Val Macro f1 0.9734
EarlyStopping counter: {self.counter} out of {self.patience}
Epoch 135 | Train Loss 0.0380 | Train Micro f1 0.9883 | Train Macro f1 0.9883 | Val Loss 0.0890 | Val Micro f1 0.9733 | Val Macro f1 0.9733
EarlyStopping counter: {self.counter} out of {self.patience}
Epoch 136 | Train Loss 0.0501 | Train Micro f1 0.9850 | Train Macro f1 0.9850 | Val Loss 0.0743 | Val Micro f1 0.9767 | Val Macro f1 0.9767
EarlyStopping counter: {self.counter} out of {self.patience}
Epoch 137 | Train Loss 0.0343 | Train Micro f1 0.9900 | Train Macro f1 0.9900 | Val Loss 0.0766 | Val Micro f1 0.9767 | Val Macro f1 0.9767
EarlyStopping counter: {self.counter} out of {self.patience}
Epoch 138 | Train Loss 0.0295 | Train Micro f1 0.9900 | Train Macro f1 0.9900 | Val Loss 0.0890 | Val Micro f1 0.9633 | Val Macro f1 0.9634
EarlyStopping counter: {self.counter} out of {self.patience}
Epoch 139 | Train Loss 0.0243 | Train Micro f1 0.9950 | Train Macro f1 0.9950 | Val Loss 0.1101 | Val Micro f1 0.9600 | Val Macro f1 0.9601
EarlyStopping counter: {self.counter} out of {self.patience}
Epoch 140 | Train Loss 0.0385 | Train Micro f1 0.9850 | Train Macro f1 0.9850 | Val Loss 0.1286 | Val Micro f1 0.9500 | Val Macro f1 0.9503
EarlyStopping counter: {self.counter} out of {self.patience}
Epoch 141 | Train Loss 0.0392 | Train Micro f1 0.9850 | Train Macro f1 0.9851 | Val Loss 0.0796 | Val Micro f1 0.9767 | Val Macro f1 0.9767
EarlyStopping counter: {self.counter} out of {self.patience}
Epoch 142 | Train Loss 0.0533 | Train Micro f1 0.9817 | Train Macro f1 0.9817 | Val Loss 0.0822 | Val Micro f1 0.9700 | Val Macro f1 0.9701
EarlyStopping counter: {self.counter} out of {self.patience}
Epoch 143 | Train Loss 0.0559 | Train Micro f1 0.9750 | Train Macro f1 0.9748 | Val Loss 0.0708 | Val Micro f1 0.9733 | Val Macro f1 0.9734
EarlyStopping counter: {self.counter} out of {self.patience}
Epoch 144 | Train Loss 0.0375 | Train Micro f1 0.9883 | Train Macro f1 0.9883 | Val Loss 0.0784 | Val Micro f1 0.9700 | Val Macro f1 0.9700
EarlyStopping counter: {self.counter} out of {self.patience}
Epoch 145 | Train Loss 0.0399 | Train Micro f1 0.9867 | Train Macro f1 0.9866 | Val Loss 0.1014 | Val Micro f1 0.9600 | Val Macro f1 0.9601
EarlyStopping counter: {self.counter} out of {self.patience}
Epoch 146 | Train Loss 0.0264 | Train Micro f1 0.9950 | Train Macro f1 0.9950 | Val Loss 0.1106 | Val Micro f1 0.9600 | Val Macro f1 0.9600
EarlyStopping counter: {self.counter} out of {self.patience}
Epoch 147 | Train Loss 0.0478 | Train Micro f1 0.9800 | Train Macro f1 0.9800 | Val Loss 0.0970 | Val Micro f1 0.9567 | Val Macro f1 0.9567
EarlyStopping counter: {self.counter} out of {self.patience}
Epoch 148 | Train Loss 0.0538 | Train Micro f1 0.9800 | Train Macro f1 0.9800 | Val Loss 0.0759 | Val Micro f1 0.9700 | Val Macro f1 0.9701
Epoch 149 | Train Loss 0.0303 | Train Micro f1 0.9900 | Train Macro f1 0.9900 | Val Loss 0.0656 | Val Micro f1 0.9733 | Val Macro f1 0.9733
Test loss 0.3539 | Test Micro f1 0.8814 | Test Macro f1 0.8823