{'lr': 0.007, 'lr2': 0.007, 'num_heads': [8], 'hidden_units': 8, 'dropout': 0.7, 'weight_decay': 0.003, 'weight_decay2': 0.003, 'num_epochs': 20, 'num_epochs1': 21, 'patience': 100}
Created directory results\ACM_2022-09-27_15-07-41
dataset loaded
{'dataset': 'ACM',
 'test': 0.7024793388429752,
 'train': 0.19834710743801653,
 'val': 0.09917355371900827}
bbbbb
F:\anaconda\Anaconda2\lib\site-packages\sklearn\metrics\_classification.py:1245: UndefinedMetricWarning: Precision and F-score are ill-defined and being set to 0.0 in labels with no predicted samples. Use `zero_division` parameter to control this behavior.
  _warn_prf(average, modifier, msg_start, len(result))
F:\anaconda\Anaconda2\lib\site-packages\sklearn\metrics\_classification.py:1245: UndefinedMetricWarning: Precision and F-score are ill-defined and being set to 0.0 in labels with no predicted samples. Use `zero_division` parameter to control this behavior.
  _warn_prf(average, modifier, msg_start, len(result))
F:\anaconda\Anaconda2\lib\site-packages\sklearn\metrics\_classification.py:1245: UndefinedMetricWarning: Precision and F-score are ill-defined and being set to 0.0 in labels with no predicted samples. Use `zero_division` parameter to control this behavior.
  _warn_prf(average, modifier, msg_start, len(result))
Epoch 1 | Train Loss 1.1217 | Train Micro f1 0.2667 | Train Macro f1 0.2686 | Val Loss 1.0042 | Val Micro f1 0.6118 | Val Macro f1 0.5102
Epoch 2 | Train Loss 0.9545 | Train Micro f1 0.6889 | Train Macro f1 0.6611 | Val Loss 0.8748 | Val Micro f1 0.8000 | Val Macro f1 0.7941
Epoch 3 | Train Loss 0.8523 | Train Micro f1 0.8444 | Train Macro f1 0.8363 | Val Loss 0.7563 | Val Micro f1 0.8000 | Val Macro f1 0.7950
Epoch 4 | Train Loss 0.7068 | Train Micro f1 0.8667 | Train Macro f1 0.8640 | Val Loss 0.6356 | Val Micro f1 0.8922 | Val Macro f1 0.8896
Epoch 5 | Train Loss 0.5585 | Train Micro f1 0.9556 | Train Macro f1 0.9556 | Val Loss 0.5331 | Val Micro f1 0.8980 | Val Macro f1 0.8960
Epoch 6 | Train Loss 0.4447 | Train Micro f1 0.9444 | Train Macro f1 0.9444 | Val Loss 0.4358 | Val Micro f1 0.9314 | Val Macro f1 0.9307
Epoch 7 | Train Loss 0.3639 | Train Micro f1 0.9222 | Train Macro f1 0.9222 | Val Loss 0.3575 | Val Micro f1 0.9490 | Val Macro f1 0.9489
Epoch 8 | Train Loss 0.2844 | Train Micro f1 0.9444 | Train Macro f1 0.9448 | Val Loss 0.2938 | Val Micro f1 0.9569 | Val Macro f1 0.9569
Epoch 9 | Train Loss 0.1975 | Train Micro f1 0.9778 | Train Macro f1 0.9778 | Val Loss 0.2432 | Val Micro f1 0.9569 | Val Macro f1 0.9568
Epoch 10 | Train Loss 0.2157 | Train Micro f1 0.9556 | Train Macro f1 0.9559 | Val Loss 0.2120 | Val Micro f1 0.9588 | Val Macro f1 0.9587
Epoch 11 | Train Loss 0.1398 | Train Micro f1 0.9778 | Train Macro f1 0.9778 | Val Loss 0.1897 | Val Micro f1 0.9627 | Val Macro f1 0.9626
Epoch 12 | Train Loss 0.1072 | Train Micro f1 0.9889 | Train Macro f1 0.9889 | Val Loss 0.1723 | Val Micro f1 0.9569 | Val Macro f1 0.9568
Epoch 13 | Train Loss 0.0913 | Train Micro f1 0.9667 | Train Macro f1 0.9666 | Val Loss 0.1641 | Val Micro f1 0.9569 | Val Macro f1 0.9566
Epoch 14 | Train Loss 0.1186 | Train Micro f1 0.9667 | Train Macro f1 0.9668 | Val Loss 0.1618 | Val Micro f1 0.9569 | Val Macro f1 0.9567
EarlyStopping counter: {self.counter} out of {self.patience}
Epoch 15 | Train Loss 0.0833 | Train Micro f1 0.9556 | Train Macro f1 0.9560 | Val Loss 0.1700 | Val Micro f1 0.9451 | Val Macro f1 0.9446
EarlyStopping counter: {self.counter} out of {self.patience}
Epoch 16 | Train Loss 0.0754 | Train Micro f1 0.9889 | Train Macro f1 0.9889 | Val Loss 0.1701 | Val Micro f1 0.9471 | Val Macro f1 0.9467
Epoch 17 | Train Loss 0.0947 | Train Micro f1 0.9667 | Train Macro f1 0.9668 | Val Loss 0.1534 | Val Micro f1 0.9549 | Val Macro f1 0.9547
Epoch 18 | Train Loss 0.0623 | Train Micro f1 0.9889 | Train Macro f1 0.9889 | Val Loss 0.1447 | Val Micro f1 0.9569 | Val Macro f1 0.9566
Epoch 19 | Train Loss 0.0924 | Train Micro f1 0.9667 | Train Macro f1 0.9667 | Val Loss 0.1347 | Val Micro f1 0.9569 | Val Macro f1 0.9569
Epoch 20 | Train Loss 0.0569 | Train Micro f1 0.9778 | Train Macro f1 0.9778 | Val Loss 0.1327 | Val Micro f1 0.9569 | Val Macro f1 0.9569
Epoch 1 | Train Loss 0.2273 | Train Micro f1 0.9222 | Train Macro f1 0.9224 | Val Loss 0.1237 | Val Micro f1 0.9627 | Val Macro f1 0.9628
EarlyStopping counter: {self.counter} out of {self.patience}
Epoch 2 | Train Loss 0.1912 | Train Micro f1 0.9111 | Train Macro f1 0.9105 | Val Loss 0.1422 | Val Micro f1 0.9608 | Val Macro f1 0.9609
EarlyStopping counter: {self.counter} out of {self.patience}
Epoch 3 | Train Loss 0.1953 | Train Micro f1 0.9000 | Train Macro f1 0.8991 | Val Loss 0.1506 | Val Micro f1 0.9569 | Val Macro f1 0.9569
EarlyStopping counter: {self.counter} out of {self.patience}
Epoch 4 | Train Loss 0.1647 | Train Micro f1 0.9333 | Train Macro f1 0.9333 | Val Loss 0.1545 | Val Micro f1 0.9569 | Val Macro f1 0.9570
EarlyStopping counter: {self.counter} out of {self.patience}
Epoch 5 | Train Loss 0.1693 | Train Micro f1 0.9667 | Train Macro f1 0.9667 | Val Loss 0.1546 | Val Micro f1 0.9529 | Val Macro f1 0.9531
EarlyStopping counter: {self.counter} out of {self.patience}
Epoch 6 | Train Loss 0.1493 | Train Micro f1 0.9667 | Train Macro f1 0.9665 | Val Loss 0.1529 | Val Micro f1 0.9549 | Val Macro f1 0.9551
EarlyStopping counter: {self.counter} out of {self.patience}
Epoch 7 | Train Loss 0.1270 | Train Micro f1 0.9778 | Train Macro f1 0.9778 | Val Loss 0.1444 | Val Micro f1 0.9569 | Val Macro f1 0.9569
EarlyStopping counter: {self.counter} out of {self.patience}
Epoch 8 | Train Loss 0.0785 | Train Micro f1 0.9778 | Train Macro f1 0.9778 | Val Loss 0.1374 | Val Micro f1 0.9608 | Val Macro f1 0.9608
Epoch 9 | Train Loss 0.0981 | Train Micro f1 0.9667 | Train Macro f1 0.9662 | Val Loss 0.1223 | Val Micro f1 0.9667 | Val Macro f1 0.9667
Epoch 10 | Train Loss 0.0614 | Train Micro f1 0.9889 | Train Macro f1 0.9889 | Val Loss 0.1167 | Val Micro f1 0.9647 | Val Macro f1 0.9648
Epoch 11 | Train Loss 0.1114 | Train Micro f1 0.9667 | Train Macro f1 0.9666 | Val Loss 0.1092 | Val Micro f1 0.9667 | Val Macro f1 0.9668
Epoch 12 | Train Loss 0.0459 | Train Micro f1 1.0000 | Train Macro f1 1.0000 | Val Loss 0.1065 | Val Micro f1 0.9667 | Val Macro f1 0.9668
EarlyStopping counter: {self.counter} out of {self.patience}
Epoch 13 | Train Loss 0.0665 | Train Micro f1 0.9778 | Train Macro f1 0.9778 | Val Loss 0.1078 | Val Micro f1 0.9627 | Val Macro f1 0.9628
EarlyStopping counter: {self.counter} out of {self.patience}
Epoch 14 | Train Loss 0.0413 | Train Micro f1 0.9889 | Train Macro f1 0.9889 | Val Loss 0.1091 | Val Micro f1 0.9627 | Val Macro f1 0.9628
Epoch 15 | Train Loss 0.0879 | Train Micro f1 0.9778 | Train Macro f1 0.9778 | Val Loss 0.1100 | Val Micro f1 0.9667 | Val Macro f1 0.9667
Epoch 16 | Train Loss 0.0447 | Train Micro f1 1.0000 | Train Macro f1 1.0000 | Val Loss 0.1140 | Val Micro f1 0.9667 | Val Macro f1 0.9668
Epoch 17 | Train Loss 0.0591 | Train Micro f1 0.9667 | Train Macro f1 0.9667 | Val Loss 0.1221 | Val Micro f1 0.9667 | Val Macro f1 0.9668
EarlyStopping counter: {self.counter} out of {self.patience}
Epoch 18 | Train Loss 0.0277 | Train Micro f1 1.0000 | Train Macro f1 1.0000 | Val Loss 0.1244 | Val Micro f1 0.9627 | Val Macro f1 0.9629
Epoch 19 | Train Loss 0.0273 | Train Micro f1 1.0000 | Train Macro f1 1.0000 | Val Loss 0.1272 | Val Micro f1 0.9667 | Val Macro f1 0.9668
Epoch 20 | Train Loss 0.0424 | Train Micro f1 0.9889 | Train Macro f1 0.9889 | Val Loss 0.1318 | Val Micro f1 0.9667 | Val Macro f1 0.9667
Epoch 1 | Train Loss 0.1019 | Train Micro f1 0.9667 | Train Macro f1 0.9668 | Val Loss 0.1234 | Val Micro f1 0.9686 | Val Macro f1 0.9687
EarlyStopping counter: {self.counter} out of {self.patience}
Epoch 2 | Train Loss 0.1766 | Train Micro f1 0.9111 | Train Macro f1 0.9118 | Val Loss 0.1196 | Val Micro f1 0.9647 | Val Macro f1 0.9648
EarlyStopping counter: {self.counter} out of {self.patience}
Epoch 3 | Train Loss 0.1032 | Train Micro f1 0.9667 | Train Macro f1 0.9665 | Val Loss 0.1207 | Val Micro f1 0.9647 | Val Macro f1 0.9648
EarlyStopping counter: {self.counter} out of {self.patience}
Epoch 4 | Train Loss 0.0857 | Train Micro f1 0.9667 | Train Macro f1 0.9666 | Val Loss 0.1206 | Val Micro f1 0.9647 | Val Macro f1 0.9648
EarlyStopping counter: {self.counter} out of {self.patience}
Epoch 5 | Train Loss 0.1441 | Train Micro f1 0.9667 | Train Macro f1 0.9665 | Val Loss 0.1236 | Val Micro f1 0.9608 | Val Macro f1 0.9609
EarlyStopping counter: {self.counter} out of {self.patience}
Epoch 6 | Train Loss 0.0632 | Train Micro f1 0.9778 | Train Macro f1 0.9778 | Val Loss 0.1234 | Val Micro f1 0.9627 | Val Macro f1 0.9629
EarlyStopping counter: {self.counter} out of {self.patience}
Epoch 7 | Train Loss 0.0674 | Train Micro f1 0.9889 | Train Macro f1 0.9889 | Val Loss 0.1167 | Val Micro f1 0.9667 | Val Macro f1 0.9668
Epoch 8 | Train Loss 0.0608 | Train Micro f1 1.0000 | Train Macro f1 1.0000 | Val Loss 0.1092 | Val Micro f1 0.9686 | Val Macro f1 0.9687
Epoch 9 | Train Loss 0.0500 | Train Micro f1 0.9889 | Train Macro f1 0.9889 | Val Loss 0.1127 | Val Micro f1 0.9686 | Val Macro f1 0.9687
EarlyStopping counter: {self.counter} out of {self.patience}
Epoch 10 | Train Loss 0.0888 | Train Micro f1 0.9556 | Train Macro f1 0.9559 | Val Loss 0.1175 | Val Micro f1 0.9667 | Val Macro f1 0.9668
Epoch 11 | Train Loss 0.0510 | Train Micro f1 0.9889 | Train Macro f1 0.9889 | Val Loss 0.1145 | Val Micro f1 0.9686 | Val Macro f1 0.9687
Epoch 12 | Train Loss 0.0412 | Train Micro f1 0.9889 | Train Macro f1 0.9889 | Val Loss 0.1179 | Val Micro f1 0.9706 | Val Macro f1 0.9707
EarlyStopping counter: {self.counter} out of {self.patience}
Epoch 13 | Train Loss 0.0538 | Train Micro f1 0.9889 | Train Macro f1 0.9889 | Val Loss 0.1271 | Val Micro f1 0.9667 | Val Macro f1 0.9668
EarlyStopping counter: {self.counter} out of {self.patience}
Epoch 14 | Train Loss 0.0431 | Train Micro f1 0.9889 | Train Macro f1 0.9889 | Val Loss 0.1369 | Val Micro f1 0.9647 | Val Macro f1 0.9648
EarlyStopping counter: {self.counter} out of {self.patience}
Epoch 15 | Train Loss 0.0310 | Train Micro f1 1.0000 | Train Macro f1 1.0000 | Val Loss 0.1453 | Val Micro f1 0.9549 | Val Macro f1 0.9550
EarlyStopping counter: {self.counter} out of {self.patience}
Epoch 16 | Train Loss 0.0352 | Train Micro f1 1.0000 | Train Macro f1 1.0000 | Val Loss 0.1482 | Val Micro f1 0.9529 | Val Macro f1 0.9531
EarlyStopping counter: {self.counter} out of {self.patience}
Epoch 17 | Train Loss 0.0330 | Train Micro f1 1.0000 | Train Macro f1 1.0000 | Val Loss 0.1441 | Val Micro f1 0.9569 | Val Macro f1 0.9570
EarlyStopping counter: {self.counter} out of {self.patience}
Epoch 18 | Train Loss 0.0264 | Train Micro f1 1.0000 | Train Macro f1 1.0000 | Val Loss 0.1382 | Val Micro f1 0.9549 | Val Macro f1 0.9551
EarlyStopping counter: {self.counter} out of {self.patience}
Epoch 19 | Train Loss 0.0402 | Train Micro f1 1.0000 | Train Macro f1 1.0000 | Val Loss 0.1325 | Val Micro f1 0.9627 | Val Macro f1 0.9630
EarlyStopping counter: {self.counter} out of {self.patience}
Epoch 20 | Train Loss 0.0266 | Train Micro f1 1.0000 | Train Macro f1 1.0000 | Val Loss 0.1396 | Val Micro f1 0.9549 | Val Macro f1 0.9552
Epoch 1 | Train Loss 0.2947 | Train Micro f1 0.9111 | Train Macro f1 0.9128 | Val Loss 0.0934 | Val Micro f1 0.9686 | Val Macro f1 0.9687
EarlyStopping counter: {self.counter} out of {self.patience}
Epoch 2 | Train Loss 0.2474 | Train Micro f1 0.9222 | Train Macro f1 0.9233 | Val Loss 0.1855 | Val Micro f1 0.9490 | Val Macro f1 0.9488
Epoch 3 | Train Loss 0.3072 | Train Micro f1 0.8778 | Train Macro f1 0.8765 | Val Loss 0.1231 | Val Micro f1 0.9706 | Val Macro f1 0.9705
Epoch 4 | Train Loss 0.2495 | Train Micro f1 0.9556 | Train Macro f1 0.9555 | Val Loss 0.0811 | Val Micro f1 0.9824 | Val Macro f1 0.9823
EarlyStopping counter: {self.counter} out of {self.patience}
Epoch 5 | Train Loss 0.1850 | Train Micro f1 0.9444 | Train Macro f1 0.9444 | Val Loss 0.0831 | Val Micro f1 0.9745 | Val Macro f1 0.9745
Epoch 6 | Train Loss 0.2585 | Train Micro f1 0.9333 | Train Macro f1 0.9338 | Val Loss 0.0753 | Val Micro f1 0.9784 | Val Macro f1 0.9785
EarlyStopping counter: {self.counter} out of {self.patience}
Epoch 7 | Train Loss 0.1444 | Train Micro f1 0.9556 | Train Macro f1 0.9557 | Val Loss 0.0761 | Val Micro f1 0.9765 | Val Macro f1 0.9765
EarlyStopping counter: {self.counter} out of {self.patience}
Epoch 8 | Train Loss 0.1384 | Train Micro f1 0.9444 | Train Macro f1 0.9448 | Val Loss 0.1003 | Val Micro f1 0.9667 | Val Macro f1 0.9668
EarlyStopping counter: {self.counter} out of {self.patience}
Epoch 9 | Train Loss 0.0721 | Train Micro f1 0.9778 | Train Macro f1 0.9779 | Val Loss 0.1023 | Val Micro f1 0.9706 | Val Macro f1 0.9706
EarlyStopping counter: {self.counter} out of {self.patience}
Epoch 10 | Train Loss 0.0790 | Train Micro f1 0.9889 | Train Macro f1 0.9889 | Val Loss 0.1098 | Val Micro f1 0.9686 | Val Macro f1 0.9685
EarlyStopping counter: {self.counter} out of {self.patience}
Epoch 11 | Train Loss 0.0872 | Train Micro f1 0.9889 | Train Macro f1 0.9889 | Val Loss 0.1273 | Val Micro f1 0.9569 | Val Macro f1 0.9568
EarlyStopping counter: {self.counter} out of {self.patience}
Epoch 12 | Train Loss 0.0694 | Train Micro f1 0.9889 | Train Macro f1 0.9889 | Val Loss 0.1211 | Val Micro f1 0.9608 | Val Macro f1 0.9609
EarlyStopping counter: {self.counter} out of {self.patience}
Epoch 13 | Train Loss 0.0907 | Train Micro f1 0.9778 | Train Macro f1 0.9778 | Val Loss 0.0832 | Val Micro f1 0.9745 | Val Macro f1 0.9746
EarlyStopping counter: {self.counter} out of {self.patience}
Epoch 14 | Train Loss 0.0737 | Train Micro f1 0.9889 | Train Macro f1 0.9889 | Val Loss 0.0813 | Val Micro f1 0.9725 | Val Macro f1 0.9726
EarlyStopping counter: {self.counter} out of {self.patience}
Epoch 15 | Train Loss 0.0694 | Train Micro f1 0.9778 | Train Macro f1 0.9778 | Val Loss 0.0834 | Val Micro f1 0.9745 | Val Macro f1 0.9745
EarlyStopping counter: {self.counter} out of {self.patience}
Epoch 16 | Train Loss 0.0765 | Train Micro f1 0.9778 | Train Macro f1 0.9778 | Val Loss 0.1110 | Val Micro f1 0.9667 | Val Macro f1 0.9666
EarlyStopping counter: {self.counter} out of {self.patience}
Epoch 17 | Train Loss 0.0290 | Train Micro f1 1.0000 | Train Macro f1 1.0000 | Val Loss 0.1567 | Val Micro f1 0.9392 | Val Macro f1 0.9388
EarlyStopping counter: {self.counter} out of {self.patience}
Epoch 18 | Train Loss 0.0632 | Train Micro f1 1.0000 | Train Macro f1 1.0000 | Val Loss 0.1437 | Val Micro f1 0.9529 | Val Macro f1 0.9524
EarlyStopping counter: {self.counter} out of {self.patience}
Epoch 19 | Train Loss 0.0449 | Train Micro f1 1.0000 | Train Macro f1 1.0000 | Val Loss 0.1086 | Val Micro f1 0.9725 | Val Macro f1 0.9724
EarlyStopping counter: {self.counter} out of {self.patience}
Epoch 20 | Train Loss 0.0654 | Train Micro f1 0.9889 | Train Macro f1 0.9889 | Val Loss 0.0916 | Val Micro f1 0.9725 | Val Macro f1 0.9725
Epoch 1 | Train Loss 0.1864 | Train Micro f1 0.9333 | Train Macro f1 0.9330 | Val Loss 0.0710 | Val Micro f1 0.9725 | Val Macro f1 0.9726
EarlyStopping counter: {self.counter} out of {self.patience}
Epoch 2 | Train Loss 0.2879 | Train Micro f1 0.8889 | Train Macro f1 0.8860 | Val Loss 0.0965 | Val Micro f1 0.9667 | Val Macro f1 0.9668
EarlyStopping counter: {self.counter} out of {self.patience}
Epoch 3 | Train Loss 0.3253 | Train Micro f1 0.9222 | Train Macro f1 0.9209 | Val Loss 0.2561 | Val Micro f1 0.9255 | Val Macro f1 0.9268
EarlyStopping counter: {self.counter} out of {self.patience}
Epoch 4 | Train Loss 0.1676 | Train Micro f1 0.9333 | Train Macro f1 0.9336 | Val Loss 0.2669 | Val Micro f1 0.9157 | Val Macro f1 0.9171
EarlyStopping counter: {self.counter} out of {self.patience}
Epoch 5 | Train Loss 0.2339 | Train Micro f1 0.9000 | Train Macro f1 0.9024 | Val Loss 0.0758 | Val Micro f1 0.9686 | Val Macro f1 0.9687
EarlyStopping counter: {self.counter} out of {self.patience}
Epoch 6 | Train Loss 0.1085 | Train Micro f1 0.9778 | Train Macro f1 0.9778 | Val Loss 0.0940 | Val Micro f1 0.9745 | Val Macro f1 0.9744
EarlyStopping counter: {self.counter} out of {self.patience}
Epoch 7 | Train Loss 0.1398 | Train Micro f1 0.9444 | Train Macro f1 0.9431 | Val Loss 0.1045 | Val Micro f1 0.9745 | Val Macro f1 0.9744
EarlyStopping counter: {self.counter} out of {self.patience}
Epoch 8 | Train Loss 0.2525 | Train Micro f1 0.9111 | Train Macro f1 0.9102 | Val Loss 0.0738 | Val Micro f1 0.9804 | Val Macro f1 0.9803
EarlyStopping counter: {self.counter} out of {self.patience}
Epoch 9 | Train Loss 0.0773 | Train Micro f1 0.9778 | Train Macro f1 0.9778 | Val Loss 0.0789 | Val Micro f1 0.9725 | Val Macro f1 0.9725
EarlyStopping counter: {self.counter} out of {self.patience}
Epoch 10 | Train Loss 0.0370 | Train Micro f1 1.0000 | Train Macro f1 1.0000 | Val Loss 0.1232 | Val Micro f1 0.9588 | Val Macro f1 0.9588
EarlyStopping counter: {self.counter} out of {self.patience}
Epoch 11 | Train Loss 0.0506 | Train Micro f1 1.0000 | Train Macro f1 1.0000 | Val Loss 0.1567 | Val Micro f1 0.9471 | Val Macro f1 0.9473
EarlyStopping counter: {self.counter} out of {self.patience}
Epoch 12 | Train Loss 0.0473 | Train Micro f1 0.9889 | Train Macro f1 0.9889 | Val Loss 0.1553 | Val Micro f1 0.9431 | Val Macro f1 0.9437
EarlyStopping counter: {self.counter} out of {self.patience}
Epoch 13 | Train Loss 0.0518 | Train Micro f1 0.9778 | Train Macro f1 0.9778 | Val Loss 0.1158 | Val Micro f1 0.9510 | Val Macro f1 0.9515
EarlyStopping counter: {self.counter} out of {self.patience}
Epoch 14 | Train Loss 0.0254 | Train Micro f1 1.0000 | Train Macro f1 1.0000 | Val Loss 0.0913 | Val Micro f1 0.9608 | Val Macro f1 0.9610
EarlyStopping counter: {self.counter} out of {self.patience}
Epoch 15 | Train Loss 0.0309 | Train Micro f1 1.0000 | Train Macro f1 1.0000 | Val Loss 0.0863 | Val Micro f1 0.9667 | Val Macro f1 0.9668
EarlyStopping counter: {self.counter} out of {self.patience}
Epoch 16 | Train Loss 0.0318 | Train Micro f1 1.0000 | Train Macro f1 1.0000 | Val Loss 0.0848 | Val Micro f1 0.9667 | Val Macro f1 0.9668
EarlyStopping counter: {self.counter} out of {self.patience}
Epoch 17 | Train Loss 0.0709 | Train Micro f1 0.9778 | Train Macro f1 0.9778 | Val Loss 0.0784 | Val Micro f1 0.9686 | Val Macro f1 0.9687
EarlyStopping counter: {self.counter} out of {self.patience}
Epoch 18 | Train Loss 0.0305 | Train Micro f1 0.9889 | Train Macro f1 0.9889 | Val Loss 0.0732 | Val Micro f1 0.9725 | Val Macro f1 0.9726
Epoch 19 | Train Loss 0.0211 | Train Micro f1 1.0000 | Train Macro f1 1.0000 | Val Loss 0.0704 | Val Micro f1 0.9725 | Val Macro f1 0.9726
Epoch 20 | Train Loss 0.0625 | Train Micro f1 0.9778 | Train Macro f1 0.9776 | Val Loss 0.0703 | Val Micro f1 0.9706 | Val Macro f1 0.9706
Epoch 1 | Train Loss 0.0950 | Train Micro f1 0.9667 | Train Macro f1 0.9662 | Val Loss 0.0670 | Val Micro f1 0.9706 | Val Macro f1 0.9706
EarlyStopping counter: {self.counter} out of {self.patience}
Epoch 2 | Train Loss 0.0783 | Train Micro f1 0.9889 | Train Macro f1 0.9889 | Val Loss 0.0676 | Val Micro f1 0.9686 | Val Macro f1 0.9687
EarlyStopping counter: {self.counter} out of {self.patience}
Epoch 3 | Train Loss 0.0728 | Train Micro f1 0.9778 | Train Macro f1 0.9779 | Val Loss 0.0688 | Val Micro f1 0.9725 | Val Macro f1 0.9726
EarlyStopping counter: {self.counter} out of {self.patience}
Epoch 4 | Train Loss 0.0513 | Train Micro f1 1.0000 | Train Macro f1 1.0000 | Val Loss 0.0742 | Val Micro f1 0.9725 | Val Macro f1 0.9726
EarlyStopping counter: {self.counter} out of {self.patience}
Epoch 5 | Train Loss 0.0785 | Train Micro f1 0.9778 | Train Macro f1 0.9778 | Val Loss 0.0888 | Val Micro f1 0.9706 | Val Macro f1 0.9707
EarlyStopping counter: {self.counter} out of {self.patience}
Epoch 6 | Train Loss 0.0785 | Train Micro f1 0.9889 | Train Macro f1 0.9889 | Val Loss 0.1024 | Val Micro f1 0.9608 | Val Macro f1 0.9610
EarlyStopping counter: {self.counter} out of {self.patience}
Epoch 7 | Train Loss 0.1116 | Train Micro f1 0.9556 | Train Macro f1 0.9555 | Val Loss 0.0907 | Val Micro f1 0.9686 | Val Macro f1 0.9688
EarlyStopping counter: {self.counter} out of {self.patience}
Epoch 8 | Train Loss 0.0440 | Train Micro f1 0.9889 | Train Macro f1 0.9889 | Val Loss 0.0811 | Val Micro f1 0.9745 | Val Macro f1 0.9746
EarlyStopping counter: {self.counter} out of {self.patience}
Epoch 9 | Train Loss 0.0230 | Train Micro f1 1.0000 | Train Macro f1 1.0000 | Val Loss 0.0729 | Val Micro f1 0.9745 | Val Macro f1 0.9746
EarlyStopping counter: {self.counter} out of {self.patience}
Epoch 10 | Train Loss 0.0309 | Train Micro f1 0.9889 | Train Macro f1 0.9889 | Val Loss 0.0705 | Val Micro f1 0.9765 | Val Macro f1 0.9765
EarlyStopping counter: {self.counter} out of {self.patience}
Epoch 11 | Train Loss 0.0480 | Train Micro f1 0.9889 | Train Macro f1 0.9889 | Val Loss 0.0740 | Val Micro f1 0.9765 | Val Macro f1 0.9765
EarlyStopping counter: {self.counter} out of {self.patience}
Epoch 12 | Train Loss 0.0646 | Train Micro f1 0.9778 | Train Macro f1 0.9776 | Val Loss 0.0736 | Val Micro f1 0.9784 | Val Macro f1 0.9785
EarlyStopping counter: {self.counter} out of {self.patience}
Epoch 13 | Train Loss 0.0414 | Train Micro f1 1.0000 | Train Macro f1 1.0000 | Val Loss 0.0750 | Val Micro f1 0.9745 | Val Macro f1 0.9746
EarlyStopping counter: {self.counter} out of {self.patience}
Epoch 14 | Train Loss 0.0310 | Train Micro f1 0.9889 | Train Macro f1 0.9889 | Val Loss 0.0812 | Val Micro f1 0.9725 | Val Macro f1 0.9726
EarlyStopping counter: {self.counter} out of {self.patience}
Epoch 15 | Train Loss 0.0293 | Train Micro f1 1.0000 | Train Macro f1 1.0000 | Val Loss 0.0904 | Val Micro f1 0.9667 | Val Macro f1 0.9668
EarlyStopping counter: {self.counter} out of {self.patience}
Epoch 16 | Train Loss 0.0374 | Train Micro f1 0.9889 | Train Macro f1 0.9889 | Val Loss 0.1102 | Val Micro f1 0.9588 | Val Macro f1 0.9591
EarlyStopping counter: {self.counter} out of {self.patience}
Epoch 17 | Train Loss 0.0547 | Train Micro f1 0.9667 | Train Macro f1 0.9667 | Val Loss 0.1228 | Val Micro f1 0.9569 | Val Macro f1 0.9572
EarlyStopping counter: {self.counter} out of {self.patience}
Epoch 18 | Train Loss 0.0438 | Train Micro f1 0.9889 | Train Macro f1 0.9889 | Val Loss 0.1010 | Val Micro f1 0.9627 | Val Macro f1 0.9629
EarlyStopping counter: {self.counter} out of {self.patience}
Epoch 19 | Train Loss 0.0198 | Train Micro f1 1.0000 | Train Macro f1 1.0000 | Val Loss 0.0857 | Val Micro f1 0.9706 | Val Macro f1 0.9707
EarlyStopping counter: {self.counter} out of {self.patience}
Epoch 20 | Train Loss 0.0284 | Train Micro f1 0.9889 | Train Macro f1 0.9889 | Val Loss 0.0781 | Val Micro f1 0.9804 | Val Macro f1 0.9804
EarlyStopping counter: {self.counter} out of {self.patience}
Epoch 1 | Train Loss 0.1262 | Train Micro f1 0.9556 | Train Macro f1 0.9552 | Val Loss 0.0779 | Val Micro f1 0.9745 | Val Macro f1 0.9746
EarlyStopping counter: {self.counter} out of {self.patience}
Epoch 2 | Train Loss 0.1227 | Train Micro f1 0.9556 | Train Macro f1 0.9552 | Val Loss 0.1037 | Val Micro f1 0.9627 | Val Macro f1 0.9629
EarlyStopping counter: {self.counter} out of {self.patience}
Epoch 3 | Train Loss 0.1087 | Train Micro f1 0.9556 | Train Macro f1 0.9554 | Val Loss 0.1310 | Val Micro f1 0.9529 | Val Macro f1 0.9533
EarlyStopping counter: {self.counter} out of {self.patience}
Epoch 4 | Train Loss 0.0902 | Train Micro f1 0.9778 | Train Macro f1 0.9778 | Val Loss 0.1190 | Val Micro f1 0.9588 | Val Macro f1 0.9591
EarlyStopping counter: {self.counter} out of {self.patience}
Epoch 5 | Train Loss 0.0951 | Train Micro f1 0.9556 | Train Macro f1 0.9555 | Val Loss 0.0993 | Val Micro f1 0.9667 | Val Macro f1 0.9668
EarlyStopping counter: {self.counter} out of {self.patience}
Epoch 6 | Train Loss 0.0485 | Train Micro f1 0.9889 | Train Macro f1 0.9889 | Val Loss 0.0789 | Val Micro f1 0.9784 | Val Macro f1 0.9785
EarlyStopping counter: {self.counter} out of {self.patience}
Epoch 7 | Train Loss 0.0939 | Train Micro f1 0.9667 | Train Macro f1 0.9667 | Val Loss 0.0779 | Val Micro f1 0.9784 | Val Macro f1 0.9785
EarlyStopping counter: {self.counter} out of {self.patience}
Epoch 8 | Train Loss 0.0438 | Train Micro f1 0.9889 | Train Macro f1 0.9889 | Val Loss 0.0796 | Val Micro f1 0.9765 | Val Macro f1 0.9765
EarlyStopping counter: {self.counter} out of {self.patience}
Epoch 9 | Train Loss 0.0579 | Train Micro f1 0.9889 | Train Macro f1 0.9889 | Val Loss 0.0931 | Val Micro f1 0.9686 | Val Macro f1 0.9687
EarlyStopping counter: {self.counter} out of {self.patience}
Epoch 10 | Train Loss 0.0438 | Train Micro f1 1.0000 | Train Macro f1 1.0000 | Val Loss 0.1164 | Val Micro f1 0.9647 | Val Macro f1 0.9647
EarlyStopping counter: {self.counter} out of {self.patience}
Epoch 11 | Train Loss 0.0671 | Train Micro f1 0.9667 | Train Macro f1 0.9665 | Val Loss 0.1496 | Val Micro f1 0.9510 | Val Macro f1 0.9512
EarlyStopping counter: {self.counter} out of {self.patience}
Epoch 12 | Train Loss 0.0556 | Train Micro f1 0.9889 | Train Macro f1 0.9889 | Val Loss 0.1301 | Val Micro f1 0.9608 | Val Macro f1 0.9611
EarlyStopping counter: {self.counter} out of {self.patience}
Epoch 13 | Train Loss 0.0359 | Train Micro f1 1.0000 | Train Macro f1 1.0000 | Val Loss 0.1052 | Val Micro f1 0.9627 | Val Macro f1 0.9630
EarlyStopping counter: {self.counter} out of {self.patience}
Epoch 14 | Train Loss 0.0584 | Train Micro f1 0.9889 | Train Macro f1 0.9889 | Val Loss 0.0877 | Val Micro f1 0.9706 | Val Macro f1 0.9707
EarlyStopping counter: {self.counter} out of {self.patience}
Epoch 15 | Train Loss 0.0402 | Train Micro f1 1.0000 | Train Macro f1 1.0000 | Val Loss 0.0865 | Val Micro f1 0.9725 | Val Macro f1 0.9726
EarlyStopping counter: {self.counter} out of {self.patience}
Epoch 16 | Train Loss 0.0636 | Train Micro f1 0.9667 | Train Macro f1 0.9666 | Val Loss 0.0985 | Val Micro f1 0.9647 | Val Macro f1 0.9649
EarlyStopping counter: {self.counter} out of {self.patience}
Epoch 17 | Train Loss 0.0193 | Train Micro f1 1.0000 | Train Macro f1 1.0000 | Val Loss 0.1304 | Val Micro f1 0.9588 | Val Macro f1 0.9592
EarlyStopping counter: {self.counter} out of {self.patience}
Epoch 18 | Train Loss 0.0202 | Train Micro f1 1.0000 | Train Macro f1 1.0000 | Val Loss 0.1607 | Val Micro f1 0.9471 | Val Macro f1 0.9475
EarlyStopping counter: {self.counter} out of {self.patience}
Epoch 19 | Train Loss 0.0237 | Train Micro f1 1.0000 | Train Macro f1 1.0000 | Val Loss 0.1600 | Val Micro f1 0.9451 | Val Macro f1 0.9456
EarlyStopping counter: {self.counter} out of {self.patience}
Epoch 20 | Train Loss 0.0264 | Train Micro f1 1.0000 | Train Macro f1 1.0000 | Val Loss 0.1380 | Val Micro f1 0.9588 | Val Macro f1 0.9591
EarlyStopping counter: {self.counter} out of {self.patience}
Epoch 1 | Train Loss 0.1678 | Train Micro f1 0.9444 | Train Macro f1 0.9447 | Val Loss 0.0737 | Val Micro f1 0.9784 | Val Macro f1 0.9785
EarlyStopping counter: {self.counter} out of {self.patience}
Epoch 2 | Train Loss 0.1631 | Train Micro f1 0.9444 | Train Macro f1 0.9444 | Val Loss 0.0738 | Val Micro f1 0.9745 | Val Macro f1 0.9746
EarlyStopping counter: {self.counter} out of {self.patience}
Epoch 3 | Train Loss 0.1312 | Train Micro f1 0.9333 | Train Macro f1 0.9331 | Val Loss 0.1024 | Val Micro f1 0.9667 | Val Macro f1 0.9667
EarlyStopping counter: {self.counter} out of {self.patience}
Epoch 4 | Train Loss 0.1338 | Train Micro f1 0.9556 | Train Macro f1 0.9555 | Val Loss 0.1472 | Val Micro f1 0.9471 | Val Macro f1 0.9471
EarlyStopping counter: {self.counter} out of {self.patience}
Epoch 5 | Train Loss 0.0798 | Train Micro f1 0.9778 | Train Macro f1 0.9779 | Val Loss 0.1298 | Val Micro f1 0.9627 | Val Macro f1 0.9629
EarlyStopping counter: {self.counter} out of {self.patience}
Epoch 6 | Train Loss 0.1048 | Train Micro f1 0.9667 | Train Macro f1 0.9666 | Val Loss 0.0903 | Val Micro f1 0.9686 | Val Macro f1 0.9688
EarlyStopping counter: {self.counter} out of {self.patience}
Epoch 7 | Train Loss 0.1229 | Train Micro f1 0.9444 | Train Macro f1 0.9442 | Val Loss 0.0920 | Val Micro f1 0.9804 | Val Macro f1 0.9804
EarlyStopping counter: {self.counter} out of {self.patience}
Epoch 8 | Train Loss 0.1573 | Train Micro f1 0.9444 | Train Macro f1 0.9444 | Val Loss 0.0971 | Val Micro f1 0.9784 | Val Macro f1 0.9785
EarlyStopping counter: {self.counter} out of {self.patience}
Epoch 9 | Train Loss 0.0626 | Train Micro f1 0.9889 | Train Macro f1 0.9889 | Val Loss 0.0998 | Val Micro f1 0.9784 | Val Macro f1 0.9785
EarlyStopping counter: {self.counter} out of {self.patience}
Epoch 10 | Train Loss 0.0596 | Train Micro f1 0.9778 | Train Macro f1 0.9779 | Val Loss 0.0933 | Val Micro f1 0.9765 | Val Macro f1 0.9765
EarlyStopping counter: {self.counter} out of {self.patience}
Epoch 11 | Train Loss 0.0386 | Train Micro f1 1.0000 | Train Macro f1 1.0000 | Val Loss 0.0960 | Val Micro f1 0.9706 | Val Macro f1 0.9707
EarlyStopping counter: {self.counter} out of {self.patience}
Epoch 12 | Train Loss 0.0244 | Train Micro f1 0.9889 | Train Macro f1 0.9889 | Val Loss 0.1126 | Val Micro f1 0.9667 | Val Macro f1 0.9668
EarlyStopping counter: {self.counter} out of {self.patience}
Epoch 13 | Train Loss 0.0773 | Train Micro f1 0.9778 | Train Macro f1 0.9778 | Val Loss 0.1112 | Val Micro f1 0.9647 | Val Macro f1 0.9648
EarlyStopping counter: {self.counter} out of {self.patience}
Epoch 14 | Train Loss 0.0955 | Train Micro f1 0.9778 | Train Macro f1 0.9778 | Val Loss 0.0896 | Val Micro f1 0.9686 | Val Macro f1 0.9687
EarlyStopping counter: {self.counter} out of {self.patience}
Epoch 15 | Train Loss 0.0542 | Train Micro f1 0.9889 | Train Macro f1 0.9889 | Val Loss 0.0757 | Val Micro f1 0.9804 | Val Macro f1 0.9804
EarlyStopping counter: {self.counter} out of {self.patience}
Epoch 16 | Train Loss 0.0745 | Train Micro f1 0.9667 | Train Macro f1 0.9662 | Val Loss 0.0795 | Val Micro f1 0.9804 | Val Macro f1 0.9804
EarlyStopping counter: {self.counter} out of {self.patience}
Epoch 17 | Train Loss 0.0329 | Train Micro f1 1.0000 | Train Macro f1 1.0000 | Val Loss 0.0926 | Val Micro f1 0.9706 | Val Macro f1 0.9707
EarlyStopping counter: {self.counter} out of {self.patience}
Epoch 18 | Train Loss 0.0327 | Train Micro f1 0.9889 | Train Macro f1 0.9889 | Val Loss 0.1147 | Val Micro f1 0.9667 | Val Macro f1 0.9669
EarlyStopping counter: {self.counter} out of {self.patience}
Epoch 19 | Train Loss 0.0185 | Train Micro f1 1.0000 | Train Macro f1 1.0000 | Val Loss 0.1416 | Val Micro f1 0.9569 | Val Macro f1 0.9572
EarlyStopping counter: {self.counter} out of {self.patience}
Epoch 20 | Train Loss 0.0375 | Train Micro f1 0.9889 | Train Macro f1 0.9889 | Val Loss 0.1590 | Val Micro f1 0.9412 | Val Macro f1 0.9420
EarlyStopping counter: {self.counter} out of {self.patience}
Epoch 1 | Train Loss 0.1755 | Train Micro f1 0.9333 | Train Macro f1 0.9337 | Val Loss 0.1109 | Val Micro f1 0.9647 | Val Macro f1 0.9650
EarlyStopping counter: {self.counter} out of {self.patience}
Epoch 2 | Train Loss 0.1135 | Train Micro f1 0.9444 | Train Macro f1 0.9448 | Val Loss 0.0823 | Val Micro f1 0.9804 | Val Macro f1 0.9805
Epoch 3 | Train Loss 0.0678 | Train Micro f1 0.9778 | Train Macro f1 0.9778 | Val Loss 0.0823 | Val Micro f1 0.9824 | Val Macro f1 0.9824
Epoch 4 | Train Loss 0.1191 | Train Micro f1 0.9667 | Train Macro f1 0.9667 | Val Loss 0.0756 | Val Micro f1 0.9824 | Val Macro f1 0.9824
Epoch 5 | Train Loss 0.0892 | Train Micro f1 0.9778 | Train Macro f1 0.9778 | Val Loss 0.0678 | Val Micro f1 0.9824 | Val Macro f1 0.9824
Epoch 6 | Train Loss 0.0875 | Train Micro f1 0.9778 | Train Macro f1 0.9778 | Val Loss 0.0713 | Val Micro f1 0.9824 | Val Macro f1 0.9824
EarlyStopping counter: {self.counter} out of {self.patience}
Epoch 7 | Train Loss 0.0486 | Train Micro f1 0.9778 | Train Macro f1 0.9778 | Val Loss 0.0901 | Val Micro f1 0.9784 | Val Macro f1 0.9785
EarlyStopping counter: {self.counter} out of {self.patience}
Epoch 8 | Train Loss 0.0333 | Train Micro f1 1.0000 | Train Macro f1 1.0000 | Val Loss 0.1449 | Val Micro f1 0.9412 | Val Macro f1 0.9418
EarlyStopping counter: {self.counter} out of {self.patience}
Epoch 9 | Train Loss 0.0666 | Train Micro f1 0.9889 | Train Macro f1 0.9889 | Val Loss 0.2848 | Val Micro f1 0.8824 | Val Macro f1 0.8821
EarlyStopping counter: {self.counter} out of {self.patience}
Epoch 10 | Train Loss 0.0711 | Train Micro f1 0.9778 | Train Macro f1 0.9778 | Val Loss 0.2225 | Val Micro f1 0.9078 | Val Macro f1 0.9085
EarlyStopping counter: {self.counter} out of {self.patience}
Epoch 11 | Train Loss 0.0875 | Train Micro f1 0.9444 | Train Macro f1 0.9443 | Val Loss 0.0989 | Val Micro f1 0.9745 | Val Macro f1 0.9746
EarlyStopping counter: {self.counter} out of {self.patience}
Epoch 12 | Train Loss 0.0963 | Train Micro f1 0.9667 | Train Macro f1 0.9670 | Val Loss 0.0769 | Val Micro f1 0.9784 | Val Macro f1 0.9785
EarlyStopping counter: {self.counter} out of {self.patience}
Epoch 13 | Train Loss 0.0371 | Train Micro f1 1.0000 | Train Macro f1 1.0000 | Val Loss 0.0731 | Val Micro f1 0.9804 | Val Macro f1 0.9804
EarlyStopping counter: {self.counter} out of {self.patience}
Epoch 14 | Train Loss 0.0421 | Train Micro f1 0.9889 | Train Macro f1 0.9889 | Val Loss 0.0824 | Val Micro f1 0.9804 | Val Macro f1 0.9804
EarlyStopping counter: {self.counter} out of {self.patience}
Epoch 15 | Train Loss 0.0282 | Train Micro f1 0.9889 | Train Macro f1 0.9889 | Val Loss 0.0855 | Val Micro f1 0.9784 | Val Macro f1 0.9785
EarlyStopping counter: {self.counter} out of {self.patience}
Epoch 16 | Train Loss 0.0883 | Train Micro f1 0.9778 | Train Macro f1 0.9778 | Val Loss 0.0950 | Val Micro f1 0.9765 | Val Macro f1 0.9765
EarlyStopping counter: {self.counter} out of {self.patience}
Epoch 17 | Train Loss 0.0167 | Train Micro f1 1.0000 | Train Macro f1 1.0000 | Val Loss 0.1123 | Val Micro f1 0.9725 | Val Macro f1 0.9726
EarlyStopping counter: {self.counter} out of {self.patience}
Epoch 18 | Train Loss 0.0184 | Train Micro f1 1.0000 | Train Macro f1 1.0000 | Val Loss 0.1181 | Val Micro f1 0.9667 | Val Macro f1 0.9668
EarlyStopping counter: {self.counter} out of {self.patience}
Epoch 19 | Train Loss 0.0265 | Train Micro f1 0.9889 | Train Macro f1 0.9889 | Val Loss 0.1255 | Val Micro f1 0.9667 | Val Macro f1 0.9668
EarlyStopping counter: {self.counter} out of {self.patience}
Epoch 20 | Train Loss 0.0221 | Train Micro f1 1.0000 | Train Macro f1 1.0000 | Val Loss 0.1351 | Val Micro f1 0.9608 | Val Macro f1 0.9611
EarlyStopping counter: {self.counter} out of {self.patience}
Epoch 1 | Train Loss 0.1693 | Train Micro f1 0.9333 | Train Macro f1 0.9343 | Val Loss 0.0770 | Val Micro f1 0.9784 | Val Macro f1 0.9785
EarlyStopping counter: {self.counter} out of {self.patience}
Epoch 2 | Train Loss 0.1148 | Train Micro f1 0.9667 | Train Macro f1 0.9662 | Val Loss 0.0749 | Val Micro f1 0.9784 | Val Macro f1 0.9785
EarlyStopping counter: {self.counter} out of {self.patience}
Epoch 3 | Train Loss 0.1223 | Train Micro f1 0.9556 | Train Macro f1 0.9547 | Val Loss 0.0802 | Val Micro f1 0.9784 | Val Macro f1 0.9785
EarlyStopping counter: {self.counter} out of {self.patience}
Epoch 4 | Train Loss 0.0667 | Train Micro f1 0.9778 | Train Macro f1 0.9778 | Val Loss 0.1338 | Val Micro f1 0.9569 | Val Macro f1 0.9573
EarlyStopping counter: {self.counter} out of {self.patience}
Epoch 5 | Train Loss 0.0644 | Train Micro f1 0.9778 | Train Macro f1 0.9778 | Val Loss 0.2030 | Val Micro f1 0.9176 | Val Macro f1 0.9186
EarlyStopping counter: {self.counter} out of {self.patience}
Epoch 6 | Train Loss 0.0797 | Train Micro f1 0.9889 | Train Macro f1 0.9889 | Val Loss 0.1241 | Val Micro f1 0.9667 | Val Macro f1 0.9669
EarlyStopping counter: {self.counter} out of {self.patience}
Epoch 7 | Train Loss 0.0386 | Train Micro f1 1.0000 | Train Macro f1 1.0000 | Val Loss 0.0911 | Val Micro f1 0.9686 | Val Macro f1 0.9687
EarlyStopping counter: {self.counter} out of {self.patience}
Epoch 8 | Train Loss 0.0421 | Train Micro f1 0.9889 | Train Macro f1 0.9889 | Val Loss 0.0898 | Val Micro f1 0.9647 | Val Macro f1 0.9648
EarlyStopping counter: {self.counter} out of {self.patience}
Epoch 9 | Train Loss 0.0771 | Train Micro f1 0.9778 | Train Macro f1 0.9778 | Val Loss 0.0831 | Val Micro f1 0.9686 | Val Macro f1 0.9688
EarlyStopping counter: {self.counter} out of {self.patience}
Epoch 10 | Train Loss 0.0198 | Train Micro f1 1.0000 | Train Macro f1 1.0000 | Val Loss 0.0847 | Val Micro f1 0.9725 | Val Macro f1 0.9727
EarlyStopping counter: {self.counter} out of {self.patience}
Epoch 11 | Train Loss 0.0257 | Train Micro f1 1.0000 | Train Macro f1 1.0000 | Val Loss 0.1105 | Val Micro f1 0.9725 | Val Macro f1 0.9727
EarlyStopping counter: {self.counter} out of {self.patience}
Epoch 12 | Train Loss 0.0380 | Train Micro f1 0.9889 | Train Macro f1 0.9889 | Val Loss 0.1513 | Val Micro f1 0.9431 | Val Macro f1 0.9437
EarlyStopping counter: {self.counter} out of {self.patience}
Epoch 13 | Train Loss 0.0279 | Train Micro f1 1.0000 | Train Macro f1 1.0000 | Val Loss 0.1671 | Val Micro f1 0.9373 | Val Macro f1 0.9376
EarlyStopping counter: {self.counter} out of {self.patience}
Epoch 14 | Train Loss 0.0447 | Train Micro f1 1.0000 | Train Macro f1 1.0000 | Val Loss 0.1271 | Val Micro f1 0.9627 | Val Macro f1 0.9630
EarlyStopping counter: {self.counter} out of {self.patience}
Epoch 15 | Train Loss 0.0136 | Train Micro f1 1.0000 | Train Macro f1 1.0000 | Val Loss 0.0972 | Val Micro f1 0.9804 | Val Macro f1 0.9805
EarlyStopping counter: {self.counter} out of {self.patience}
Epoch 16 | Train Loss 0.0184 | Train Micro f1 1.0000 | Train Macro f1 1.0000 | Val Loss 0.0805 | Val Micro f1 0.9765 | Val Macro f1 0.9765
EarlyStopping counter: {self.counter} out of {self.patience}
Epoch 17 | Train Loss 0.0339 | Train Micro f1 0.9889 | Train Macro f1 0.9889 | Val Loss 0.0780 | Val Micro f1 0.9784 | Val Macro f1 0.9785
EarlyStopping counter: {self.counter} out of {self.patience}
Epoch 18 | Train Loss 0.0592 | Train Micro f1 0.9778 | Train Macro f1 0.9778 | Val Loss 0.0872 | Val Micro f1 0.9725 | Val Macro f1 0.9727
EarlyStopping counter: {self.counter} out of {self.patience}
Epoch 19 | Train Loss 0.0419 | Train Micro f1 1.0000 | Train Macro f1 1.0000 | Val Loss 0.1368 | Val Micro f1 0.9608 | Val Macro f1 0.9611
EarlyStopping counter: {self.counter} out of {self.patience}
Epoch 20 | Train Loss 0.0294 | Train Micro f1 1.0000 | Train Macro f1 1.0000 | Val Loss 0.1881 | Val Micro f1 0.9294 | Val Macro f1 0.9301
aaaaaaaaaaaaaaaaaaaaaaa
F:\anaconda\Anaconda2\lib\site-packages\sklearn\metrics\_classification.py:1245: UndefinedMetricWarning: Precision and F-score are ill-defined and being set to 0.0 in labels with no predicted samples. Use `zero_division` parameter to control this behavior.
  _warn_prf(average, modifier, msg_start, len(result))
F:\anaconda\Anaconda2\lib\site-packages\sklearn\metrics\_classification.py:1245: UndefinedMetricWarning: Precision and F-score are ill-defined and being set to 0.0 in labels with no predicted samples. Use `zero_division` parameter to control this behavior.
  _warn_prf(average, modifier, msg_start, len(result))
F:\anaconda\Anaconda2\lib\site-packages\sklearn\metrics\_classification.py:1245: UndefinedMetricWarning: Precision and F-score are ill-defined and being set to 0.0 in labels with no predicted samples. Use `zero_division` parameter to control this behavior.
  _warn_prf(average, modifier, msg_start, len(result))
EarlyStopping counter: {self.counter} out of {self.patience}
Epoch 1 | Train Loss 0.1790 | Train Micro f1 0.9500 | Train Macro f1 0.9496 | Val Loss 2.2930 | Val Micro f1 0.3467 | Val Macro f1 0.1940
EarlyStopping counter: {self.counter} out of {self.patience}
Epoch 2 | Train Loss 1.4848 | Train Micro f1 0.4950 | Train Macro f1 0.4478 | Val Loss 0.1720 | Val Micro f1 0.9500 | Val Macro f1 0.9504
EarlyStopping counter: {self.counter} out of {self.patience}
Epoch 3 | Train Loss 0.2088 | Train Micro f1 0.9250 | Train Macro f1 0.9255 | Val Loss 0.6007 | Val Micro f1 0.8000 | Val Macro f1 0.7846
EarlyStopping counter: {self.counter} out of {self.patience}
Epoch 4 | Train Loss 0.6042 | Train Micro f1 0.8050 | Train Macro f1 0.7869 | Val Loss 0.7180 | Val Micro f1 0.7733 | Val Macro f1 0.7384
EarlyStopping counter: {self.counter} out of {self.patience}
Epoch 5 | Train Loss 0.7344 | Train Micro f1 0.7833 | Train Macro f1 0.7506 | Val Loss 0.5570 | Val Micro f1 0.8333 | Val Macro f1 0.8173
EarlyStopping counter: {self.counter} out of {self.patience}
Epoch 6 | Train Loss 0.5842 | Train Micro f1 0.8283 | Train Macro f1 0.8132 | Val Loss 0.2846 | Val Micro f1 0.9233 | Val Macro f1 0.9209
EarlyStopping counter: {self.counter} out of {self.patience}
Epoch 7 | Train Loss 0.3346 | Train Micro f1 0.8917 | Train Macro f1 0.8908 | Val Loss 0.1223 | Val Micro f1 0.9733 | Val Macro f1 0.9732
EarlyStopping counter: {self.counter} out of {self.patience}
Epoch 8 | Train Loss 0.1488 | Train Micro f1 0.9583 | Train Macro f1 0.9580 | Val Loss 0.0992 | Val Micro f1 0.9667 | Val Macro f1 0.9666
EarlyStopping counter: {self.counter} out of {self.patience}
Epoch 9 | Train Loss 0.1091 | Train Micro f1 0.9600 | Train Macro f1 0.9600 | Val Loss 0.1664 | Val Micro f1 0.9333 | Val Macro f1 0.9338
EarlyStopping counter: {self.counter} out of {self.patience}
Epoch 10 | Train Loss 0.1777 | Train Micro f1 0.9300 | Train Macro f1 0.9308 | Val Loss 0.2521 | Val Micro f1 0.9033 | Val Macro f1 0.9051
EarlyStopping counter: {self.counter} out of {self.patience}
Epoch 11 | Train Loss 0.2094 | Train Micro f1 0.9217 | Train Macro f1 0.9221 | Val Loss 0.2716 | Val Micro f1 0.9067 | Val Macro f1 0.9080
EarlyStopping counter: {self.counter} out of {self.patience}
Epoch 12 | Train Loss 0.1883 | Train Micro f1 0.9400 | Train Macro f1 0.9406 | Val Loss 0.2848 | Val Micro f1 0.9100 | Val Macro f1 0.9110
EarlyStopping counter: {self.counter} out of {self.patience}
Epoch 13 | Train Loss 0.1827 | Train Micro f1 0.9383 | Train Macro f1 0.9388 | Val Loss 0.2987 | Val Micro f1 0.9167 | Val Macro f1 0.9163
EarlyStopping counter: {self.counter} out of {self.patience}
Epoch 14 | Train Loss 0.1696 | Train Micro f1 0.9500 | Train Macro f1 0.9501 | Val Loss 0.3091 | Val Micro f1 0.9167 | Val Macro f1 0.9156
EarlyStopping counter: {self.counter} out of {self.patience}
Epoch 15 | Train Loss 0.1770 | Train Micro f1 0.9483 | Train Macro f1 0.9483 | Val Loss 0.2822 | Val Micro f1 0.9300 | Val Macro f1 0.9295
EarlyStopping counter: {self.counter} out of {self.patience}
Epoch 16 | Train Loss 0.1366 | Train Micro f1 0.9467 | Train Macro f1 0.9470 | Val Loss 0.2336 | Val Micro f1 0.9233 | Val Macro f1 0.9234
EarlyStopping counter: {self.counter} out of {self.patience}
Epoch 17 | Train Loss 0.1477 | Train Micro f1 0.9483 | Train Macro f1 0.9483 | Val Loss 0.1830 | Val Micro f1 0.9367 | Val Macro f1 0.9368
EarlyStopping counter: {self.counter} out of {self.patience}
Epoch 18 | Train Loss 0.1553 | Train Micro f1 0.9483 | Train Macro f1 0.9488 | Val Loss 0.1350 | Val Micro f1 0.9600 | Val Macro f1 0.9601
EarlyStopping counter: {self.counter} out of {self.patience}
Epoch 19 | Train Loss 0.0896 | Train Micro f1 0.9667 | Train Macro f1 0.9668 | Val Loss 0.1010 | Val Micro f1 0.9733 | Val Macro f1 0.9734
EarlyStopping counter: {self.counter} out of {self.patience}
Epoch 20 | Train Loss 0.0856 | Train Micro f1 0.9650 | Train Macro f1 0.9651 | Val Loss 0.0844 | Val Micro f1 0.9733 | Val Macro f1 0.9734
Epoch 21 | Train Loss 0.0867 | Train Micro f1 0.9767 | Train Macro f1 0.9766 | Val Loss 0.0810 | Val Micro f1 0.9833 | Val Macro f1 0.9833
Test loss 0.3226 | Test Micro f1 0.8894 | Test Macro f1 0.8899