Created directory results\ACM_2022-09-26_16-56-19
Downloading C:\Users\lenovo\.dgl/ACM3025.pkl from https://data.dgl.ai/dataset/ACM3025.pkl...
dataset loaded
{'dataset': '细胞因子', 'test': 0.4, 'train': 0.2, 'val': 0.4}
bbbbb
Epoch 1 | Train Loss 0.7384 | Train Micro f1 0.3000 | Train Macro f1 0.2929 | Val Loss 0.6972 | Val Micro f1 0.5833 | Val Macro f1 0.5116
Epoch 2 | Train Loss 0.6892 | Train Micro f1 0.4000 | Train Macro f1 0.3750 | Val Loss 0.6894 | Val Micro f1 0.6000 | Val Macro f1 0.5238
Epoch 3 | Train Loss 0.6995 | Train Micro f1 0.6000 | Train Macro f1 0.5604 | Val Loss 0.6784 | Val Micro f1 0.6500 | Val Macro f1 0.6011
Epoch 4 | Train Loss 0.6668 | Train Micro f1 0.6500 | Train Macro f1 0.6419 | Val Loss 0.6679 | Val Micro f1 0.7333 | Val Macro f1 0.7129
Epoch 5 | Train Loss 0.5888 | Train Micro f1 0.7500 | Train Macro f1 0.7333 | Val Loss 0.6576 | Val Micro f1 0.8500 | Val Macro f1 0.8465
Epoch 6 | Train Loss 0.6389 | Train Micro f1 0.9500 | Train Macro f1 0.9499 | Val Loss 0.6486 | Val Micro f1 0.9167 | Val Macro f1 0.9161
Epoch 7 | Train Loss 0.6562 | Train Micro f1 0.6500 | Train Macro f1 0.6491 | Val Loss 0.6396 | Val Micro f1 1.0000 | Val Macro f1 1.0000
Epoch 8 | Train Loss 0.5510 | Train Micro f1 0.9000 | Train Macro f1 0.8990 | Val Loss 0.6301 | Val Micro f1 1.0000 | Val Macro f1 1.0000
Epoch 9 | Train Loss 0.5797 | Train Micro f1 1.0000 | Train Macro f1 1.0000 | Val Loss 0.6208 | Val Micro f1 1.0000 | Val Macro f1 1.0000
Epoch 10 | Train Loss 0.5544 | Train Micro f1 0.9000 | Train Macro f1 0.8990 | Val Loss 0.6115 | Val Micro f1 1.0000 | Val Macro f1 1.0000
Epoch 11 | Train Loss 0.5727 | Train Micro f1 0.8500 | Train Macro f1 0.8465 | Val Loss 0.5973 | Val Micro f1 1.0000 | Val Macro f1 1.0000
Epoch 12 | Train Loss 0.5788 | Train Micro f1 0.9000 | Train Macro f1 0.8990 | Val Loss 0.5873 | Val Micro f1 1.0000 | Val Macro f1 1.0000
Epoch 13 | Train Loss 0.4839 | Train Micro f1 0.9500 | Train Macro f1 0.9499 | Val Loss 0.5771 | Val Micro f1 1.0000 | Val Macro f1 1.0000
Epoch 14 | Train Loss 0.5207 | Train Micro f1 1.0000 | Train Macro f1 1.0000 | Val Loss 0.5636 | Val Micro f1 1.0000 | Val Macro f1 1.0000
Epoch 15 | Train Loss 0.4069 | Train Micro f1 1.0000 | Train Macro f1 1.0000 | Val Loss 0.5553 | Val Micro f1 1.0000 | Val Macro f1 1.0000
Epoch 16 | Train Loss 0.4592 | Train Micro f1 1.0000 | Train Macro f1 1.0000 | Val Loss 0.5445 | Val Micro f1 1.0000 | Val Macro f1 1.0000
Epoch 17 | Train Loss 0.4261 | Train Micro f1 0.9500 | Train Macro f1 0.9499 | Val Loss 0.5329 | Val Micro f1 1.0000 | Val Macro f1 1.0000
Epoch 18 | Train Loss 0.4185 | Train Micro f1 1.0000 | Train Macro f1 1.0000 | Val Loss 0.5222 | Val Micro f1 1.0000 | Val Macro f1 1.0000
Epoch 19 | Train Loss 0.3986 | Train Micro f1 0.9500 | Train Macro f1 0.9499 | Val Loss 0.5111 | Val Micro f1 1.0000 | Val Macro f1 1.0000
Epoch 20 | Train Loss 0.3721 | Train Micro f1 0.9500 | Train Macro f1 0.9499 | Val Loss 0.5000 | Val Micro f1 1.0000 | Val Macro f1 1.0000
Epoch 1 | Train Loss 0.3445 | Train Micro f1 1.0000 | Train Macro f1 1.0000 | Val Loss 0.4851 | Val Micro f1 1.0000 | Val Macro f1 1.0000
Epoch 2 | Train Loss 0.3492 | Train Micro f1 1.0000 | Train Macro f1 1.0000 | Val Loss 0.4739 | Val Micro f1 1.0000 | Val Macro f1 1.0000
Epoch 3 | Train Loss 0.3147 | Train Micro f1 1.0000 | Train Macro f1 1.0000 | Val Loss 0.4636 | Val Micro f1 0.9833 | Val Macro f1 0.9833
EarlyStopping counter: {self.counter} out of {self.patience}
Epoch 4 | Train Loss 0.3810 | Train Micro f1 0.9000 | Train Macro f1 0.8990 | Val Loss 0.4837 | Val Micro f1 0.9833 | Val Macro f1 0.9833
EarlyStopping counter: {self.counter} out of {self.patience}
Epoch 5 | Train Loss 0.3009 | Train Micro f1 1.0000 | Train Macro f1 1.0000 | Val Loss 0.4723 | Val Micro f1 0.9833 | Val Macro f1 0.9833
Epoch 6 | Train Loss 0.2881 | Train Micro f1 1.0000 | Train Macro f1 1.0000 | Val Loss 0.4575 | Val Micro f1 0.9833 | Val Macro f1 0.9833
Epoch 7 | Train Loss 0.3085 | Train Micro f1 0.9000 | Train Macro f1 0.8990 | Val Loss 0.4421 | Val Micro f1 1.0000 | Val Macro f1 1.0000
Epoch 8 | Train Loss 0.2510 | Train Micro f1 1.0000 | Train Macro f1 1.0000 | Val Loss 0.4248 | Val Micro f1 1.0000 | Val Macro f1 1.0000
Epoch 9 | Train Loss 0.2666 | Train Micro f1 0.9500 | Train Macro f1 0.9499 | Val Loss 0.4076 | Val Micro f1 1.0000 | Val Macro f1 1.0000
Epoch 10 | Train Loss 0.1957 | Train Micro f1 0.9500 | Train Macro f1 0.9499 | Val Loss 0.3934 | Val Micro f1 1.0000 | Val Macro f1 1.0000
Epoch 11 | Train Loss 0.2633 | Train Micro f1 0.9500 | Train Macro f1 0.9499 | Val Loss 0.3836 | Val Micro f1 1.0000 | Val Macro f1 1.0000
Epoch 12 | Train Loss 0.3213 | Train Micro f1 0.9500 | Train Macro f1 0.9499 | Val Loss 0.3696 | Val Micro f1 1.0000 | Val Macro f1 1.0000
Epoch 13 | Train Loss 0.1721 | Train Micro f1 1.0000 | Train Macro f1 1.0000 | Val Loss 0.3572 | Val Micro f1 1.0000 | Val Macro f1 1.0000
Epoch 14 | Train Loss 0.1923 | Train Micro f1 0.9500 | Train Macro f1 0.9499 | Val Loss 0.3457 | Val Micro f1 1.0000 | Val Macro f1 1.0000
Epoch 15 | Train Loss 0.2811 | Train Micro f1 0.9000 | Train Macro f1 0.8990 | Val Loss 0.3331 | Val Micro f1 1.0000 | Val Macro f1 1.0000
Epoch 16 | Train Loss 0.2107 | Train Micro f1 1.0000 | Train Macro f1 1.0000 | Val Loss 0.3206 | Val Micro f1 1.0000 | Val Macro f1 1.0000
Epoch 17 | Train Loss 0.1619 | Train Micro f1 1.0000 | Train Macro f1 1.0000 | Val Loss 0.3101 | Val Micro f1 1.0000 | Val Macro f1 1.0000
Epoch 18 | Train Loss 0.1322 | Train Micro f1 1.0000 | Train Macro f1 1.0000 | Val Loss 0.3010 | Val Micro f1 1.0000 | Val Macro f1 1.0000
Epoch 19 | Train Loss 0.1048 | Train Micro f1 1.0000 | Train Macro f1 1.0000 | Val Loss 0.2928 | Val Micro f1 1.0000 | Val Macro f1 1.0000
Epoch 20 | Train Loss 0.1537 | Train Micro f1 1.0000 | Train Macro f1 1.0000 | Val Loss 0.2845 | Val Micro f1 1.0000 | Val Macro f1 1.0000
Epoch 1 | Train Loss 0.1546 | Train Micro f1 1.0000 | Train Macro f1 1.0000 | Val Loss 0.2704 | Val Micro f1 1.0000 | Val Macro f1 1.0000
Epoch 2 | Train Loss 0.1343 | Train Micro f1 1.0000 | Train Macro f1 1.0000 | Val Loss 0.2690 | Val Micro f1 1.0000 | Val Macro f1 1.0000
Epoch 3 | Train Loss 0.1668 | Train Micro f1 1.0000 | Train Macro f1 1.0000 | Val Loss 0.2623 | Val Micro f1 1.0000 | Val Macro f1 1.0000
Epoch 4 | Train Loss 0.3651 | Train Micro f1 0.8000 | Train Macro f1 0.7917 | Val Loss 0.2522 | Val Micro f1 1.0000 | Val Macro f1 1.0000
Epoch 5 | Train Loss 0.1169 | Train Micro f1 1.0000 | Train Macro f1 1.0000 | Val Loss 0.2425 | Val Micro f1 1.0000 | Val Macro f1 1.0000
Epoch 6 | Train Loss 0.1676 | Train Micro f1 0.9500 | Train Macro f1 0.9499 | Val Loss 0.2315 | Val Micro f1 1.0000 | Val Macro f1 1.0000
Epoch 7 | Train Loss 0.1221 | Train Micro f1 1.0000 | Train Macro f1 1.0000 | Val Loss 0.2210 | Val Micro f1 1.0000 | Val Macro f1 1.0000
Epoch 8 | Train Loss 0.1262 | Train Micro f1 1.0000 | Train Macro f1 1.0000 | Val Loss 0.2113 | Val Micro f1 1.0000 | Val Macro f1 1.0000
Epoch 9 | Train Loss 0.0902 | Train Micro f1 1.0000 | Train Macro f1 1.0000 | Val Loss 0.2028 | Val Micro f1 1.0000 | Val Macro f1 1.0000
Epoch 10 | Train Loss 0.1837 | Train Micro f1 0.9500 | Train Macro f1 0.9499 | Val Loss 0.1940 | Val Micro f1 1.0000 | Val Macro f1 1.0000
Epoch 11 | Train Loss 0.1160 | Train Micro f1 1.0000 | Train Macro f1 1.0000 | Val Loss 0.1853 | Val Micro f1 1.0000 | Val Macro f1 1.0000
Epoch 12 | Train Loss 0.0632 | Train Micro f1 1.0000 | Train Macro f1 1.0000 | Val Loss 0.1783 | Val Micro f1 1.0000 | Val Macro f1 1.0000
Epoch 13 | Train Loss 0.1500 | Train Micro f1 0.9500 | Train Macro f1 0.9499 | Val Loss 0.1711 | Val Micro f1 1.0000 | Val Macro f1 1.0000
Epoch 14 | Train Loss 0.1432 | Train Micro f1 0.9500 | Train Macro f1 0.9499 | Val Loss 0.1634 | Val Micro f1 1.0000 | Val Macro f1 1.0000
Epoch 15 | Train Loss 0.0648 | Train Micro f1 1.0000 | Train Macro f1 1.0000 | Val Loss 0.1565 | Val Micro f1 1.0000 | Val Macro f1 1.0000
Epoch 16 | Train Loss 0.0599 | Train Micro f1 1.0000 | Train Macro f1 1.0000 | Val Loss 0.1512 | Val Micro f1 1.0000 | Val Macro f1 1.0000
Epoch 17 | Train Loss 0.0422 | Train Micro f1 1.0000 | Train Macro f1 1.0000 | Val Loss 0.1484 | Val Micro f1 1.0000 | Val Macro f1 1.0000
Epoch 18 | Train Loss 0.0818 | Train Micro f1 1.0000 | Train Macro f1 1.0000 | Val Loss 0.1579 | Val Micro f1 1.0000 | Val Macro f1 1.0000
Epoch 19 | Train Loss 0.0433 | Train Micro f1 1.0000 | Train Macro f1 1.0000 | Val Loss 0.1548 | Val Micro f1 1.0000 | Val Macro f1 1.0000
Epoch 20 | Train Loss 0.0507 | Train Micro f1 1.0000 | Train Macro f1 1.0000 | Val Loss 0.1543 | Val Micro f1 1.0000 | Val Macro f1 1.0000
aaaaaaaaaaaaaaaaaaaaaaa
EarlyStopping counter: {self.counter} out of {self.patience}
Epoch 1 | Train Loss 0.1343 | Train Micro f1 0.9750 | Train Macro f1 0.9750 | Val Loss 0.2201 | Val Micro f1 0.9938 | Val Macro f1 0.9937
EarlyStopping counter: {self.counter} out of {self.patience}
Epoch 2 | Train Loss 0.0739 | Train Micro f1 1.0000 | Train Macro f1 1.0000 | Val Loss 0.1852 | Val Micro f1 0.9938 | Val Macro f1 0.9937
EarlyStopping counter: {self.counter} out of {self.patience}
Epoch 3 | Train Loss 0.1390 | Train Micro f1 0.9625 | Train Macro f1 0.9624 | Val Loss 0.1997 | Val Micro f1 0.9938 | Val Macro f1 0.9937
EarlyStopping counter: {self.counter} out of {self.patience}
Epoch 4 | Train Loss 0.1014 | Train Micro f1 0.9750 | Train Macro f1 0.9750 | Val Loss 0.1883 | Val Micro f1 0.9875 | Val Macro f1 0.9875
Epoch 5 | Train Loss 0.0572 | Train Micro f1 0.9875 | Train Macro f1 0.9875 | Val Loss 0.1826 | Val Micro f1 1.0000 | Val Macro f1 1.0000
Epoch 6 | Train Loss 0.0637 | Train Micro f1 1.0000 | Train Macro f1 1.0000 | Val Loss 0.1731 | Val Micro f1 1.0000 | Val Macro f1 1.0000
EarlyStopping counter: {self.counter} out of {self.patience}
Epoch 7 | Train Loss 0.0592 | Train Micro f1 0.9875 | Train Macro f1 0.9875 | Val Loss 0.2211 | Val Micro f1 0.9938 | Val Macro f1 0.9937
EarlyStopping counter: {self.counter} out of {self.patience}
Epoch 8 | Train Loss 0.1708 | Train Micro f1 0.9250 | Train Macro f1 0.9246 | Val Loss 0.2335 | Val Micro f1 0.9875 | Val Macro f1 0.9875
EarlyStopping counter: {self.counter} out of {self.patience}
Epoch 9 | Train Loss 0.0851 | Train Micro f1 0.9875 | Train Macro f1 0.9875 | Val Loss 0.2195 | Val Micro f1 0.9875 | Val Macro f1 0.9875
EarlyStopping counter: {self.counter} out of {self.patience}
Epoch 10 | Train Loss 0.0827 | Train Micro f1 0.9875 | Train Macro f1 0.9875 | Val Loss 0.2601 | Val Micro f1 0.9750 | Val Macro f1 0.9750
EarlyStopping counter: {self.counter} out of {self.patience}
Epoch 11 | Train Loss 0.0526 | Train Micro f1 1.0000 | Train Macro f1 1.0000 | Val Loss 0.2356 | Val Micro f1 0.9812 | Val Macro f1 0.9812
EarlyStopping counter: {self.counter} out of {self.patience}
Epoch 12 | Train Loss 0.1418 | Train Micro f1 0.9500 | Train Macro f1 0.9499 | Val Loss 0.2110 | Val Micro f1 0.9938 | Val Macro f1 0.9937
Epoch 13 | Train Loss 0.0959 | Train Micro f1 0.9750 | Train Macro f1 0.9750 | Val Loss 0.1870 | Val Micro f1 1.0000 | Val Macro f1 1.0000
Epoch 14 | Train Loss 0.1337 | Train Micro f1 0.9375 | Train Macro f1 0.9373 | Val Loss 0.1708 | Val Micro f1 1.0000 | Val Macro f1 1.0000
Epoch 15 | Train Loss 0.0842 | Train Micro f1 0.9750 | Train Macro f1 0.9750 | Val Loss 0.1582 | Val Micro f1 1.0000 | Val Macro f1 1.0000
EarlyStopping counter: {self.counter} out of {self.patience}
Epoch 16 | Train Loss 0.1518 | Train Micro f1 0.9375 | Train Macro f1 0.9373 | Val Loss 0.1503 | Val Micro f1 0.9938 | Val Macro f1 0.9937
EarlyStopping counter: {self.counter} out of {self.patience}
Epoch 17 | Train Loss 0.1104 | Train Micro f1 0.9625 | Train Macro f1 0.9624 | Val Loss 0.1579 | Val Micro f1 0.9938 | Val Macro f1 0.9937
EarlyStopping counter: {self.counter} out of {self.patience}
Epoch 18 | Train Loss 0.0616 | Train Micro f1 1.0000 | Train Macro f1 1.0000 | Val Loss 0.1582 | Val Micro f1 0.9938 | Val Macro f1 0.9937
EarlyStopping counter: {self.counter} out of {self.patience}
Epoch 19 | Train Loss 0.0925 | Train Micro f1 0.9750 | Train Macro f1 0.9750 | Val Loss 0.1534 | Val Micro f1 0.9875 | Val Macro f1 0.9875
EarlyStopping counter: {self.counter} out of {self.patience}
Epoch 20 | Train Loss 0.1116 | Train Micro f1 0.9625 | Train Macro f1 0.9624 | Val Loss 0.1548 | Val Micro f1 0.9875 | Val Macro f1 0.9875
EarlyStopping counter: {self.counter} out of {self.patience}
Epoch 21 | Train Loss 0.1158 | Train Micro f1 0.9750 | Train Macro f1 0.9750 | Val Loss 0.1594 | Val Micro f1 0.9875 | Val Macro f1 0.9875
EarlyStopping counter: {self.counter} out of {self.patience}
Epoch 22 | Train Loss 0.0729 | Train Micro f1 1.0000 | Train Macro f1 1.0000 | Val Loss 0.1729 | Val Micro f1 0.9938 | Val Macro f1 0.9937
EarlyStopping counter: {self.counter} out of {self.patience}
Epoch 23 | Train Loss 0.1284 | Train Micro f1 0.9500 | Train Macro f1 0.9499 | Val Loss 0.1681 | Val Micro f1 0.9875 | Val Macro f1 0.9875
EarlyStopping counter: {self.counter} out of {self.patience}
Epoch 24 | Train Loss 0.0856 | Train Micro f1 0.9750 | Train Macro f1 0.9750 | Val Loss 0.1703 | Val Micro f1 0.9812 | Val Macro f1 0.9812
EarlyStopping counter: {self.counter} out of {self.patience}
Epoch 25 | Train Loss 0.1160 | Train Micro f1 0.9875 | Train Macro f1 0.9875 | Val Loss 0.1745 | Val Micro f1 0.9688 | Val Macro f1 0.9687
EarlyStopping counter: {self.counter} out of {self.patience}
Epoch 26 | Train Loss 0.0851 | Train Micro f1 0.9875 | Train Macro f1 0.9875 | Val Loss 0.1687 | Val Micro f1 0.9625 | Val Macro f1 0.9624
EarlyStopping counter: {self.counter} out of {self.patience}
Epoch 27 | Train Loss 0.0775 | Train Micro f1 1.0000 | Train Macro f1 1.0000 | Val Loss 0.1611 | Val Micro f1 0.9625 | Val Macro f1 0.9624
EarlyStopping counter: {self.counter} out of {self.patience}
Epoch 28 | Train Loss 0.1056 | Train Micro f1 0.9750 | Train Macro f1 0.9750 | Val Loss 0.1495 | Val Micro f1 0.9625 | Val Macro f1 0.9624
Epoch 29 | Train Loss 0.0594 | Train Micro f1 0.9875 | Train Macro f1 0.9875 | Val Loss 0.1388 | Val Micro f1 0.9625 | Val Macro f1 0.9624
Epoch 30 | Train Loss 0.0754 | Train Micro f1 0.9875 | Train Macro f1 0.9875 | Val Loss 0.1199 | Val Micro f1 0.9750 | Val Macro f1 0.9750
Epoch 31 | Train Loss 0.0648 | Train Micro f1 0.9875 | Train Macro f1 0.9875 | Val Loss 0.1049 | Val Micro f1 0.9812 | Val Macro f1 0.9812
Epoch 32 | Train Loss 0.0564 | Train Micro f1 0.9875 | Train Macro f1 0.9875 | Val Loss 0.0996 | Val Micro f1 0.9938 | Val Macro f1 0.9937
Epoch 33 | Train Loss 0.0306 | Train Micro f1 0.9875 | Train Macro f1 0.9875 | Val Loss 0.0934 | Val Micro f1 1.0000 | Val Macro f1 1.0000
Epoch 34 | Train Loss 0.1020 | Train Micro f1 0.9625 | Train Macro f1 0.9624 | Val Loss 0.0881 | Val Micro f1 1.0000 | Val Macro f1 1.0000
Epoch 35 | Train Loss 0.1309 | Train Micro f1 0.9500 | Train Macro f1 0.9499 | Val Loss 0.0820 | Val Micro f1 1.0000 | Val Macro f1 1.0000
Epoch 36 | Train Loss 0.0341 | Train Micro f1 1.0000 | Train Macro f1 1.0000 | Val Loss 0.0797 | Val Micro f1 1.0000 | Val Macro f1 1.0000
Epoch 37 | Train Loss 0.0419 | Train Micro f1 0.9750 | Train Macro f1 0.9750 | Val Loss 0.0802 | Val Micro f1 1.0000 | Val Macro f1 1.0000
Epoch 38 | Train Loss 0.0549 | Train Micro f1 0.9875 | Train Macro f1 0.9875 | Val Loss 0.0759 | Val Micro f1 1.0000 | Val Macro f1 1.0000
Epoch 39 | Train Loss 0.0645 | Train Micro f1 0.9750 | Train Macro f1 0.9750 | Val Loss 0.0711 | Val Micro f1 1.0000 | Val Macro f1 1.0000
Epoch 40 | Train Loss 0.0216 | Train Micro f1 1.0000 | Train Macro f1 1.0000 | Val Loss 0.0743 | Val Micro f1 1.0000 | Val Macro f1 1.0000
Epoch 41 | Train Loss 0.0277 | Train Micro f1 1.0000 | Train Macro f1 1.0000 | Val Loss 0.0724 | Val Micro f1 1.0000 | Val Macro f1 1.0000
Epoch 42 | Train Loss 0.1523 | Train Micro f1 0.9125 | Train Macro f1 0.9118 | Val Loss 0.0696 | Val Micro f1 1.0000 | Val Macro f1 1.0000
Epoch 43 | Train Loss 0.0240 | Train Micro f1 1.0000 | Train Macro f1 1.0000 | Val Loss 0.0762 | Val Micro f1 1.0000 | Val Macro f1 1.0000
EarlyStopping counter: {self.counter} out of {self.patience}
Epoch 44 | Train Loss 0.1142 | Train Micro f1 0.9625 | Train Macro f1 0.9624 | Val Loss 0.0779 | Val Micro f1 0.9938 | Val Macro f1 0.9937
Test loss 0.1144 | Test Micro f1 0.9938 | Test Macro f1 0.9937