Created directory results\ACM_2022-09-26_13-58-27
Downloading C:\Users\lenovo\.dgl/ACM3025.pkl from https://data.dgl.ai/dataset/ACM3025.pkl...
dataset loaded
{'dataset': '细胞因子', 'test': 0.4, 'train': 0.2, 'val': 0.4}
bbbbb
aaaaaaaaaaaaaaaaaaaaaaa
Epoch 1 | Train Loss 0.6963 | Train Micro f1 0.5750 | Train Macro f1 0.5402 | Val Loss 0.6899 | Val Micro f1 0.5437 | Val Macro f1 0.5397
Epoch 2 | Train Loss 0.6817 | Train Micro f1 0.6125 | Train Macro f1 0.6050 | Val Loss 0.6820 | Val Micro f1 0.7438 | Val Macro f1 0.7276
Epoch 3 | Train Loss 0.6723 | Train Micro f1 0.6500 | Train Macro f1 0.6154 | Val Loss 0.6735 | Val Micro f1 0.7562 | Val Macro f1 0.7425
Epoch 4 | Train Loss 0.6645 | Train Micro f1 0.8125 | Train Macro f1 0.8057 | Val Loss 0.6639 | Val Micro f1 0.8000 | Val Macro f1 0.7927
Epoch 5 | Train Loss 0.6505 | Train Micro f1 0.9375 | Train Macro f1 0.9375 | Val Loss 0.6528 | Val Micro f1 0.9125 | Val Macro f1 0.9120
Epoch 6 | Train Loss 0.6511 | Train Micro f1 0.9375 | Train Macro f1 0.9374 | Val Loss 0.6403 | Val Micro f1 0.9250 | Val Macro f1 0.9247
Epoch 7 | Train Loss 0.6236 | Train Micro f1 0.9375 | Train Macro f1 0.9375 | Val Loss 0.6264 | Val Micro f1 0.8750 | Val Macro f1 0.8734
Epoch 8 | Train Loss 0.6096 | Train Micro f1 0.9625 | Train Macro f1 0.9624 | Val Loss 0.6114 | Val Micro f1 0.8375 | Val Macro f1 0.8338
Epoch 9 | Train Loss 0.5901 | Train Micro f1 0.9875 | Train Macro f1 0.9875 | Val Loss 0.5929 | Val Micro f1 0.9000 | Val Macro f1 0.8992
Epoch 10 | Train Loss 0.5779 | Train Micro f1 0.9375 | Train Macro f1 0.9373 | Val Loss 0.5721 | Val Micro f1 0.9500 | Val Macro f1 0.9499
Epoch 11 | Train Loss 0.5424 | Train Micro f1 1.0000 | Train Macro f1 1.0000 | Val Loss 0.5501 | Val Micro f1 0.9688 | Val Macro f1 0.9687
Epoch 12 | Train Loss 0.5253 | Train Micro f1 1.0000 | Train Macro f1 1.0000 | Val Loss 0.5276 | Val Micro f1 0.9625 | Val Macro f1 0.9625
Epoch 13 | Train Loss 0.4713 | Train Micro f1 0.9875 | Train Macro f1 0.9875 | Val Loss 0.5036 | Val Micro f1 0.9563 | Val Macro f1 0.9562
Epoch 14 | Train Loss 0.4327 | Train Micro f1 0.9875 | Train Macro f1 0.9875 | Val Loss 0.4802 | Val Micro f1 0.9375 | Val Macro f1 0.9373
Epoch 15 | Train Loss 0.3830 | Train Micro f1 1.0000 | Train Macro f1 1.0000 | Val Loss 0.4539 | Val Micro f1 0.9375 | Val Macro f1 0.9373
Epoch 16 | Train Loss 0.3301 | Train Micro f1 1.0000 | Train Macro f1 1.0000 | Val Loss 0.4258 | Val Micro f1 0.9500 | Val Macro f1 0.9499
Epoch 17 | Train Loss 0.3153 | Train Micro f1 0.9875 | Train Macro f1 0.9875 | Val Loss 0.3947 | Val Micro f1 0.9688 | Val Macro f1 0.9687
Epoch 18 | Train Loss 0.2932 | Train Micro f1 0.9875 | Train Macro f1 0.9875 | Val Loss 0.3634 | Val Micro f1 0.9750 | Val Macro f1 0.9750
Epoch 19 | Train Loss 0.3649 | Train Micro f1 0.9875 | Train Macro f1 0.9875 | Val Loss 0.3361 | Val Micro f1 0.9688 | Val Macro f1 0.9687
Epoch 20 | Train Loss 0.2945 | Train Micro f1 0.9625 | Train Macro f1 0.9625 | Val Loss 0.3112 | Val Micro f1 0.9812 | Val Macro f1 0.9812
Epoch 21 | Train Loss 0.2746 | Train Micro f1 1.0000 | Train Macro f1 1.0000 | Val Loss 0.2894 | Val Micro f1 0.9812 | Val Macro f1 0.9812
Epoch 22 | Train Loss 0.1917 | Train Micro f1 0.9875 | Train Macro f1 0.9875 | Val Loss 0.2689 | Val Micro f1 0.9812 | Val Macro f1 0.9812
Epoch 23 | Train Loss 0.1277 | Train Micro f1 1.0000 | Train Macro f1 1.0000 | Val Loss 0.2478 | Val Micro f1 0.9812 | Val Macro f1 0.9812
Epoch 24 | Train Loss 0.2288 | Train Micro f1 0.9625 | Train Macro f1 0.9625 | Val Loss 0.2275 | Val Micro f1 0.9812 | Val Macro f1 0.9812
Epoch 25 | Train Loss 0.1721 | Train Micro f1 0.9875 | Train Macro f1 0.9875 | Val Loss 0.2088 | Val Micro f1 0.9688 | Val Macro f1 0.9687
Epoch 26 | Train Loss 0.1028 | Train Micro f1 0.9875 | Train Macro f1 0.9875 | Val Loss 0.1928 | Val Micro f1 0.9625 | Val Macro f1 0.9625
Epoch 27 | Train Loss 0.0995 | Train Micro f1 0.9875 | Train Macro f1 0.9875 | Val Loss 0.1821 | Val Micro f1 0.9688 | Val Macro f1 0.9687
Epoch 28 | Train Loss 0.0928 | Train Micro f1 1.0000 | Train Macro f1 1.0000 | Val Loss 0.1767 | Val Micro f1 0.9688 | Val Macro f1 0.9687
Epoch 29 | Train Loss 0.0735 | Train Micro f1 1.0000 | Train Macro f1 1.0000 | Val Loss 0.1747 | Val Micro f1 0.9688 | Val Macro f1 0.9687
Epoch 30 | Train Loss 0.1285 | Train Micro f1 0.9750 | Train Macro f1 0.9750 | Val Loss 0.1660 | Val Micro f1 0.9688 | Val Macro f1 0.9687
Epoch 31 | Train Loss 0.1251 | Train Micro f1 0.9750 | Train Macro f1 0.9750 | Val Loss 0.1534 | Val Micro f1 0.9688 | Val Macro f1 0.9687
Epoch 32 | Train Loss 0.0481 | Train Micro f1 1.0000 | Train Macro f1 1.0000 | Val Loss 0.1430 | Val Micro f1 0.9688 | Val Macro f1 0.9687
Epoch 33 | Train Loss 0.0268 | Train Micro f1 1.0000 | Train Macro f1 1.0000 | Val Loss 0.1353 | Val Micro f1 0.9688 | Val Macro f1 0.9687
Epoch 34 | Train Loss 0.0512 | Train Micro f1 0.9875 | Train Macro f1 0.9875 | Val Loss 0.1289 | Val Micro f1 0.9688 | Val Macro f1 0.9687
Epoch 35 | Train Loss 0.0595 | Train Micro f1 0.9875 | Train Macro f1 0.9875 | Val Loss 0.1244 | Val Micro f1 0.9688 | Val Macro f1 0.9687
Epoch 36 | Train Loss 0.0303 | Train Micro f1 1.0000 | Train Macro f1 1.0000 | Val Loss 0.1212 | Val Micro f1 0.9688 | Val Macro f1 0.9687
Epoch 37 | Train Loss 0.0269 | Train Micro f1 1.0000 | Train Macro f1 1.0000 | Val Loss 0.1196 | Val Micro f1 0.9688 | Val Macro f1 0.9687
EarlyStopping counter: {self.counter} out of {self.patience}
Epoch 38 | Train Loss 0.0250 | Train Micro f1 1.0000 | Train Macro f1 1.0000 | Val Loss 0.1197 | Val Micro f1 0.9688 | Val Macro f1 0.9687
EarlyStopping counter: {self.counter} out of {self.patience}
Epoch 39 | Train Loss 0.0271 | Train Micro f1 1.0000 | Train Macro f1 1.0000 | Val Loss 0.1220 | Val Micro f1 0.9688 | Val Macro f1 0.9687
EarlyStopping counter: {self.counter} out of {self.patience}
Epoch 40 | Train Loss 0.0544 | Train Micro f1 0.9875 | Train Macro f1 0.9875 | Val Loss 0.1244 | Val Micro f1 0.9688 | Val Macro f1 0.9687
EarlyStopping counter: {self.counter} out of {self.patience}
Epoch 41 | Train Loss 0.0515 | Train Micro f1 0.9875 | Train Macro f1 0.9875 | Val Loss 0.1241 | Val Micro f1 0.9688 | Val Macro f1 0.9687
EarlyStopping counter: {self.counter} out of {self.patience}
Epoch 42 | Train Loss 0.0141 | Train Micro f1 1.0000 | Train Macro f1 1.0000 | Val Loss 0.1255 | Val Micro f1 0.9688 | Val Macro f1 0.9687
EarlyStopping counter: {self.counter} out of {self.patience}
Epoch 43 | Train Loss 0.0721 | Train Micro f1 0.9750 | Train Macro f1 0.9750 | Val Loss 0.1264 | Val Micro f1 0.9688 | Val Macro f1 0.9687
EarlyStopping counter: {self.counter} out of {self.patience}
Epoch 44 | Train Loss 0.0630 | Train Micro f1 0.9875 | Train Macro f1 0.9875 | Val Loss 0.1272 | Val Micro f1 0.9688 | Val Macro f1 0.9687
EarlyStopping counter: {self.counter} out of {self.patience}
Epoch 45 | Train Loss 0.0147 | Train Micro f1 1.0000 | Train Macro f1 1.0000 | Val Loss 0.1289 | Val Micro f1 0.9688 | Val Macro f1 0.9687
EarlyStopping counter: {self.counter} out of {self.patience}
Epoch 46 | Train Loss 0.0547 | Train Micro f1 0.9875 | Train Macro f1 0.9875 | Val Loss 0.1294 | Val Micro f1 0.9688 | Val Macro f1 0.9687
EarlyStopping counter: {self.counter} out of {self.patience}
Epoch 47 | Train Loss 0.0148 | Train Micro f1 1.0000 | Train Macro f1 1.0000 | Val Loss 0.1312 | Val Micro f1 0.9688 | Val Macro f1 0.9687
EarlyStopping counter: {self.counter} out of {self.patience}
Epoch 48 | Train Loss 0.0181 | Train Micro f1 1.0000 | Train Macro f1 1.0000 | Val Loss 0.1323 | Val Micro f1 0.9688 | Val Macro f1 0.9687
EarlyStopping counter: {self.counter} out of {self.patience}
Epoch 49 | Train Loss 0.0158 | Train Micro f1 1.0000 | Train Macro f1 1.0000 | Val Loss 0.1347 | Val Micro f1 0.9688 | Val Macro f1 0.9687
EarlyStopping counter: {self.counter} out of {self.patience}
Epoch 50 | Train Loss 0.0125 | Train Micro f1 1.0000 | Train Macro f1 1.0000 | Val Loss 0.1383 | Val Micro f1 0.9688 | Val Macro f1 0.9687
EarlyStopping counter: {self.counter} out of {self.patience}
Epoch 51 | Train Loss 0.0523 | Train Micro f1 0.9875 | Train Macro f1 0.9875 | Val Loss 0.1419 | Val Micro f1 0.9688 | Val Macro f1 0.9687
EarlyStopping counter: {self.counter} out of {self.patience}
Epoch 52 | Train Loss 0.0528 | Train Micro f1 0.9875 | Train Macro f1 0.9875 | Val Loss 0.1454 | Val Micro f1 0.9688 | Val Macro f1 0.9687
EarlyStopping counter: {self.counter} out of {self.patience}
Epoch 53 | Train Loss 0.0560 | Train Micro f1 0.9875 | Train Macro f1 0.9875 | Val Loss 0.1460 | Val Micro f1 0.9688 | Val Macro f1 0.9687
EarlyStopping counter: {self.counter} out of {self.patience}
Epoch 54 | Train Loss 0.0102 | Train Micro f1 1.0000 | Train Macro f1 1.0000 | Val Loss 0.1492 | Val Micro f1 0.9688 | Val Macro f1 0.9687
EarlyStopping counter: {self.counter} out of {self.patience}
Epoch 55 | Train Loss 0.0945 | Train Micro f1 0.9750 | Train Macro f1 0.9750 | Val Loss 0.1446 | Val Micro f1 0.9688 | Val Macro f1 0.9687
EarlyStopping counter: {self.counter} out of {self.patience}
Epoch 56 | Train Loss 0.0120 | Train Micro f1 1.0000 | Train Macro f1 1.0000 | Val Loss 0.1438 | Val Micro f1 0.9688 | Val Macro f1 0.9687
EarlyStopping counter: {self.counter} out of {self.patience}
Epoch 57 | Train Loss 0.0572 | Train Micro f1 0.9875 | Train Macro f1 0.9875 | Val Loss 0.1418 | Val Micro f1 0.9688 | Val Macro f1 0.9687
EarlyStopping counter: {self.counter} out of {self.patience}
Epoch 58 | Train Loss 0.0593 | Train Micro f1 0.9875 | Train Macro f1 0.9875 | Val Loss 0.1354 | Val Micro f1 0.9688 | Val Macro f1 0.9687
EarlyStopping counter: {self.counter} out of {self.patience}
Epoch 59 | Train Loss 0.0539 | Train Micro f1 1.0000 | Train Macro f1 1.0000 | Val Loss 0.1285 | Val Micro f1 0.9750 | Val Macro f1 0.9750
EarlyStopping counter: {self.counter} out of {self.patience}
Epoch 60 | Train Loss 0.0195 | Train Micro f1 1.0000 | Train Macro f1 1.0000 | Val Loss 0.1263 | Val Micro f1 0.9750 | Val Macro f1 0.9750
EarlyStopping counter: {self.counter} out of {self.patience}
Epoch 61 | Train Loss 0.0310 | Train Micro f1 1.0000 | Train Macro f1 1.0000 | Val Loss 0.1265 | Val Micro f1 0.9750 | Val Macro f1 0.9750
EarlyStopping counter: {self.counter} out of {self.patience}
Epoch 62 | Train Loss 0.0273 | Train Micro f1 1.0000 | Train Macro f1 1.0000 | Val Loss 0.1274 | Val Micro f1 0.9750 | Val Macro f1 0.9750
EarlyStopping counter: {self.counter} out of {self.patience}
Epoch 63 | Train Loss 0.0589 | Train Micro f1 0.9875 | Train Macro f1 0.9875 | Val Loss 0.1288 | Val Micro f1 0.9750 | Val Macro f1 0.9750
EarlyStopping counter: {self.counter} out of {self.patience}
Epoch 64 | Train Loss 0.0507 | Train Micro f1 0.9875 | Train Macro f1 0.9875 | Val Loss 0.1311 | Val Micro f1 0.9750 | Val Macro f1 0.9750
EarlyStopping counter: {self.counter} out of {self.patience}
Epoch 65 | Train Loss 0.0533 | Train Micro f1 0.9875 | Train Macro f1 0.9875 | Val Loss 0.1349 | Val Micro f1 0.9750 | Val Macro f1 0.9750
EarlyStopping counter: {self.counter} out of {self.patience}
Epoch 66 | Train Loss 0.0239 | Train Micro f1 1.0000 | Train Macro f1 1.0000 | Val Loss 0.1416 | Val Micro f1 0.9750 | Val Macro f1 0.9750
EarlyStopping counter: {self.counter} out of {self.patience}
Epoch 67 | Train Loss 0.0171 | Train Micro f1 1.0000 | Train Macro f1 1.0000 | Val Loss 0.1516 | Val Micro f1 0.9750 | Val Macro f1 0.9750
EarlyStopping counter: {self.counter} out of {self.patience}
Epoch 68 | Train Loss 0.0728 | Train Micro f1 0.9750 | Train Macro f1 0.9750 | Val Loss 0.1600 | Val Micro f1 0.9750 | Val Macro f1 0.9750
EarlyStopping counter: {self.counter} out of {self.patience}
Epoch 69 | Train Loss 0.0751 | Train Micro f1 0.9875 | Train Macro f1 0.9875 | Val Loss 0.1609 | Val Micro f1 0.9750 | Val Macro f1 0.9750
EarlyStopping counter: {self.counter} out of {self.patience}
Epoch 70 | Train Loss 0.0508 | Train Micro f1 0.9875 | Train Macro f1 0.9875 | Val Loss 0.1611 | Val Micro f1 0.9750 | Val Macro f1 0.9750
EarlyStopping counter: {self.counter} out of {self.patience}
Epoch 71 | Train Loss 0.0154 | Train Micro f1 1.0000 | Train Macro f1 1.0000 | Val Loss 0.1640 | Val Micro f1 0.9750 | Val Macro f1 0.9750
EarlyStopping counter: {self.counter} out of {self.patience}
Epoch 72 | Train Loss 0.0508 | Train Micro f1 0.9875 | Train Macro f1 0.9875 | Val Loss 0.1660 | Val Micro f1 0.9750 | Val Macro f1 0.9750
EarlyStopping counter: {self.counter} out of {self.patience}
Epoch 73 | Train Loss 0.0129 | Train Micro f1 1.0000 | Train Macro f1 1.0000 | Val Loss 0.1705 | Val Micro f1 0.9750 | Val Macro f1 0.9750
EarlyStopping counter: {self.counter} out of {self.patience}
Epoch 74 | Train Loss 0.0622 | Train Micro f1 0.9875 | Train Macro f1 0.9875 | Val Loss 0.1706 | Val Micro f1 0.9750 | Val Macro f1 0.9750
EarlyStopping counter: {self.counter} out of {self.patience}
Epoch 75 | Train Loss 0.0459 | Train Micro f1 1.0000 | Train Macro f1 1.0000 | Val Loss 0.1650 | Val Micro f1 0.9750 | Val Macro f1 0.9750
EarlyStopping counter: {self.counter} out of {self.patience}
Epoch 76 | Train Loss 0.0136 | Train Micro f1 1.0000 | Train Macro f1 1.0000 | Val Loss 0.1630 | Val Micro f1 0.9750 | Val Macro f1 0.9750
EarlyStopping counter: {self.counter} out of {self.patience}
Epoch 77 | Train Loss 0.0512 | Train Micro f1 0.9875 | Train Macro f1 0.9875 | Val Loss 0.1623 | Val Micro f1 0.9750 | Val Macro f1 0.9750
EarlyStopping counter: {self.counter} out of {self.patience}
Epoch 78 | Train Loss 0.0364 | Train Micro f1 0.9875 | Train Macro f1 0.9875 | Val Loss 0.1616 | Val Micro f1 0.9750 | Val Macro f1 0.9750
EarlyStopping counter: {self.counter} out of {self.patience}
Epoch 79 | Train Loss 0.0577 | Train Micro f1 0.9875 | Train Macro f1 0.9875 | Val Loss 0.1576 | Val Micro f1 0.9750 | Val Macro f1 0.9750
EarlyStopping counter: {self.counter} out of {self.patience}
Epoch 80 | Train Loss 0.0163 | Train Micro f1 1.0000 | Train Macro f1 1.0000 | Val Loss 0.1575 | Val Micro f1 0.9750 | Val Macro f1 0.9750
EarlyStopping counter: {self.counter} out of {self.patience}
Epoch 81 | Train Loss 0.0179 | Train Micro f1 1.0000 | Train Macro f1 1.0000 | Val Loss 0.1615 | Val Micro f1 0.9750 | Val Macro f1 0.9750
EarlyStopping counter: {self.counter} out of {self.patience}
Epoch 82 | Train Loss 0.0202 | Train Micro f1 1.0000 | Train Macro f1 1.0000 | Val Loss 0.1693 | Val Micro f1 0.9750 | Val Macro f1 0.9750
EarlyStopping counter: {self.counter} out of {self.patience}
Epoch 83 | Train Loss 0.0318 | Train Micro f1 0.9875 | Train Macro f1 0.9875 | Val Loss 0.1783 | Val Micro f1 0.9750 | Val Macro f1 0.9750
EarlyStopping counter: {self.counter} out of {self.patience}
Epoch 84 | Train Loss 0.0538 | Train Micro f1 0.9875 | Train Macro f1 0.9875 | Val Loss 0.1843 | Val Micro f1 0.9750 | Val Macro f1 0.9750
EarlyStopping counter: {self.counter} out of {self.patience}
Epoch 85 | Train Loss 0.0152 | Train Micro f1 1.0000 | Train Macro f1 1.0000 | Val Loss 0.1928 | Val Micro f1 0.9750 | Val Macro f1 0.9750
EarlyStopping counter: {self.counter} out of {self.patience}
Epoch 86 | Train Loss 0.0506 | Train Micro f1 0.9875 | Train Macro f1 0.9875 | Val Loss 0.2011 | Val Micro f1 0.9750 | Val Macro f1 0.9750
EarlyStopping counter: {self.counter} out of {self.patience}
Epoch 87 | Train Loss 0.0437 | Train Micro f1 0.9750 | Train Macro f1 0.9750 | Val Loss 0.2009 | Val Micro f1 0.9750 | Val Macro f1 0.9750
EarlyStopping counter: {self.counter} out of {self.patience}
Epoch 88 | Train Loss 0.0598 | Train Micro f1 0.9875 | Train Macro f1 0.9875 | Val Loss 0.1949 | Val Micro f1 0.9750 | Val Macro f1 0.9750
EarlyStopping counter: {self.counter} out of {self.patience}
Epoch 89 | Train Loss 0.0133 | Train Micro f1 1.0000 | Train Macro f1 1.0000 | Val Loss 0.1925 | Val Micro f1 0.9750 | Val Macro f1 0.9750
EarlyStopping counter: {self.counter} out of {self.patience}
Epoch 90 | Train Loss 0.0104 | Train Micro f1 1.0000 | Train Macro f1 1.0000 | Val Loss 0.1943 | Val Micro f1 0.9750 | Val Macro f1 0.9750
EarlyStopping counter: {self.counter} out of {self.patience}
Epoch 91 | Train Loss 0.0878 | Train Micro f1 0.9750 | Train Macro f1 0.9750 | Val Loss 0.1866 | Val Micro f1 0.9750 | Val Macro f1 0.9750
EarlyStopping counter: {self.counter} out of {self.patience}
Epoch 92 | Train Loss 0.0606 | Train Micro f1 0.9875 | Train Macro f1 0.9875 | Val Loss 0.1704 | Val Micro f1 0.9750 | Val Macro f1 0.9750
EarlyStopping counter: {self.counter} out of {self.patience}
Epoch 93 | Train Loss 0.0238 | Train Micro f1 1.0000 | Train Macro f1 1.0000 | Val Loss 0.1605 | Val Micro f1 0.9750 | Val Macro f1 0.9750
EarlyStopping counter: {self.counter} out of {self.patience}
Epoch 94 | Train Loss 0.0794 | Train Micro f1 0.9625 | Train Macro f1 0.9624 | Val Loss 0.1516 | Val Micro f1 0.9750 | Val Macro f1 0.9750
EarlyStopping counter: {self.counter} out of {self.patience}
Epoch 95 | Train Loss 0.0484 | Train Micro f1 0.9875 | Train Macro f1 0.9875 | Val Loss 0.1470 | Val Micro f1 0.9750 | Val Macro f1 0.9750
EarlyStopping counter: {self.counter} out of {self.patience}
Epoch 96 | Train Loss 0.0274 | Train Micro f1 1.0000 | Train Macro f1 1.0000 | Val Loss 0.1459 | Val Micro f1 0.9750 | Val Macro f1 0.9750
EarlyStopping counter: {self.counter} out of {self.patience}
Epoch 97 | Train Loss 0.0397 | Train Micro f1 0.9875 | Train Macro f1 0.9875 | Val Loss 0.1463 | Val Micro f1 0.9750 | Val Macro f1 0.9750
EarlyStopping counter: {self.counter} out of {self.patience}
Epoch 98 | Train Loss 0.0530 | Train Micro f1 0.9875 | Train Macro f1 0.9875 | Val Loss 0.1475 | Val Micro f1 0.9750 | Val Macro f1 0.9750
EarlyStopping counter: {self.counter} out of {self.patience}
Epoch 99 | Train Loss 0.0573 | Train Micro f1 0.9875 | Train Macro f1 0.9875 | Val Loss 0.1503 | Val Micro f1 0.9750 | Val Macro f1 0.9750
EarlyStopping counter: {self.counter} out of {self.patience}
Epoch 100 | Train Loss 0.0137 | Train Micro f1 1.0000 | Train Macro f1 1.0000 | Val Loss 0.1558 | Val Micro f1 0.9750 | Val Macro f1 0.9750
Test loss 0.1515 | Test Micro f1 0.9688 | Test Macro f1 0.9687