Created directory results\ACM_2022-09-26_14-52-14
Downloading C:\Users\lenovo\.dgl/ACM3025.pkl from https://data.dgl.ai/dataset/ACM3025.pkl...
dataset loaded
{'dataset': '细胞因子', 'test': 0.4, 'train': 0.2, 'val': 0.4}
bbbbb
Epoch 1 | Train Loss 0.7242 | Train Micro f1 0.5000 | Train Macro f1 0.4048 | Val Loss 0.6987 | Val Micro f1 0.6333 | Val Macro f1 0.5875
Epoch 2 | Train Loss 0.6920 | Train Micro f1 0.6000 | Train Macro f1 0.5833 | Val Loss 0.6945 | Val Micro f1 0.5333 | Val Macro f1 0.5249
Epoch 3 | Train Loss 0.6938 | Train Micro f1 0.6000 | Train Macro f1 0.6000 | Val Loss 0.6905 | Val Micro f1 0.5167 | Val Macro f1 0.5055
Epoch 4 | Train Loss 0.6375 | Train Micro f1 0.7500 | Train Macro f1 0.7494 | Val Loss 0.6863 | Val Micro f1 0.8000 | Val Macro f1 0.7943
Epoch 5 | Train Loss 0.6799 | Train Micro f1 0.8000 | Train Macro f1 0.8000 | Val Loss 0.6822 | Val Micro f1 0.7333 | Val Macro f1 0.7129
Epoch 6 | Train Loss 0.6850 | Train Micro f1 0.8500 | Train Macro f1 0.8465 | Val Loss 0.6782 | Val Micro f1 0.7333 | Val Macro f1 0.7129
Epoch 7 | Train Loss 0.6771 | Train Micro f1 0.9000 | Train Macro f1 0.8990 | Val Loss 0.6743 | Val Micro f1 0.7500 | Val Macro f1 0.7333
Epoch 8 | Train Loss 0.6501 | Train Micro f1 0.9500 | Train Macro f1 0.9499 | Val Loss 0.6703 | Val Micro f1 0.7333 | Val Macro f1 0.7129
Epoch 9 | Train Loss 0.6101 | Train Micro f1 0.9000 | Train Macro f1 0.8990 | Val Loss 0.6661 | Val Micro f1 0.7167 | Val Macro f1 0.6919
Epoch 10 | Train Loss 0.6051 | Train Micro f1 0.9000 | Train Macro f1 0.8990 | Val Loss 0.6619 | Val Micro f1 0.6667 | Val Macro f1 0.6250
Epoch 11 | Train Loss 0.6373 | Train Micro f1 0.7500 | Train Macro f1 0.7333 | Val Loss 0.6576 | Val Micro f1 0.6667 | Val Macro f1 0.6250
Epoch 12 | Train Loss 0.5949 | Train Micro f1 0.8500 | Train Macro f1 0.8465 | Val Loss 0.6533 | Val Micro f1 0.6500 | Val Macro f1 0.6011
Epoch 13 | Train Loss 0.5819 | Train Micro f1 0.8500 | Train Macro f1 0.8465 | Val Loss 0.6490 | Val Micro f1 0.6333 | Val Macro f1 0.5764
Epoch 14 | Train Loss 0.6390 | Train Micro f1 0.6500 | Train Macro f1 0.6011 | Val Loss 0.6437 | Val Micro f1 0.6333 | Val Macro f1 0.5764
Epoch 15 | Train Loss 0.5672 | Train Micro f1 0.8500 | Train Macro f1 0.8465 | Val Loss 0.6380 | Val Micro f1 0.6500 | Val Macro f1 0.6011
Epoch 16 | Train Loss 0.6095 | Train Micro f1 0.7500 | Train Macro f1 0.7333 | Val Loss 0.6315 | Val Micro f1 0.6667 | Val Macro f1 0.6250
Epoch 17 | Train Loss 0.5717 | Train Micro f1 0.8000 | Train Macro f1 0.7917 | Val Loss 0.6241 | Val Micro f1 0.6667 | Val Macro f1 0.6250
Epoch 18 | Train Loss 0.5348 | Train Micro f1 0.8000 | Train Macro f1 0.7917 | Val Loss 0.6161 | Val Micro f1 0.7500 | Val Macro f1 0.7333
Epoch 19 | Train Loss 0.5882 | Train Micro f1 0.8000 | Train Macro f1 0.7917 | Val Loss 0.6079 | Val Micro f1 0.7667 | Val Macro f1 0.7532
Epoch 20 | Train Loss 0.5631 | Train Micro f1 0.8000 | Train Macro f1 0.7917 | Val Loss 0.5996 | Val Micro f1 0.8167 | Val Macro f1 0.8103
Epoch 1 | Train Loss 0.5659 | Train Micro f1 1.0000 | Train Macro f1 1.0000 | Val Loss 0.5740 | Val Micro f1 0.9333 | Val Macro f1 0.9330
Epoch 2 | Train Loss 0.5570 | Train Micro f1 0.9000 | Train Macro f1 0.8990 | Val Loss 0.5643 | Val Micro f1 0.9833 | Val Macro f1 0.9833
Epoch 3 | Train Loss 0.5489 | Train Micro f1 1.0000 | Train Macro f1 1.0000 | Val Loss 0.5542 | Val Micro f1 0.9833 | Val Macro f1 0.9833
Epoch 4 | Train Loss 0.5706 | Train Micro f1 0.9000 | Train Macro f1 0.8990 | Val Loss 0.5438 | Val Micro f1 1.0000 | Val Macro f1 1.0000
Epoch 5 | Train Loss 0.5053 | Train Micro f1 1.0000 | Train Macro f1 1.0000 | Val Loss 0.5333 | Val Micro f1 1.0000 | Val Macro f1 1.0000
Epoch 6 | Train Loss 0.4955 | Train Micro f1 1.0000 | Train Macro f1 1.0000 | Val Loss 0.5225 | Val Micro f1 1.0000 | Val Macro f1 1.0000
Epoch 7 | Train Loss 0.4555 | Train Micro f1 1.0000 | Train Macro f1 1.0000 | Val Loss 0.5116 | Val Micro f1 1.0000 | Val Macro f1 1.0000
Epoch 8 | Train Loss 0.4339 | Train Micro f1 1.0000 | Train Macro f1 1.0000 | Val Loss 0.5011 | Val Micro f1 0.9833 | Val Macro f1 0.9833
Epoch 9 | Train Loss 0.4291 | Train Micro f1 1.0000 | Train Macro f1 1.0000 | Val Loss 0.4907 | Val Micro f1 0.9833 | Val Macro f1 0.9833
Epoch 10 | Train Loss 0.4142 | Train Micro f1 1.0000 | Train Macro f1 1.0000 | Val Loss 0.4810 | Val Micro f1 0.9167 | Val Macro f1 0.9161
Epoch 11 | Train Loss 0.4826 | Train Micro f1 0.9500 | Train Macro f1 0.9499 | Val Loss 0.4712 | Val Micro f1 0.8833 | Val Macro f1 0.8817
Epoch 12 | Train Loss 0.4641 | Train Micro f1 0.8000 | Train Macro f1 0.7917 | Val Loss 0.4591 | Val Micro f1 0.9167 | Val Macro f1 0.9161
Epoch 13 | Train Loss 0.4004 | Train Micro f1 1.0000 | Train Macro f1 1.0000 | Val Loss 0.4465 | Val Micro f1 0.9500 | Val Macro f1 0.9499
Epoch 14 | Train Loss 0.3352 | Train Micro f1 1.0000 | Train Macro f1 1.0000 | Val Loss 0.4337 | Val Micro f1 0.9833 | Val Macro f1 0.9833
Epoch 15 | Train Loss 0.3403 | Train Micro f1 1.0000 | Train Macro f1 1.0000 | Val Loss 0.4207 | Val Micro f1 0.9833 | Val Macro f1 0.9833
Epoch 16 | Train Loss 0.3955 | Train Micro f1 1.0000 | Train Macro f1 1.0000 | Val Loss 0.4077 | Val Micro f1 1.0000 | Val Macro f1 1.0000
Epoch 17 | Train Loss 0.2901 | Train Micro f1 1.0000 | Train Macro f1 1.0000 | Val Loss 0.3953 | Val Micro f1 1.0000 | Val Macro f1 1.0000
Epoch 18 | Train Loss 0.2843 | Train Micro f1 1.0000 | Train Macro f1 1.0000 | Val Loss 0.3836 | Val Micro f1 1.0000 | Val Macro f1 1.0000
Epoch 19 | Train Loss 0.3367 | Train Micro f1 1.0000 | Train Macro f1 1.0000 | Val Loss 0.3715 | Val Micro f1 1.0000 | Val Macro f1 1.0000
Epoch 20 | Train Loss 0.3463 | Train Micro f1 1.0000 | Train Macro f1 1.0000 | Val Loss 0.3600 | Val Micro f1 1.0000 | Val Macro f1 1.0000
Epoch 1 | Train Loss 0.4500 | Train Micro f1 1.0000 | Train Macro f1 1.0000 | Val Loss 0.3266 | Val Micro f1 1.0000 | Val Macro f1 1.0000
Epoch 2 | Train Loss 0.3836 | Train Micro f1 1.0000 | Train Macro f1 1.0000 | Val Loss 0.3158 | Val Micro f1 1.0000 | Val Macro f1 1.0000
Epoch 3 | Train Loss 0.3828 | Train Micro f1 1.0000 | Train Macro f1 1.0000 | Val Loss 0.3061 | Val Micro f1 1.0000 | Val Macro f1 1.0000
Epoch 4 | Train Loss 0.3551 | Train Micro f1 1.0000 | Train Macro f1 1.0000 | Val Loss 0.2981 | Val Micro f1 1.0000 | Val Macro f1 1.0000
Epoch 5 | Train Loss 0.3259 | Train Micro f1 1.0000 | Train Macro f1 1.0000 | Val Loss 0.2922 | Val Micro f1 1.0000 | Val Macro f1 1.0000
Epoch 6 | Train Loss 0.3399 | Train Micro f1 0.9500 | Train Macro f1 0.9499 | Val Loss 0.2838 | Val Micro f1 1.0000 | Val Macro f1 1.0000
Epoch 7 | Train Loss 0.3431 | Train Micro f1 0.9500 | Train Macro f1 0.9499 | Val Loss 0.2736 | Val Micro f1 1.0000 | Val Macro f1 1.0000
Epoch 8 | Train Loss 0.2299 | Train Micro f1 1.0000 | Train Macro f1 1.0000 | Val Loss 0.2628 | Val Micro f1 1.0000 | Val Macro f1 1.0000
Epoch 9 | Train Loss 0.3043 | Train Micro f1 0.9500 | Train Macro f1 0.9499 | Val Loss 0.2510 | Val Micro f1 1.0000 | Val Macro f1 1.0000
Epoch 10 | Train Loss 0.2674 | Train Micro f1 1.0000 | Train Macro f1 1.0000 | Val Loss 0.2395 | Val Micro f1 1.0000 | Val Macro f1 1.0000
Epoch 11 | Train Loss 0.2101 | Train Micro f1 1.0000 | Train Macro f1 1.0000 | Val Loss 0.2302 | Val Micro f1 1.0000 | Val Macro f1 1.0000
Epoch 12 | Train Loss 0.2457 | Train Micro f1 1.0000 | Train Macro f1 1.0000 | Val Loss 0.2218 | Val Micro f1 1.0000 | Val Macro f1 1.0000
Epoch 13 | Train Loss 0.2474 | Train Micro f1 1.0000 | Train Macro f1 1.0000 | Val Loss 0.2140 | Val Micro f1 1.0000 | Val Macro f1 1.0000
Epoch 14 | Train Loss 0.1489 | Train Micro f1 1.0000 | Train Macro f1 1.0000 | Val Loss 0.2068 | Val Micro f1 1.0000 | Val Macro f1 1.0000
Epoch 15 | Train Loss 0.2532 | Train Micro f1 1.0000 | Train Macro f1 1.0000 | Val Loss 0.1997 | Val Micro f1 1.0000 | Val Macro f1 1.0000
Epoch 16 | Train Loss 0.1307 | Train Micro f1 1.0000 | Train Macro f1 1.0000 | Val Loss 0.1935 | Val Micro f1 1.0000 | Val Macro f1 1.0000
Epoch 17 | Train Loss 0.2076 | Train Micro f1 1.0000 | Train Macro f1 1.0000 | Val Loss 0.1875 | Val Micro f1 1.0000 | Val Macro f1 1.0000
Epoch 18 | Train Loss 0.2166 | Train Micro f1 1.0000 | Train Macro f1 1.0000 | Val Loss 0.1817 | Val Micro f1 1.0000 | Val Macro f1 1.0000
Epoch 19 | Train Loss 0.1876 | Train Micro f1 1.0000 | Train Macro f1 1.0000 | Val Loss 0.1765 | Val Micro f1 1.0000 | Val Macro f1 1.0000
Epoch 20 | Train Loss 0.1212 | Train Micro f1 1.0000 | Train Macro f1 1.0000 | Val Loss 0.1718 | Val Micro f1 1.0000 | Val Macro f1 1.0000
aaaaaaaaaaaaaaaaaaaaaaa
EarlyStopping counter: {self.counter} out of {self.patience}
Epoch 1 | Train Loss 0.1683 | Train Micro f1 1.0000 | Train Macro f1 1.0000 | Val Loss 0.2828 | Val Micro f1 0.9750 | Val Macro f1 0.9750
EarlyStopping counter: {self.counter} out of {self.patience}
Epoch 2 | Train Loss 0.1452 | Train Micro f1 1.0000 | Train Macro f1 1.0000 | Val Loss 0.2764 | Val Micro f1 0.9812 | Val Macro f1 0.9812
EarlyStopping counter: {self.counter} out of {self.patience}
Epoch 3 | Train Loss 0.1699 | Train Micro f1 0.9875 | Train Macro f1 0.9875 | Val Loss 0.2697 | Val Micro f1 0.9688 | Val Macro f1 0.9687
EarlyStopping counter: {self.counter} out of {self.patience}
Epoch 4 | Train Loss 0.1014 | Train Micro f1 1.0000 | Train Macro f1 1.0000 | Val Loss 0.2633 | Val Micro f1 0.9625 | Val Macro f1 0.9625
EarlyStopping counter: {self.counter} out of {self.patience}
Epoch 5 | Train Loss 0.1245 | Train Micro f1 1.0000 | Train Macro f1 1.0000 | Val Loss 0.2517 | Val Micro f1 0.9625 | Val Macro f1 0.9625
EarlyStopping counter: {self.counter} out of {self.patience}
Epoch 6 | Train Loss 0.1357 | Train Micro f1 1.0000 | Train Macro f1 1.0000 | Val Loss 0.2358 | Val Micro f1 0.9750 | Val Macro f1 0.9750
EarlyStopping counter: {self.counter} out of {self.patience}
Epoch 7 | Train Loss 0.0953 | Train Micro f1 1.0000 | Train Macro f1 1.0000 | Val Loss 0.2222 | Val Micro f1 0.9812 | Val Macro f1 0.9812
EarlyStopping counter: {self.counter} out of {self.patience}
Epoch 8 | Train Loss 0.1828 | Train Micro f1 0.9875 | Train Macro f1 0.9875 | Val Loss 0.2113 | Val Micro f1 0.9688 | Val Macro f1 0.9687
EarlyStopping counter: {self.counter} out of {self.patience}
Epoch 9 | Train Loss 0.0784 | Train Micro f1 1.0000 | Train Macro f1 1.0000 | Val Loss 0.2032 | Val Micro f1 0.9625 | Val Macro f1 0.9624
EarlyStopping counter: {self.counter} out of {self.patience}
Epoch 10 | Train Loss 0.0576 | Train Micro f1 1.0000 | Train Macro f1 1.0000 | Val Loss 0.1957 | Val Micro f1 0.9625 | Val Macro f1 0.9624
EarlyStopping counter: {self.counter} out of {self.patience}
Epoch 11 | Train Loss 0.0565 | Train Micro f1 1.0000 | Train Macro f1 1.0000 | Val Loss 0.1880 | Val Micro f1 0.9625 | Val Macro f1 0.9624
EarlyStopping counter: {self.counter} out of {self.patience}
Epoch 12 | Train Loss 0.0405 | Train Micro f1 1.0000 | Train Macro f1 1.0000 | Val Loss 0.1807 | Val Micro f1 0.9625 | Val Macro f1 0.9624
EarlyStopping counter: {self.counter} out of {self.patience}
Epoch 13 | Train Loss 0.0437 | Train Micro f1 1.0000 | Train Macro f1 1.0000 | Val Loss 0.1739 | Val Micro f1 0.9688 | Val Macro f1 0.9687
Epoch 14 | Train Loss 0.0429 | Train Micro f1 1.0000 | Train Macro f1 1.0000 | Val Loss 0.1679 | Val Micro f1 0.9750 | Val Macro f1 0.9750
Epoch 15 | Train Loss 0.1012 | Train Micro f1 0.9875 | Train Macro f1 0.9875 | Val Loss 0.1630 | Val Micro f1 0.9750 | Val Macro f1 0.9750
Epoch 16 | Train Loss 0.0180 | Train Micro f1 1.0000 | Train Macro f1 1.0000 | Val Loss 0.1589 | Val Micro f1 0.9688 | Val Macro f1 0.9687
Epoch 17 | Train Loss 0.0217 | Train Micro f1 1.0000 | Train Macro f1 1.0000 | Val Loss 0.1554 | Val Micro f1 0.9688 | Val Macro f1 0.9687
Epoch 18 | Train Loss 0.0426 | Train Micro f1 1.0000 | Train Macro f1 1.0000 | Val Loss 0.1521 | Val Micro f1 0.9750 | Val Macro f1 0.9750
Epoch 19 | Train Loss 0.0256 | Train Micro f1 1.0000 | Train Macro f1 1.0000 | Val Loss 0.1495 | Val Micro f1 0.9750 | Val Macro f1 0.9750
Epoch 20 | Train Loss 0.0167 | Train Micro f1 1.0000 | Train Macro f1 1.0000 | Val Loss 0.1477 | Val Micro f1 0.9812 | Val Macro f1 0.9812
Epoch 21 | Train Loss 0.0180 | Train Micro f1 1.0000 | Train Macro f1 1.0000 | Val Loss 0.1469 | Val Micro f1 0.9812 | Val Macro f1 0.9812
Test loss 0.1467 | Test Micro f1 0.9688 | Test Macro f1 0.9687