Created directory results\ACM_2022-09-26_14-31-44
Downloading C:\Users\lenovo\.dgl/ACM3025.pkl from https://data.dgl.ai/dataset/ACM3025.pkl...
dataset loaded
{'dataset': '细胞因子', 'test': 0.4, 'train': 0.2, 'val': 0.4}
bbbbb
aaaaaaaaaaaaaaaaaaaaaaa
Epoch 1 | Train Loss 0.6930 | Train Micro f1 0.5625 | Train Macro f1 0.4589 | Val Loss 0.6922 | Val Micro f1 0.5437 | Val Macro f1 0.4238
Epoch 2 | Train Loss 0.6930 | Train Micro f1 0.6375 | Train Macro f1 0.5827 | Val Loss 0.6917 | Val Micro f1 0.5687 | Val Macro f1 0.4702
Epoch 3 | Train Loss 0.6919 | Train Micro f1 0.6000 | Train Macro f1 0.5238 | Val Loss 0.6910 | Val Micro f1 0.5875 | Val Macro f1 0.5029
Epoch 4 | Train Loss 0.6901 | Train Micro f1 0.6625 | Train Macro f1 0.6191 | Val Loss 0.6904 | Val Micro f1 0.6062 | Val Macro f1 0.5340
Epoch 5 | Train Loss 0.6862 | Train Micro f1 0.6875 | Train Macro f1 0.6537 | Val Loss 0.6897 | Val Micro f1 0.6125 | Val Macro f1 0.5440
Epoch 6 | Train Loss 0.6848 | Train Micro f1 0.7125 | Train Macro f1 0.6866 | Val Loss 0.6890 | Val Micro f1 0.6438 | Val Macro f1 0.5920
Epoch 7 | Train Loss 0.6866 | Train Micro f1 0.7250 | Train Macro f1 0.7025 | Val Loss 0.6883 | Val Micro f1 0.6875 | Val Macro f1 0.6537
Epoch 8 | Train Loss 0.6810 | Train Micro f1 0.7625 | Train Macro f1 0.7483 | Val Loss 0.6876 | Val Micro f1 0.7063 | Val Macro f1 0.6785
Epoch 9 | Train Loss 0.6800 | Train Micro f1 0.7750 | Train Macro f1 0.7630 | Val Loss 0.6869 | Val Micro f1 0.7125 | Val Macro f1 0.6866
Epoch 10 | Train Loss 0.6798 | Train Micro f1 0.7500 | Train Macro f1 0.7333 | Val Loss 0.6861 | Val Micro f1 0.7125 | Val Macro f1 0.6866
Epoch 11 | Train Loss 0.6772 | Train Micro f1 0.8000 | Train Macro f1 0.7917 | Val Loss 0.6854 | Val Micro f1 0.7250 | Val Macro f1 0.7025
Epoch 12 | Train Loss 0.6803 | Train Micro f1 0.7625 | Train Macro f1 0.7483 | Val Loss 0.6846 | Val Micro f1 0.7312 | Val Macro f1 0.7103
Epoch 13 | Train Loss 0.6808 | Train Micro f1 0.7500 | Train Macro f1 0.7333 | Val Loss 0.6839 | Val Micro f1 0.7375 | Val Macro f1 0.7181
Epoch 14 | Train Loss 0.6741 | Train Micro f1 0.7625 | Train Macro f1 0.7483 | Val Loss 0.6831 | Val Micro f1 0.7312 | Val Macro f1 0.7103
Epoch 15 | Train Loss 0.6745 | Train Micro f1 0.7750 | Train Macro f1 0.7630 | Val Loss 0.6822 | Val Micro f1 0.7312 | Val Macro f1 0.7103
Epoch 16 | Train Loss 0.6664 | Train Micro f1 0.8625 | Train Macro f1 0.8599 | Val Loss 0.6814 | Val Micro f1 0.7312 | Val Macro f1 0.7103
Epoch 17 | Train Loss 0.6703 | Train Micro f1 0.8375 | Train Macro f1 0.8331 | Val Loss 0.6805 | Val Micro f1 0.7312 | Val Macro f1 0.7103
Epoch 18 | Train Loss 0.6657 | Train Micro f1 0.8500 | Train Macro f1 0.8465 | Val Loss 0.6797 | Val Micro f1 0.7312 | Val Macro f1 0.7103
Epoch 19 | Train Loss 0.6725 | Train Micro f1 0.8250 | Train Macro f1 0.8195 | Val Loss 0.6788 | Val Micro f1 0.7250 | Val Macro f1 0.7025
Epoch 20 | Train Loss 0.6678 | Train Micro f1 0.7875 | Train Macro f1 0.7775 | Val Loss 0.6779 | Val Micro f1 0.7250 | Val Macro f1 0.7025
Epoch 21 | Train Loss 0.6647 | Train Micro f1 0.8125 | Train Macro f1 0.8057 | Val Loss 0.6769 | Val Micro f1 0.7250 | Val Macro f1 0.7025
Epoch 22 | Train Loss 0.6606 | Train Micro f1 0.8750 | Train Macro f1 0.8730 | Val Loss 0.6760 | Val Micro f1 0.7250 | Val Macro f1 0.7025
Epoch 23 | Train Loss 0.6611 | Train Micro f1 0.8375 | Train Macro f1 0.8331 | Val Loss 0.6750 | Val Micro f1 0.7188 | Val Macro f1 0.6946
Epoch 24 | Train Loss 0.6551 | Train Micro f1 0.9000 | Train Macro f1 0.8990 | Val Loss 0.6740 | Val Micro f1 0.7125 | Val Macro f1 0.6866
Epoch 25 | Train Loss 0.6563 | Train Micro f1 0.8250 | Train Macro f1 0.8195 | Val Loss 0.6729 | Val Micro f1 0.7125 | Val Macro f1 0.6866
Epoch 26 | Train Loss 0.6546 | Train Micro f1 0.8625 | Train Macro f1 0.8599 | Val Loss 0.6718 | Val Micro f1 0.7125 | Val Macro f1 0.6866
Epoch 27 | Train Loss 0.6514 | Train Micro f1 0.9000 | Train Macro f1 0.8990 | Val Loss 0.6707 | Val Micro f1 0.7125 | Val Macro f1 0.6866
Epoch 28 | Train Loss 0.6485 | Train Micro f1 0.8375 | Train Macro f1 0.8331 | Val Loss 0.6695 | Val Micro f1 0.7125 | Val Macro f1 0.6866
Epoch 29 | Train Loss 0.6458 | Train Micro f1 0.8750 | Train Macro f1 0.8730 | Val Loss 0.6684 | Val Micro f1 0.7125 | Val Macro f1 0.6866
Epoch 30 | Train Loss 0.6369 | Train Micro f1 0.9125 | Train Macro f1 0.9118 | Val Loss 0.6671 | Val Micro f1 0.7125 | Val Macro f1 0.6866
Epoch 31 | Train Loss 0.6475 | Train Micro f1 0.8250 | Train Macro f1 0.8195 | Val Loss 0.6659 | Val Micro f1 0.7125 | Val Macro f1 0.6866
Epoch 32 | Train Loss 0.6343 | Train Micro f1 0.8875 | Train Macro f1 0.8861 | Val Loss 0.6646 | Val Micro f1 0.7125 | Val Macro f1 0.6866
Epoch 33 | Train Loss 0.6408 | Train Micro f1 0.9125 | Train Macro f1 0.9118 | Val Loss 0.6632 | Val Micro f1 0.7125 | Val Macro f1 0.6866
Epoch 34 | Train Loss 0.6319 | Train Micro f1 0.9125 | Train Macro f1 0.9118 | Val Loss 0.6619 | Val Micro f1 0.7125 | Val Macro f1 0.6866
Epoch 35 | Train Loss 0.6168 | Train Micro f1 0.9500 | Train Macro f1 0.9499 | Val Loss 0.6604 | Val Micro f1 0.7188 | Val Macro f1 0.6946
Epoch 36 | Train Loss 0.6227 | Train Micro f1 0.9125 | Train Macro f1 0.9118 | Val Loss 0.6589 | Val Micro f1 0.7312 | Val Macro f1 0.7103
Epoch 37 | Train Loss 0.6303 | Train Micro f1 0.9000 | Train Macro f1 0.8990 | Val Loss 0.6574 | Val Micro f1 0.7375 | Val Macro f1 0.7181
Epoch 38 | Train Loss 0.6234 | Train Micro f1 0.9375 | Train Macro f1 0.9373 | Val Loss 0.6558 | Val Micro f1 0.7375 | Val Macro f1 0.7181
Epoch 39 | Train Loss 0.6137 | Train Micro f1 0.9250 | Train Macro f1 0.9246 | Val Loss 0.6542 | Val Micro f1 0.7438 | Val Macro f1 0.7257
Epoch 40 | Train Loss 0.6185 | Train Micro f1 0.9000 | Train Macro f1 0.8990 | Val Loss 0.6525 | Val Micro f1 0.7438 | Val Macro f1 0.7257
Epoch 41 | Train Loss 0.6091 | Train Micro f1 0.9625 | Train Macro f1 0.9624 | Val Loss 0.6508 | Val Micro f1 0.7438 | Val Macro f1 0.7257
Epoch 42 | Train Loss 0.6084 | Train Micro f1 0.9750 | Train Macro f1 0.9750 | Val Loss 0.6490 | Val Micro f1 0.7438 | Val Macro f1 0.7257
Epoch 43 | Train Loss 0.6013 | Train Micro f1 0.9625 | Train Macro f1 0.9624 | Val Loss 0.6472 | Val Micro f1 0.7438 | Val Macro f1 0.7257
Epoch 44 | Train Loss 0.6076 | Train Micro f1 1.0000 | Train Macro f1 1.0000 | Val Loss 0.6454 | Val Micro f1 0.7438 | Val Macro f1 0.7257
Epoch 45 | Train Loss 0.5981 | Train Micro f1 0.9375 | Train Macro f1 0.9373 | Val Loss 0.6435 | Val Micro f1 0.7438 | Val Macro f1 0.7257
Epoch 46 | Train Loss 0.6019 | Train Micro f1 1.0000 | Train Macro f1 1.0000 | Val Loss 0.6415 | Val Micro f1 0.7500 | Val Macro f1 0.7333
Epoch 47 | Train Loss 0.5840 | Train Micro f1 0.9875 | Train Macro f1 0.9875 | Val Loss 0.6396 | Val Micro f1 0.7562 | Val Macro f1 0.7409
Epoch 48 | Train Loss 0.5898 | Train Micro f1 1.0000 | Train Macro f1 1.0000 | Val Loss 0.6375 | Val Micro f1 0.7562 | Val Macro f1 0.7409
Epoch 49 | Train Loss 0.5875 | Train Micro f1 0.9750 | Train Macro f1 0.9750 | Val Loss 0.6354 | Val Micro f1 0.7625 | Val Macro f1 0.7483
Epoch 50 | Train Loss 0.5696 | Train Micro f1 0.9750 | Train Macro f1 0.9750 | Val Loss 0.6332 | Val Micro f1 0.7688 | Val Macro f1 0.7557
Epoch 51 | Train Loss 0.5618 | Train Micro f1 0.9875 | Train Macro f1 0.9875 | Val Loss 0.6309 | Val Micro f1 0.7812 | Val Macro f1 0.7703
Epoch 52 | Train Loss 0.5493 | Train Micro f1 1.0000 | Train Macro f1 1.0000 | Val Loss 0.6286 | Val Micro f1 0.7812 | Val Macro f1 0.7703
Epoch 53 | Train Loss 0.5819 | Train Micro f1 0.9875 | Train Macro f1 0.9875 | Val Loss 0.6262 | Val Micro f1 0.7812 | Val Macro f1 0.7703
Epoch 54 | Train Loss 0.5674 | Train Micro f1 1.0000 | Train Macro f1 1.0000 | Val Loss 0.6238 | Val Micro f1 0.7937 | Val Macro f1 0.7846
Epoch 55 | Train Loss 0.5683 | Train Micro f1 0.9875 | Train Macro f1 0.9875 | Val Loss 0.6214 | Val Micro f1 0.8062 | Val Macro f1 0.7987
Epoch 56 | Train Loss 0.5622 | Train Micro f1 0.9750 | Train Macro f1 0.9750 | Val Loss 0.6189 | Val Micro f1 0.8125 | Val Macro f1 0.8057
Epoch 57 | Train Loss 0.5736 | Train Micro f1 0.9875 | Train Macro f1 0.9875 | Val Loss 0.6164 | Val Micro f1 0.8187 | Val Macro f1 0.8126
Epoch 58 | Train Loss 0.5488 | Train Micro f1 0.9875 | Train Macro f1 0.9875 | Val Loss 0.6140 | Val Micro f1 0.8187 | Val Macro f1 0.8126
Epoch 59 | Train Loss 0.5538 | Train Micro f1 1.0000 | Train Macro f1 1.0000 | Val Loss 0.6116 | Val Micro f1 0.8187 | Val Macro f1 0.8126
Epoch 60 | Train Loss 0.5449 | Train Micro f1 1.0000 | Train Macro f1 1.0000 | Val Loss 0.6091 | Val Micro f1 0.8187 | Val Macro f1 0.8126
Epoch 61 | Train Loss 0.5532 | Train Micro f1 1.0000 | Train Macro f1 1.0000 | Val Loss 0.6066 | Val Micro f1 0.8187 | Val Macro f1 0.8126
Epoch 62 | Train Loss 0.5183 | Train Micro f1 1.0000 | Train Macro f1 1.0000 | Val Loss 0.6039 | Val Micro f1 0.8187 | Val Macro f1 0.8126
Epoch 63 | Train Loss 0.5294 | Train Micro f1 1.0000 | Train Macro f1 1.0000 | Val Loss 0.6011 | Val Micro f1 0.8250 | Val Macro f1 0.8195
Epoch 64 | Train Loss 0.5346 | Train Micro f1 1.0000 | Train Macro f1 1.0000 | Val Loss 0.5984 | Val Micro f1 0.8313 | Val Macro f1 0.8263
Epoch 65 | Train Loss 0.5045 | Train Micro f1 1.0000 | Train Macro f1 1.0000 | Val Loss 0.5957 | Val Micro f1 0.8313 | Val Macro f1 0.8263
Epoch 66 | Train Loss 0.4941 | Train Micro f1 1.0000 | Train Macro f1 1.0000 | Val Loss 0.5931 | Val Micro f1 0.8250 | Val Macro f1 0.8195
Epoch 67 | Train Loss 0.4850 | Train Micro f1 0.9875 | Train Macro f1 0.9875 | Val Loss 0.5904 | Val Micro f1 0.8250 | Val Macro f1 0.8195
Epoch 68 | Train Loss 0.5116 | Train Micro f1 1.0000 | Train Macro f1 1.0000 | Val Loss 0.5876 | Val Micro f1 0.8250 | Val Macro f1 0.8195
Epoch 69 | Train Loss 0.4626 | Train Micro f1 1.0000 | Train Macro f1 1.0000 | Val Loss 0.5849 | Val Micro f1 0.8250 | Val Macro f1 0.8195
Epoch 70 | Train Loss 0.4838 | Train Micro f1 1.0000 | Train Macro f1 1.0000 | Val Loss 0.5820 | Val Micro f1 0.8250 | Val Macro f1 0.8195
Epoch 71 | Train Loss 0.4839 | Train Micro f1 0.9875 | Train Macro f1 0.9875 | Val Loss 0.5791 | Val Micro f1 0.8250 | Val Macro f1 0.8195
Epoch 72 | Train Loss 0.4889 | Train Micro f1 1.0000 | Train Macro f1 1.0000 | Val Loss 0.5761 | Val Micro f1 0.8250 | Val Macro f1 0.8195
Epoch 73 | Train Loss 0.4530 | Train Micro f1 1.0000 | Train Macro f1 1.0000 | Val Loss 0.5732 | Val Micro f1 0.8250 | Val Macro f1 0.8195
Epoch 74 | Train Loss 0.4510 | Train Micro f1 1.0000 | Train Macro f1 1.0000 | Val Loss 0.5705 | Val Micro f1 0.8187 | Val Macro f1 0.8126
Epoch 75 | Train Loss 0.4537 | Train Micro f1 1.0000 | Train Macro f1 1.0000 | Val Loss 0.5677 | Val Micro f1 0.8187 | Val Macro f1 0.8126
Epoch 76 | Train Loss 0.4494 | Train Micro f1 1.0000 | Train Macro f1 1.0000 | Val Loss 0.5649 | Val Micro f1 0.8187 | Val Macro f1 0.8126
Epoch 77 | Train Loss 0.4527 | Train Micro f1 1.0000 | Train Macro f1 1.0000 | Val Loss 0.5618 | Val Micro f1 0.8187 | Val Macro f1 0.8126
Epoch 78 | Train Loss 0.4550 | Train Micro f1 1.0000 | Train Macro f1 1.0000 | Val Loss 0.5586 | Val Micro f1 0.8187 | Val Macro f1 0.8126
Epoch 79 | Train Loss 0.4477 | Train Micro f1 0.9875 | Train Macro f1 0.9875 | Val Loss 0.5553 | Val Micro f1 0.8250 | Val Macro f1 0.8195
Epoch 80 | Train Loss 0.4325 | Train Micro f1 1.0000 | Train Macro f1 1.0000 | Val Loss 0.5520 | Val Micro f1 0.8250 | Val Macro f1 0.8195
Epoch 81 | Train Loss 0.4265 | Train Micro f1 1.0000 | Train Macro f1 1.0000 | Val Loss 0.5485 | Val Micro f1 0.8250 | Val Macro f1 0.8195
Epoch 82 | Train Loss 0.3988 | Train Micro f1 1.0000 | Train Macro f1 1.0000 | Val Loss 0.5449 | Val Micro f1 0.8250 | Val Macro f1 0.8195
Epoch 83 | Train Loss 0.4077 | Train Micro f1 1.0000 | Train Macro f1 1.0000 | Val Loss 0.5414 | Val Micro f1 0.8313 | Val Macro f1 0.8263
Epoch 84 | Train Loss 0.3967 | Train Micro f1 1.0000 | Train Macro f1 1.0000 | Val Loss 0.5378 | Val Micro f1 0.8313 | Val Macro f1 0.8263
Epoch 85 | Train Loss 0.4040 | Train Micro f1 1.0000 | Train Macro f1 1.0000 | Val Loss 0.5344 | Val Micro f1 0.8313 | Val Macro f1 0.8263
Epoch 86 | Train Loss 0.3978 | Train Micro f1 1.0000 | Train Macro f1 1.0000 | Val Loss 0.5304 | Val Micro f1 0.8313 | Val Macro f1 0.8263
Epoch 87 | Train Loss 0.3984 | Train Micro f1 1.0000 | Train Macro f1 1.0000 | Val Loss 0.5261 | Val Micro f1 0.8375 | Val Macro f1 0.8331
Epoch 88 | Train Loss 0.3767 | Train Micro f1 1.0000 | Train Macro f1 1.0000 | Val Loss 0.5220 | Val Micro f1 0.8438 | Val Macro f1 0.8398
Epoch 89 | Train Loss 0.3385 | Train Micro f1 1.0000 | Train Macro f1 1.0000 | Val Loss 0.5178 | Val Micro f1 0.8500 | Val Macro f1 0.8465
Epoch 90 | Train Loss 0.3928 | Train Micro f1 1.0000 | Train Macro f1 1.0000 | Val Loss 0.5136 | Val Micro f1 0.8562 | Val Macro f1 0.8532
Epoch 91 | Train Loss 0.3965 | Train Micro f1 1.0000 | Train Macro f1 1.0000 | Val Loss 0.5091 | Val Micro f1 0.8625 | Val Macro f1 0.8599
Epoch 92 | Train Loss 0.3757 | Train Micro f1 1.0000 | Train Macro f1 1.0000 | Val Loss 0.5046 | Val Micro f1 0.8625 | Val Macro f1 0.8599
Epoch 93 | Train Loss 0.3096 | Train Micro f1 1.0000 | Train Macro f1 1.0000 | Val Loss 0.5005 | Val Micro f1 0.8625 | Val Macro f1 0.8599
Epoch 94 | Train Loss 0.3694 | Train Micro f1 1.0000 | Train Macro f1 1.0000 | Val Loss 0.4963 | Val Micro f1 0.8625 | Val Macro f1 0.8599
Epoch 95 | Train Loss 0.3545 | Train Micro f1 1.0000 | Train Macro f1 1.0000 | Val Loss 0.4921 | Val Micro f1 0.8625 | Val Macro f1 0.8599
Epoch 96 | Train Loss 0.3478 | Train Micro f1 1.0000 | Train Macro f1 1.0000 | Val Loss 0.4878 | Val Micro f1 0.8625 | Val Macro f1 0.8599
Epoch 97 | Train Loss 0.3210 | Train Micro f1 1.0000 | Train Macro f1 1.0000 | Val Loss 0.4834 | Val Micro f1 0.8625 | Val Macro f1 0.8599
Epoch 98 | Train Loss 0.3185 | Train Micro f1 1.0000 | Train Macro f1 1.0000 | Val Loss 0.4788 | Val Micro f1 0.8625 | Val Macro f1 0.8599
Epoch 99 | Train Loss 0.3125 | Train Micro f1 1.0000 | Train Macro f1 1.0000 | Val Loss 0.4743 | Val Micro f1 0.8625 | Val Macro f1 0.8599
Epoch 100 | Train Loss 0.3024 | Train Micro f1 1.0000 | Train Macro f1 1.0000 | Val Loss 0.4697 | Val Micro f1 0.8625 | Val Macro f1 0.8599
Epoch 101 | Train Loss 0.2914 | Train Micro f1 1.0000 | Train Macro f1 1.0000 | Val Loss 0.4654 | Val Micro f1 0.8688 | Val Macro f1 0.8664
Epoch 102 | Train Loss 0.3088 | Train Micro f1 1.0000 | Train Macro f1 1.0000 | Val Loss 0.4608 | Val Micro f1 0.8688 | Val Macro f1 0.8664
Epoch 103 | Train Loss 0.3735 | Train Micro f1 0.9875 | Train Macro f1 0.9875 | Val Loss 0.4561 | Val Micro f1 0.8750 | Val Macro f1 0.8730
Epoch 104 | Train Loss 0.2935 | Train Micro f1 1.0000 | Train Macro f1 1.0000 | Val Loss 0.4509 | Val Micro f1 0.8812 | Val Macro f1 0.8796
Epoch 105 | Train Loss 0.3100 | Train Micro f1 1.0000 | Train Macro f1 1.0000 | Val Loss 0.4458 | Val Micro f1 0.9000 | Val Macro f1 0.8990
Epoch 106 | Train Loss 0.2874 | Train Micro f1 1.0000 | Train Macro f1 1.0000 | Val Loss 0.4407 | Val Micro f1 0.9000 | Val Macro f1 0.8990
Epoch 107 | Train Loss 0.2856 | Train Micro f1 1.0000 | Train Macro f1 1.0000 | Val Loss 0.4358 | Val Micro f1 0.9000 | Val Macro f1 0.8990
Epoch 108 | Train Loss 0.2714 | Train Micro f1 1.0000 | Train Macro f1 1.0000 | Val Loss 0.4309 | Val Micro f1 0.9125 | Val Macro f1 0.9118
Epoch 109 | Train Loss 0.2957 | Train Micro f1 1.0000 | Train Macro f1 1.0000 | Val Loss 0.4260 | Val Micro f1 0.9125 | Val Macro f1 0.9118
Epoch 110 | Train Loss 0.2660 | Train Micro f1 1.0000 | Train Macro f1 1.0000 | Val Loss 0.4209 | Val Micro f1 0.9187 | Val Macro f1 0.9182
Epoch 111 | Train Loss 0.2243 | Train Micro f1 1.0000 | Train Macro f1 1.0000 | Val Loss 0.4159 | Val Micro f1 0.9250 | Val Macro f1 0.9246
Epoch 112 | Train Loss 0.2793 | Train Micro f1 1.0000 | Train Macro f1 1.0000 | Val Loss 0.4113 | Val Micro f1 0.9250 | Val Macro f1 0.9246
Epoch 113 | Train Loss 0.2389 | Train Micro f1 1.0000 | Train Macro f1 1.0000 | Val Loss 0.4067 | Val Micro f1 0.9313 | Val Macro f1 0.9309
Epoch 114 | Train Loss 0.2355 | Train Micro f1 1.0000 | Train Macro f1 1.0000 | Val Loss 0.4024 | Val Micro f1 0.9313 | Val Macro f1 0.9309
Epoch 115 | Train Loss 0.2335 | Train Micro f1 1.0000 | Train Macro f1 1.0000 | Val Loss 0.3980 | Val Micro f1 0.9375 | Val Macro f1 0.9373
Epoch 116 | Train Loss 0.2359 | Train Micro f1 1.0000 | Train Macro f1 1.0000 | Val Loss 0.3937 | Val Micro f1 0.9375 | Val Macro f1 0.9373
Epoch 117 | Train Loss 0.2102 | Train Micro f1 1.0000 | Train Macro f1 1.0000 | Val Loss 0.3898 | Val Micro f1 0.9375 | Val Macro f1 0.9373
Epoch 118 | Train Loss 0.1866 | Train Micro f1 1.0000 | Train Macro f1 1.0000 | Val Loss 0.3859 | Val Micro f1 0.9375 | Val Macro f1 0.9373
Epoch 119 | Train Loss 0.2207 | Train Micro f1 1.0000 | Train Macro f1 1.0000 | Val Loss 0.3822 | Val Micro f1 0.9375 | Val Macro f1 0.9373
Epoch 120 | Train Loss 0.2164 | Train Micro f1 1.0000 | Train Macro f1 1.0000 | Val Loss 0.3788 | Val Micro f1 0.9375 | Val Macro f1 0.9373
Epoch 121 | Train Loss 0.1595 | Train Micro f1 1.0000 | Train Macro f1 1.0000 | Val Loss 0.3756 | Val Micro f1 0.9375 | Val Macro f1 0.9373
Epoch 122 | Train Loss 0.1654 | Train Micro f1 1.0000 | Train Macro f1 1.0000 | Val Loss 0.3725 | Val Micro f1 0.9313 | Val Macro f1 0.9309
Epoch 123 | Train Loss 0.1657 | Train Micro f1 1.0000 | Train Macro f1 1.0000 | Val Loss 0.3693 | Val Micro f1 0.9313 | Val Macro f1 0.9309
Epoch 124 | Train Loss 0.1657 | Train Micro f1 1.0000 | Train Macro f1 1.0000 | Val Loss 0.3658 | Val Micro f1 0.9313 | Val Macro f1 0.9309
Epoch 125 | Train Loss 0.1998 | Train Micro f1 1.0000 | Train Macro f1 1.0000 | Val Loss 0.3625 | Val Micro f1 0.9313 | Val Macro f1 0.9309
Epoch 126 | Train Loss 0.1801 | Train Micro f1 1.0000 | Train Macro f1 1.0000 | Val Loss 0.3592 | Val Micro f1 0.9313 | Val Macro f1 0.9309
Epoch 127 | Train Loss 0.1642 | Train Micro f1 1.0000 | Train Macro f1 1.0000 | Val Loss 0.3560 | Val Micro f1 0.9313 | Val Macro f1 0.9309
Epoch 128 | Train Loss 0.1256 | Train Micro f1 1.0000 | Train Macro f1 1.0000 | Val Loss 0.3532 | Val Micro f1 0.9313 | Val Macro f1 0.9309
Epoch 129 | Train Loss 0.1804 | Train Micro f1 1.0000 | Train Macro f1 1.0000 | Val Loss 0.3500 | Val Micro f1 0.9313 | Val Macro f1 0.9309
Epoch 130 | Train Loss 0.1273 | Train Micro f1 1.0000 | Train Macro f1 1.0000 | Val Loss 0.3467 | Val Micro f1 0.9313 | Val Macro f1 0.9309
Epoch 131 | Train Loss 0.1655 | Train Micro f1 1.0000 | Train Macro f1 1.0000 | Val Loss 0.3434 | Val Micro f1 0.9313 | Val Macro f1 0.9309
Epoch 132 | Train Loss 0.1448 | Train Micro f1 1.0000 | Train Macro f1 1.0000 | Val Loss 0.3399 | Val Micro f1 0.9375 | Val Macro f1 0.9373
Epoch 133 | Train Loss 0.1615 | Train Micro f1 1.0000 | Train Macro f1 1.0000 | Val Loss 0.3363 | Val Micro f1 0.9375 | Val Macro f1 0.9373
Epoch 134 | Train Loss 0.1422 | Train Micro f1 1.0000 | Train Macro f1 1.0000 | Val Loss 0.3327 | Val Micro f1 0.9375 | Val Macro f1 0.9373
Epoch 135 | Train Loss 0.1627 | Train Micro f1 1.0000 | Train Macro f1 1.0000 | Val Loss 0.3294 | Val Micro f1 0.9375 | Val Macro f1 0.9373
Epoch 136 | Train Loss 0.1072 | Train Micro f1 1.0000 | Train Macro f1 1.0000 | Val Loss 0.3264 | Val Micro f1 0.9375 | Val Macro f1 0.9373
Epoch 137 | Train Loss 0.1192 | Train Micro f1 1.0000 | Train Macro f1 1.0000 | Val Loss 0.3235 | Val Micro f1 0.9375 | Val Macro f1 0.9373
Epoch 138 | Train Loss 0.1387 | Train Micro f1 1.0000 | Train Macro f1 1.0000 | Val Loss 0.3205 | Val Micro f1 0.9375 | Val Macro f1 0.9373
Epoch 139 | Train Loss 0.0944 | Train Micro f1 1.0000 | Train Macro f1 1.0000 | Val Loss 0.3178 | Val Micro f1 0.9375 | Val Macro f1 0.9373
Epoch 140 | Train Loss 0.1222 | Train Micro f1 1.0000 | Train Macro f1 1.0000 | Val Loss 0.3148 | Val Micro f1 0.9375 | Val Macro f1 0.9373
Epoch 141 | Train Loss 0.1305 | Train Micro f1 1.0000 | Train Macro f1 1.0000 | Val Loss 0.3120 | Val Micro f1 0.9375 | Val Macro f1 0.9373
Epoch 142 | Train Loss 0.1328 | Train Micro f1 1.0000 | Train Macro f1 1.0000 | Val Loss 0.3092 | Val Micro f1 0.9375 | Val Macro f1 0.9373
Epoch 143 | Train Loss 0.0939 | Train Micro f1 1.0000 | Train Macro f1 1.0000 | Val Loss 0.3065 | Val Micro f1 0.9375 | Val Macro f1 0.9373
Epoch 144 | Train Loss 0.1093 | Train Micro f1 1.0000 | Train Macro f1 1.0000 | Val Loss 0.3040 | Val Micro f1 0.9375 | Val Macro f1 0.9373
Epoch 145 | Train Loss 0.1241 | Train Micro f1 1.0000 | Train Macro f1 1.0000 | Val Loss 0.3014 | Val Micro f1 0.9375 | Val Macro f1 0.9373
Epoch 146 | Train Loss 0.1547 | Train Micro f1 1.0000 | Train Macro f1 1.0000 | Val Loss 0.2986 | Val Micro f1 0.9500 | Val Macro f1 0.9499
Epoch 147 | Train Loss 0.0808 | Train Micro f1 1.0000 | Train Macro f1 1.0000 | Val Loss 0.2959 | Val Micro f1 0.9500 | Val Macro f1 0.9499
Epoch 148 | Train Loss 0.0924 | Train Micro f1 1.0000 | Train Macro f1 1.0000 | Val Loss 0.2932 | Val Micro f1 0.9500 | Val Macro f1 0.9499
Epoch 149 | Train Loss 0.0887 | Train Micro f1 1.0000 | Train Macro f1 1.0000 | Val Loss 0.2906 | Val Micro f1 0.9563 | Val Macro f1 0.9562
Epoch 150 | Train Loss 0.0894 | Train Micro f1 1.0000 | Train Macro f1 1.0000 | Val Loss 0.2880 | Val Micro f1 0.9625 | Val Macro f1 0.9624
Epoch 151 | Train Loss 0.0911 | Train Micro f1 1.0000 | Train Macro f1 1.0000 | Val Loss 0.2855 | Val Micro f1 0.9625 | Val Macro f1 0.9624
Epoch 152 | Train Loss 0.1012 | Train Micro f1 1.0000 | Train Macro f1 1.0000 | Val Loss 0.2830 | Val Micro f1 0.9688 | Val Macro f1 0.9687
Epoch 153 | Train Loss 0.0732 | Train Micro f1 1.0000 | Train Macro f1 1.0000 | Val Loss 0.2805 | Val Micro f1 0.9750 | Val Macro f1 0.9750
Epoch 154 | Train Loss 0.1337 | Train Micro f1 1.0000 | Train Macro f1 1.0000 | Val Loss 0.2783 | Val Micro f1 0.9750 | Val Macro f1 0.9750
Epoch 155 | Train Loss 0.0746 | Train Micro f1 1.0000 | Train Macro f1 1.0000 | Val Loss 0.2762 | Val Micro f1 0.9750 | Val Macro f1 0.9750
Epoch 156 | Train Loss 0.1288 | Train Micro f1 1.0000 | Train Macro f1 1.0000 | Val Loss 0.2742 | Val Micro f1 0.9750 | Val Macro f1 0.9750
Epoch 157 | Train Loss 0.0726 | Train Micro f1 1.0000 | Train Macro f1 1.0000 | Val Loss 0.2722 | Val Micro f1 0.9750 | Val Macro f1 0.9750
Epoch 158 | Train Loss 0.0693 | Train Micro f1 1.0000 | Train Macro f1 1.0000 | Val Loss 0.2703 | Val Micro f1 0.9750 | Val Macro f1 0.9750
Epoch 159 | Train Loss 0.1092 | Train Micro f1 1.0000 | Train Macro f1 1.0000 | Val Loss 0.2684 | Val Micro f1 0.9750 | Val Macro f1 0.9750
Epoch 160 | Train Loss 0.0776 | Train Micro f1 1.0000 | Train Macro f1 1.0000 | Val Loss 0.2664 | Val Micro f1 0.9750 | Val Macro f1 0.9750
Epoch 161 | Train Loss 0.0949 | Train Micro f1 1.0000 | Train Macro f1 1.0000 | Val Loss 0.2645 | Val Micro f1 0.9750 | Val Macro f1 0.9750
Epoch 162 | Train Loss 0.0896 | Train Micro f1 1.0000 | Train Macro f1 1.0000 | Val Loss 0.2627 | Val Micro f1 0.9750 | Val Macro f1 0.9750
Epoch 163 | Train Loss 0.0584 | Train Micro f1 1.0000 | Train Macro f1 1.0000 | Val Loss 0.2609 | Val Micro f1 0.9750 | Val Macro f1 0.9750
Epoch 164 | Train Loss 0.0841 | Train Micro f1 1.0000 | Train Macro f1 1.0000 | Val Loss 0.2591 | Val Micro f1 0.9750 | Val Macro f1 0.9750
Epoch 165 | Train Loss 0.0746 | Train Micro f1 1.0000 | Train Macro f1 1.0000 | Val Loss 0.2573 | Val Micro f1 0.9750 | Val Macro f1 0.9750
Epoch 166 | Train Loss 0.0939 | Train Micro f1 1.0000 | Train Macro f1 1.0000 | Val Loss 0.2556 | Val Micro f1 0.9750 | Val Macro f1 0.9750
Epoch 167 | Train Loss 0.0473 | Train Micro f1 1.0000 | Train Macro f1 1.0000 | Val Loss 0.2540 | Val Micro f1 0.9750 | Val Macro f1 0.9750
Epoch 168 | Train Loss 0.0510 | Train Micro f1 1.0000 | Train Macro f1 1.0000 | Val Loss 0.2524 | Val Micro f1 0.9750 | Val Macro f1 0.9750
Epoch 169 | Train Loss 0.0661 | Train Micro f1 1.0000 | Train Macro f1 1.0000 | Val Loss 0.2509 | Val Micro f1 0.9750 | Val Macro f1 0.9750
Epoch 170 | Train Loss 0.0802 | Train Micro f1 1.0000 | Train Macro f1 1.0000 | Val Loss 0.2493 | Val Micro f1 0.9750 | Val Macro f1 0.9750
Epoch 171 | Train Loss 0.0439 | Train Micro f1 1.0000 | Train Macro f1 1.0000 | Val Loss 0.2478 | Val Micro f1 0.9750 | Val Macro f1 0.9750
Epoch 172 | Train Loss 0.0630 | Train Micro f1 1.0000 | Train Macro f1 1.0000 | Val Loss 0.2463 | Val Micro f1 0.9750 | Val Macro f1 0.9750
Epoch 173 | Train Loss 0.0639 | Train Micro f1 1.0000 | Train Macro f1 1.0000 | Val Loss 0.2448 | Val Micro f1 0.9750 | Val Macro f1 0.9750
Epoch 174 | Train Loss 0.0530 | Train Micro f1 1.0000 | Train Macro f1 1.0000 | Val Loss 0.2433 | Val Micro f1 0.9750 | Val Macro f1 0.9750
Epoch 175 | Train Loss 0.0653 | Train Micro f1 1.0000 | Train Macro f1 1.0000 | Val Loss 0.2418 | Val Micro f1 0.9750 | Val Macro f1 0.9750
Epoch 176 | Train Loss 0.0459 | Train Micro f1 1.0000 | Train Macro f1 1.0000 | Val Loss 0.2404 | Val Micro f1 0.9750 | Val Macro f1 0.9750
Epoch 177 | Train Loss 0.0524 | Train Micro f1 1.0000 | Train Macro f1 1.0000 | Val Loss 0.2391 | Val Micro f1 0.9750 | Val Macro f1 0.9750
Epoch 178 | Train Loss 0.0633 | Train Micro f1 1.0000 | Train Macro f1 1.0000 | Val Loss 0.2378 | Val Micro f1 0.9750 | Val Macro f1 0.9750
Epoch 179 | Train Loss 0.0438 | Train Micro f1 1.0000 | Train Macro f1 1.0000 | Val Loss 0.2366 | Val Micro f1 0.9750 | Val Macro f1 0.9750
Epoch 180 | Train Loss 0.0527 | Train Micro f1 1.0000 | Train Macro f1 1.0000 | Val Loss 0.2355 | Val Micro f1 0.9750 | Val Macro f1 0.9750
Epoch 181 | Train Loss 0.0707 | Train Micro f1 1.0000 | Train Macro f1 1.0000 | Val Loss 0.2343 | Val Micro f1 0.9750 | Val Macro f1 0.9750
Epoch 182 | Train Loss 0.0326 | Train Micro f1 1.0000 | Train Macro f1 1.0000 | Val Loss 0.2333 | Val Micro f1 0.9750 | Val Macro f1 0.9750
Epoch 183 | Train Loss 0.0481 | Train Micro f1 1.0000 | Train Macro f1 1.0000 | Val Loss 0.2322 | Val Micro f1 0.9750 | Val Macro f1 0.9750
Epoch 184 | Train Loss 0.0431 | Train Micro f1 1.0000 | Train Macro f1 1.0000 | Val Loss 0.2312 | Val Micro f1 0.9750 | Val Macro f1 0.9750
Epoch 185 | Train Loss 0.0445 | Train Micro f1 1.0000 | Train Macro f1 1.0000 | Val Loss 0.2304 | Val Micro f1 0.9750 | Val Macro f1 0.9750
Epoch 186 | Train Loss 0.0373 | Train Micro f1 1.0000 | Train Macro f1 1.0000 | Val Loss 0.2296 | Val Micro f1 0.9812 | Val Macro f1 0.9812
Epoch 187 | Train Loss 0.0467 | Train Micro f1 1.0000 | Train Macro f1 1.0000 | Val Loss 0.2288 | Val Micro f1 0.9812 | Val Macro f1 0.9812
Epoch 188 | Train Loss 0.0268 | Train Micro f1 1.0000 | Train Macro f1 1.0000 | Val Loss 0.2281 | Val Micro f1 0.9812 | Val Macro f1 0.9812
Epoch 189 | Train Loss 0.0441 | Train Micro f1 1.0000 | Train Macro f1 1.0000 | Val Loss 0.2274 | Val Micro f1 0.9812 | Val Macro f1 0.9812
Epoch 190 | Train Loss 0.0422 | Train Micro f1 1.0000 | Train Macro f1 1.0000 | Val Loss 0.2267 | Val Micro f1 0.9812 | Val Macro f1 0.9812
Epoch 191 | Train Loss 0.0453 | Train Micro f1 1.0000 | Train Macro f1 1.0000 | Val Loss 0.2259 | Val Micro f1 0.9812 | Val Macro f1 0.9812
Epoch 192 | Train Loss 0.0337 | Train Micro f1 1.0000 | Train Macro f1 1.0000 | Val Loss 0.2251 | Val Micro f1 0.9812 | Val Macro f1 0.9812
Epoch 193 | Train Loss 0.0304 | Train Micro f1 1.0000 | Train Macro f1 1.0000 | Val Loss 0.2244 | Val Micro f1 0.9812 | Val Macro f1 0.9812
Epoch 194 | Train Loss 0.0543 | Train Micro f1 1.0000 | Train Macro f1 1.0000 | Val Loss 0.2235 | Val Micro f1 0.9812 | Val Macro f1 0.9812
Epoch 195 | Train Loss 0.0265 | Train Micro f1 1.0000 | Train Macro f1 1.0000 | Val Loss 0.2225 | Val Micro f1 0.9812 | Val Macro f1 0.9812
Epoch 196 | Train Loss 0.0342 | Train Micro f1 1.0000 | Train Macro f1 1.0000 | Val Loss 0.2216 | Val Micro f1 0.9812 | Val Macro f1 0.9812
Epoch 197 | Train Loss 0.0299 | Train Micro f1 1.0000 | Train Macro f1 1.0000 | Val Loss 0.2209 | Val Micro f1 0.9812 | Val Macro f1 0.9812
Epoch 198 | Train Loss 0.0471 | Train Micro f1 1.0000 | Train Macro f1 1.0000 | Val Loss 0.2202 | Val Micro f1 0.9812 | Val Macro f1 0.9812
Epoch 199 | Train Loss 0.0449 | Train Micro f1 1.0000 | Train Macro f1 1.0000 | Val Loss 0.2194 | Val Micro f1 0.9812 | Val Macro f1 0.9812
Epoch 200 | Train Loss 0.0454 | Train Micro f1 1.0000 | Train Macro f1 1.0000 | Val Loss 0.2185 | Val Micro f1 0.9812 | Val Macro f1 0.9812
Test loss 0.1887 | Test Micro f1 0.9812 | Test Macro f1 0.9812